### 问题分类及解决方法

#### 80%的问题
**常见性能瓶颈：**
- CPU使用率高
- I/O负载高
- SQL查询慢

**解决问题 - CPU相关命令**
- `top`：显示系统中各个进程的资源占用情况。
- `mpstat`：报告每个CPU的统计信息。
- `pidstat`：监控指定进程的详细统计信息。
- `perf`：Linux性能分析工具，用于分析应用程序性能。

**解决问题 - I/O相关命令**
- `iostat`：报告CPU使用情况和磁盘I/O统计信息。
- `iotop`：实时显示每个进程的磁盘I/O使用情况。
- `pidstat`：监控指定进程的详细统计信息（包括I/O）。

**解决问题 - 数据库相关视图**
- 使用数据库自带的性能视图来监控和分析SQL执行情况。

**解决问题 - 执行计划**
```sql
EXPLAIN SELECT *
FROM users AS u1, messages AS m, users AS u2
WHERE u1.id = m.sender_id AND m.receiver_id = u2.id;
```
**执行计划结果：**
```plaintext
Hash Join (cost=540.00..439429.44 rows=10003825 width=27)
  Hash Cond: (m.receiver_id = u2.id)
  -> Hash Join (cost=270.00..301606.84 rows=10003825 width=23)
    Hash Cond: (m.sender_id = u1.id)
    -> Seq Scan on messages m (cost=0.00..163784.25 rows=10003825 width=19)
    -> Hash (cost=145.00..145.00 rows=10000 width=4)
      -> Seq Scan on users u1 (cost=0.00..145.00 rows=10000 width=4)
  -> Hash (cost=145.00..145.00 rows=10000 width=4)
    -> Seq Scan on users u2 (cost=0.00..145.00 rows=10000 width=4)
```

#### 10%的问题
**网络类问题**

1. **了解TCP原理**
   - 分析和定位网络问题的基本知识。

2. **抓包和Wireshark分析**
   - 使用`tcpdump`等工具进行抓包，并使用Wireshark进行分析。

3. **了解PG的前端协议**
   - 理解PostgreSQL客户端与服务器之间的通信协议。

**案例：网络延迟对插入性能的影响**
- **Ping延迟1ms**：1000条插入耗时4秒。
- **Ping延迟0.1ms**：1000条插入耗时500毫秒。

**结论及解法**
- 单行插入一条数据的网络消耗时间达到2毫秒，1000条插入语句在网络往返时间上会达到2秒。
- **建议**：使用批量插入方式，如`INSERT INTO table VALUES (), (), ()...`，以减少网络交互次数。

#### 10%的问题
**需要的技能**

1. **能够阅读内核代码**
   - 包括数据库内核代码。

2. **调试工具**
   - `gdb`, `pstack`, `systemtap`, `perf`等。

**案例：vacuum导致TPS抖动**
- **原因**：ClogControlLock的争抢是产生TPS抖动的原因。
- **解决方案**：调整clog buffer大小后，ClogControlLock的争抢明显降低。

**案例：内存异常增长**
- **现象**：一条插入语句使用了30多GB内存。
- **诊断步骤**：
  1. 使用`gdb -p pid`附加到进程。
  2. 运行`MemoryContextStats(TopMemoryContext)`查看内存使用情况。
  3. 发现`ExecutorState`过程下`ExprContext`占用了大量内存。
  4. 查看执行计划，发现是`hashagg`操作导致。
  5. 关闭`HashAggregate`后，内存使用明显降低。