                     ->  Sort  (cost=17132470.34..17382469.38 rows=99999616 width=8) (actual time=48233.801..59885.355 rows=100000000 loops=1)  
                           Output: h1.id, h1.c1  
                           Sort Key: h1.id  
                           Sort Method: external merge  Disk: 1761296kB  
                           Buffers: shared hit=442478, temp read=1003611 written=1005411  
                           ->  Seq Scan on public.h1  (cost=0.00..1442474.16 rows=99999616 width=8) (actual time=0.023..7868.700 rows=100000000 loops=1)  
                                 Output: h1.id, h1.c1  
                                 Buffers: shared hit=442478  
 Settings: effective_io_concurrency = '0', enable_hashjoin = 'off', hash_mem_multiplier = '4', max_parallel_workers_per_gather = '0', parallel_leader_participation = 'off', random_page_cost = '1.1'  
 Planning Time: 0.140 ms  
 JIT:  
   Functions: 8  
   Options: Inlining true, Optimization true, Expressions true, Deforming true  
   Timing: Generation 0.907 ms, Inlining 1.204 ms, Optimization 26.801 ms, Emission 13.643 ms, Total 42.555 ms  
 Execution Time: 177336.809 ms  
(38 rows)  
```  
```  
postgres=# set hash_mem_multiplier =1000;  
SET  
postgres=# set work_mem ='1GB';  
SET  
postgres=# explain (analyze,verbose,costs,settings,buffers,wal,timing,summary) select h1.*,h2.* from h1 join h2 using (id) order by h1.c1 limit 10;  
                                                                                            QUERY PLAN                                                                                              
--------------------------------------------------------------------------------------------------------------------------------------------------------------------------------------------------  
 Limit  (cost=20045855.83..20045855.85 rows=10 width=16) (actual time=130016.632..130016.638 rows=10 loops=1)  
   Output: h1.id, h1.c1, h2.id, h2.c1  
   Buffers: shared hit=884956  
   ->  Sort  (cost=20045855.83..20295854.87 rows=99999616 width=16) (actual time=129962.202..129962.206 rows=10 loops=1)  
         Output: h1.id, h1.c1, h2.id, h2.c1  
         Sort Key: h1.c1  
         Sort Method: top-N heapsort  Memory: 25kB  
         Buffers: shared hit=884956  
         ->  Hash Join  (cost=2692478.72..17884900.08 rows=99999616 width=16) (actual time=33299.411..116719.487 rows=100000000 loops=1)  
               Output: h1.id, h1.c1, h2.id, h2.c1  
               Hash Cond: (h1.id = h2.id)  
               Buffers: shared hit=884956  
               ->  Seq Scan on public.h1  (cost=0.00..1442474.16 rows=99999616 width=8) (actual time=0.021..7882.440 rows=100000000 loops=1)  
                     Output: h1.id, h1.c1  
                     Buffers: shared hit=442478  
               ->  Hash  (cost=1442478.32..1442478.32 rows=100000032 width=8) (actual time=33108.759..33108.761 rows=100000000 loops=1)  
                     Output: h2.id, h2.c1  
                     Buckets: 67108864  Batches: 1  Memory Usage: 4430538kB  
                     Buffers: shared hit=442478  
                     ->  Seq Scan on public.h2  (cost=0.00..1442478.32 rows=100000032 width=8) (actual time=0.020..7907.127 rows=100000000 loops=1)  
                           Output: h2.id, h2.c1  
                           Buffers: shared hit=442478  
 Settings: effective_io_concurrency = '0', hash_mem_multiplier = '1000', max_parallel_workers_per_gather = '0', parallel_leader_participation = 'off', random_page_cost = '1.1', work_mem = '1GB'  
 Planning Time: 0.107 ms  
 JIT:  
   Functions: 11  
   Options: Inlining true, Optimization true, Expressions true, Deforming true  
   Timing: Generation 1.165 ms, Inlining 1.883 ms, Optimization 34.664 ms, Emission 17.727 ms, Total 55.440 ms  
 Execution Time: 130283.451 ms  
(29 rows)  
```  
```  
postgres=# set enable_hashjoin =off;  
SET  
postgres=# explain (analyze,verbose,costs,settings,buffers,wal,timing,summary) select h1.*,h2.* from h1 join h2 using (id) order by h1.c1 limit 10;  
                                                                                                        QUERY PLAN                                                                                                   
-------------------------------------------------------------------------------------------------------------------------------------------------------------------------------------------------------------------  
--------  
 Limit  (cost=35472839.62..35472839.64 rows=10 width=16) (actual time=127914.644..127914.649 rows=10 loops=1)  
   Output: h1.id, h1.c1, h2.id, h2.c1  
   Buffers: shared hit=884956, temp read=440318 written=440330  
   ->  Sort  (cost=35472839.62..35722838.66 rows=99999616 width=16) (actual time=127872.769..127872.772 rows=10 loops=1)  
         Output: h1.id, h1.c1, h2.id, h2.c1  
         Sort Key: h1.c1  
         Sort Method: top-N heapsort  Memory: 25kB  
         Buffers: shared hit=884956, temp read=440318 written=440330  
         ->  Merge Join  (cost=31061890.43..33311883.87 rows=99999616 width=16) (actual time=49014.259..114693.678 rows=100000000 loops=1)  
               Output: h1.id, h1.c1, h2.id, h2.c1  
               Merge Cond: (h2.id = h1.id)  
               Buffers: shared hit=884956, temp read=440318 written=440330  
               ->  Sort  (cost=15530978.48..15780978.56 rows=100000032 width=8) (actual time=24661.868..36067.823 rows=100000000 loops=1)  
                     Output: h2.id, h2.c1  
                     Sort Key: h2.id  
                     Sort Method: external merge  Disk: 1761272kB  
                     Buffers: shared hit=442478, temp read=220159 written=220165  
                     ->  Seq Scan on public.h2  (cost=0.00..1442478.32 rows=100000032 width=8) (actual time=0.019..8156.558 rows=100000000 loops=1)  
                           Output: h2.id, h2.c1  
                           Buffers: shared hit=442478  
               ->  Materialize  (cost=15530911.94..16030910.02 rows=99999616 width=8) (actual time=24352.340..48904.934 rows=100000000 loops=1)  
                     Output: h1.id, h1.c1  
                     Buffers: shared hit=442478, temp read=220159 written=220165  
                     ->  Sort  (cost=15530911.94..15780910.98 rows=99999616 width=8) (actual time=24352.333..35562.757 rows=100000000 loops=1)  
                           Output: h1.id, h1.c1  
                           Sort Key: h1.id  
                           Sort Method: external merge  Disk: 1761272kB  
                           Buffers: shared hit=442478, temp read=220159 written=220165  
                           ->  Seq Scan on public.h1  (cost=0.00..1442474.16 rows=99999616 width=8) (actual time=0.018..8041.867 rows=100000000 loops=1)  
                                 Output: h1.id, h1.c1  
                                 Buffers: shared hit=442478  
 Settings: effective_io_concurrency = '0', enable_hashjoin = 'off', hash_mem_multiplier = '1000', max_parallel_workers_per_gather = '0', parallel_leader_participation = 'off', random_page_cost = '1.1', work_mem   
= '1GB'  
 Planning Time: 0.112 ms  
 JIT:  
   Functions: 8  
   Options: Inlining true, Optimization true, Expressions true, Deforming true  
   Timing: Generation 1.199 ms, Inlining 1.234 ms, Optimization 26.701 ms, Emission 13.793 ms, Total 42.927 ms  
 Execution Time: 128407.119 ms  
(38 rows)  
```  
#### [PostgreSQL 许愿链接](https://github.com/digoal/blog/issues/76 "269ac3d1c492e938c0191101c7238216")
您的愿望将传达给PG kernel hacker、数据库厂商等, 帮助提高数据库产品质量和功能, 说不定下一个PG版本就有您提出的功能点. 针对非常好的提议，奖励限量版PG文化衫、纪念品、贴纸、PG热门书籍等，奖品丰富，快来许愿。[开不开森](https://github.com/digoal/blog/issues/76 "269ac3d1c492e938c0191101c7238216").  
#### [9.9元购买3个月阿里云RDS PostgreSQL实例](https://www.aliyun.com/database/postgresqlactivity "57258f76c37864c6e6d23383d05714ea")
#### [PostgreSQL 解决方案集合](https://yq.aliyun.com/topic/118 "40cff096e9ed7122c512b35d8561d9c8")
#### [德哥 / digoal's github - 公益是一辈子的事.](https://github.com/digoal/blog/blob/master/README.md "22709685feb7cab07d30f30387f0a9ae")
![digoal's wechat](../pic/digoal_weixin.jpg "f7ad92eeba24523fd47a6e1a0e691b59")
#### [PolarDB 学习图谱: 训练营、培训认证、在线互动实验、解决方案、生态合作、写心得拿奖品](https://www.aliyun.com/database/openpolardb/activity "8642f60e04ed0c814bf9cb9677976bd4")
#### [购买PolarDB云服务折扣活动进行中, 55元起](https://www.aliyun.com/activity/new/polardb-yunparter?userCode=bsb3t4al "e0495c413bedacabb75ff1e880be465a")
#### [About 德哥](https://github.com/digoal/blog/blob/master/me/readme.md "a37735981e7704886ffd590565582dd0")