查看以上SQL运行的执行计划和耗时如下:  
```  
postgres=# explain analyze select uid from tbl_users where tags like '%,2,%';  
                                                    QUERY PLAN  
-------------------------------------------------------------------------------------------------------------------  
 Seq Scan on tbl_users  (cost=0.00..103268.00 rows=80808 width=4) (actual time=0.018..1108.805 rows=77454 loops=1)  
   Filter: (tags ~~ '%,2,%'::text)  
   Rows Removed by Filter: 922546  
 Planning Time: 1.095 ms  
 Execution Time: 1110.267 ms  
(5 rows)  
postgres=# explain analyze select uid from tbl_users where tags like '%,2,%' or tags like '%,8,%';  
                                                     QUERY PLAN  
---------------------------------------------------------------------------------------------------------------------  
 Seq Scan on tbl_users  (cost=0.00..105768.00 rows=127232 width=4) (actual time=0.029..2001.379 rows=149132 loops=1)  
   Filter: ((tags ~~ '%,2,%'::text) OR (tags ~~ '%,8,%'::text))  
   Rows Removed by Filter: 850868  
 Planning Time: 1.209 ms  
 Execution Time: 2004.062 ms  
(5 rows)  
postgres=# explain analyze select uid from tbl_users where tags like '%,2,%' or tags like '%,2696,%';  
                                                    QUERY PLAN  
-------------------------------------------------------------------------------------------------------------------  
 Seq Scan on tbl_users  (cost=0.00..105768.00 rows=90093 width=4) (actual time=0.035..2058.797 rows=90084 loops=1)  
   Filter: ((tags ~~ '%,2,%'::text) OR (tags ~~ '%,2696,%'::text))  
   Rows Removed by Filter: 909916  
 Planning Time: 1.190 ms  
 Execution Time: 2060.434 ms  
(5 rows)  
postgres=# explain analyze select uid from tbl_users where tags like '%,2,%' or tags like '%,4356,%' or tags like '%,5064,%' or tags like '%,5711,%' or tags like '%,7363,%' or tags like '%,9417,%' or tags like '%,9444,%' ;  
                                                                                                       QUERY PLAN  
-------------------------------------------------------------------------------------------------------------------------------------------------------------------------------------------------------------------------  
 Seq Scan on tbl_users  (cost=0.00..118268.00 rows=135482 width=4) (actual time=0.024..6765.315 rows=150218 loops=1)  
   Filter: ((tags ~~ '%,2,%'::text) OR (tags ~~ '%,4356,%'::text) OR (tags ~~ '%,5064,%'::text) OR (tags ~~ '%,5711,%'::text) OR (tags ~~ '%,7363,%'::text) OR (tags ~~ '%,9417,%'::text) OR (tags ~~ '%,9444,%'::text))  
   Rows Removed by Filter: 849782  
 Planning Time: 4.344 ms  
 Execution Time: 6767.990 ms  
(5 rows)  
postgres=#  explain analyze select uid from tbl_users where tags like '%,4356,%' or tags like '%,5064,%' or tags like '%,5711,%' or tags like '%,7363,%' or tags like '%,9417,%' or tags like '%,9444,%' ;  
                                                                                          QUERY PLAN  
----------------------------------------------------------------------------------------------------------------------------------------------------------------------------------------------  
 Seq Scan on tbl_users  (cost=0.00..115768.00 rows=59480 width=4) (actual time=0.112..6206.775 rows=78827 loops=1)  
   Filter: ((tags ~~ '%,4356,%'::text) OR (tags ~~ '%,5064,%'::text) OR (tags ~~ '%,5711,%'::text) OR (tags ~~ '%,7363,%'::text) OR (tags ~~ '%,9417,%'::text) OR (tags ~~ '%,9444,%'::text))  
   Rows Removed by Filter: 921173  
 Planning Time: 4.223 ms  
 Execution Time: 6208.191 ms  
(5 rows)  
```  
#### PolarDB|PG新方法1 设计和实验  
第一种方法没有用到任何的索引, 每次请求都要扫描用户画像表的所有记录, 计算每一个LIKE的算子, 性能比较差.  
为了提升查询性能, 我们可以使用gin索引和pg_trgm插件, 支持字符串内的模糊查询索引加速.  
复用方法1的数据, 创建gin索引, 支持索引加速模糊查询.  
```  
create extension pg_trgm;  
create index on tbl_users using gin (tags gin_trgm_ops);  
```  
使用索引后, 查看执行计划和耗时如下:  
```  
postgres=# explain analyze select uid from tbl_users where tags like '%,2,%';  
                                                              QUERY PLAN  
---------------------------------------------------------------------------------------------------------------------------------------  
 Bitmap Heap Scan on tbl_users  (cost=555.93..58686.88 rows=80808 width=4) (actual time=30.315..76.314 rows=77454 loops=1)  
   Recheck Cond: (tags ~~ '%,2,%'::text)  
   Heap Blocks: exact=53210  
   ->  Bitmap Index Scan on tbl_users_tags_idx  (cost=0.00..535.73 rows=80808 width=0) (actual time=22.967..22.967 rows=77454 loops=1)  
         Index Cond: (tags ~~ '%,2,%'::text)  
 Planning Time: 0.991 ms  
 Execution Time: 78.163 ms  
(7 rows)  
postgres=# explain analyze select uid from tbl_users where tags like '%,2,%' or tags like '%,8,%';  
                                                                 QUERY PLAN  
---------------------------------------------------------------------------------------------------------------------------------------------  
 Bitmap Heap Scan on tbl_users  (cost=983.56..87215.27 rows=127232 width=4) (actual time=48.651..811.842 rows=149132 loops=1)  
   Recheck Cond: ((tags ~~ '%,2,%'::text) OR (tags ~~ '%,8,%'::text))  
   Rows Removed by Index Recheck: 299658  
   Heap Blocks: exact=41915 lossy=33158  
   ->  BitmapOr  (cost=983.56..983.56 rows=131313 width=0) (actual time=43.554..43.554 rows=0 loops=1)  
         ->  Bitmap Index Scan on tbl_users_tags_idx  (cost=0.00..535.73 rows=80808 width=0) (actual time=24.923..24.923 rows=77454 loops=1)  
               Index Cond: (tags ~~ '%,2,%'::text)  
         ->  Bitmap Index Scan on tbl_users_tags_idx  (cost=0.00..384.22 rows=50505 width=0) (actual time=18.629..18.629 rows=77054 loops=1)  
               Index Cond: (tags ~~ '%,8,%'::text)  
 Planning Time: 1.496 ms  
 Execution Time: 814.748 ms  
(11 rows)  
postgres=# explain analyze select uid from tbl_users where tags like '%,2,%' or tags like '%,2696,%';  
                                                                 QUERY PLAN  
---------------------------------------------------------------------------------------------------------------------------------------------  
 Bitmap Heap Scan on tbl_users  (cost=958.67..64006.30 rows=90093 width=4) (actual time=75.859..900.779 rows=90084 loops=1)  
   Recheck Cond: ((tags ~~ '%,2,%'::text) OR (tags ~~ '%,2696,%'::text))  
   Rows Removed by Index Recheck: 348263  
   Heap Blocks: exact=39411 lossy=33155  
   ->  BitmapOr  (cost=958.67..958.67 rows=90909 width=0) (actual time=71.980..71.981 rows=0 loops=1)  
         ->  Bitmap Index Scan on tbl_users_tags_idx  (cost=0.00..535.73 rows=80808 width=0) (actual time=26.486..26.487 rows=77454 loops=1)  
               Index Cond: (tags ~~ '%,2,%'::text)  
         ->  Bitmap Index Scan on tbl_users_tags_idx  (cost=0.00..377.89 rows=10101 width=0) (actual time=45.492..45.492 rows=62326 loops=1)  
               Index Cond: (tags ~~ '%,2696,%'::text)  
 Planning Time: 1.479 ms  
 Execution Time: 902.637 ms  
(11 rows)  
postgres=# explain analyze select uid from tbl_users where tags like '%,2,%' or tags like '%,4356,%' or tags like '%,5064,%' or tags like '%,5711,%' or tags like '%,7363,%' or tags like '%,9417,%' or tags like '%,9444,%' ;  
                                                                                                          QUERY PLAN  
-------------------------------------------------------------------------------------------------------------------------------------------------------------------------------------------------------------------------------  
 Bitmap Heap Scan on tbl_users  (cost=3041.18..100880.75 rows=135482 width=4) (actual time=210.772..4047.148 rows=150218 loops=1)  
   Recheck Cond: ((tags ~~ '%,2,%'::text) OR (tags ~~ '%,4356,%'::text) OR (tags ~~ '%,5064,%'::text) OR (tags ~~ '%,5711,%'::text) OR (tags ~~ '%,7363,%'::text) OR (tags ~~ '%,9417,%'::text) OR (tags ~~ '%,9444,%'::text))  
   Rows Removed by Index Recheck: 422706  
   Heap Blocks: exact=56868 lossy=33226  
   ->  BitmapOr  (cost=3041.18..3041.18 rows=141614 width=0) (actual time=205.898..205.899 rows=0 loops=1)  
         ->  Bitmap Index Scan on tbl_users_tags_idx  (cost=0.00..535.73 rows=80808 width=0) (actual time=24.656..24.656 rows=77454 loops=1)  
               Index Cond: (tags ~~ '%,2,%'::text)  
         ->  Bitmap Index Scan on tbl_users_tags_idx  (cost=0.00..428.40 rows=20202 width=0) (actual time=45.014..45.014 rows=62615 loops=1)  
               Index Cond: (tags ~~ '%,4356,%'::text)  
         ->  Bitmap Index Scan on tbl_users_tags_idx  (cost=0.00..377.89 rows=10101 width=0) (actual time=22.680..22.680 rows=39025 loops=1)  
               Index Cond: (tags ~~ '%,5064,%'::text)  
         ->  Bitmap Index Scan on tbl_users_tags_idx  (cost=0.00..428.40 rows=20202 width=0) (actual time=28.809..28.809 rows=62697 loops=1)  
               Index Cond: (tags ~~ '%,5711,%'::text)  
         ->  Bitmap Index Scan on tbl_users_tags_idx  (cost=0.00..377.89 rows=10101 width=0) (actual time=28.646..28.646 rows=62647 loops=1)  
               Index Cond: (tags ~~ '%,7363,%'::text)  
         ->  Bitmap Index Scan on tbl_users_tags_idx  (cost=0.00..327.89 rows=100 width=0) (actual time=28.361..28.361 rows=62172 loops=1)  
               Index Cond: (tags ~~ '%,9417,%'::text)  
         ->  Bitmap Index Scan on tbl_users_tags_idx  (cost=0.00..327.89 rows=100 width=0) (actual time=27.729..27.730 rows=62821 loops=1)  
               Index Cond: (tags ~~ '%,9444,%'::text)  
 Planning Time: 4.517 ms  
 Execution Time: 4050.040 ms  
(21 rows)  
postgres=#  explain analyze select uid from tbl_users where tags like '%,4356,%' or tags like '%,5064,%' or tags like '%,5711,%' or tags like '%,7363,%' or tags like '%,9417,%' or tags like '%,9444,%' ;  
                                                                                             QUERY PLAN  
----------------------------------------------------------------------------------------------------------------------------------------------------------------------------------------------------  
 Bitmap Heap Scan on tbl_users  (cost=2357.58..50755.97 rows=59480 width=4) (actual time=209.115..3689.534 rows=78827 loops=1)  
   Recheck Cond: ((tags ~~ '%,4356,%'::text) OR (tags ~~ '%,5064,%'::text) OR (tags ~~ '%,5711,%'::text) OR (tags ~~ '%,7363,%'::text) OR (tags ~~ '%,9417,%'::text) OR (tags ~~ '%,9444,%'::text))  
   Rows Removed by Index Recheck: 455241  
   Heap Blocks: exact=55903 lossy=33218  
   ->  BitmapOr  (cost=2357.58..2357.58 rows=60806 width=0) (actual time=204.235..204.236 rows=0 loops=1)  
         ->  Bitmap Index Scan on tbl_users_tags_idx  (cost=0.00..428.40 rows=20202 width=0) (actual time=57.485..57.485 rows=62615 loops=1)  
               Index Cond: (tags ~~ '%,4356,%'::text)  