                     Worker 5: actual time=0.017..98.948 rows=1 loops=1  
                       Buffers: shared hit=5608  
                     Worker 6: actual time=98.936..98.936 rows=0 loops=1  
                       Buffers: shared hit=5643  
                     Worker 7: actual time=98.936..98.936 rows=0 loops=1  
                       Buffers: shared hit=5624  
               ->  Parallel Seq Scan on public.c4  (cost=0.00..69680.27 rows=1 width=0) (actual time=86.621..97.446 rows=0 loops=9)  
                     Filter: (c4.id = 2)  
                     Rows Removed by Filter: 1111111  
                     Buffers: shared hit=54055  
                     Worker 0: actual time=97.448..97.448 rows=0 loops=1  
                       Buffers: shared hit=5808  
                     Worker 1: actual time=97.447..97.447 rows=0 loops=1  
                       Buffers: shared hit=5824  
                     Worker 2: actual time=97.435..97.435 rows=0 loops=1  
                       Buffers: shared hit=5819  
                     Worker 3: actual time=97.455..97.455 rows=0 loops=1  
                       Buffers: shared hit=5825  
                     Worker 4: actual time=0.012..97.443 rows=1 loops=1  
                       Buffers: shared hit=5870  
                     Worker 5: actual time=97.439..97.439 rows=0 loops=1  
                       Buffers: shared hit=5733  
                     Worker 6: actual time=97.460..97.460 rows=0 loops=1  
                       Buffers: shared hit=5793  
                     Worker 7: actual time=97.443..97.443 rows=0 loops=1  
                       Buffers: shared hit=5762  
 Planning time: 0.140 ms  
 Execution time: 421.076 ms  
(117 rows)  
扫描p, c1, c2, c3, c4是串行的。耗时几乎是累加的。  
同时也可以看到，每个表扫描都启动了新的worker。  
```  
11、测试开启append parallel  
```  
postgres=# set enable_parallelappend =on;  
SET  
postgres=# alter table p set (parallel_workers = 40);  
ALTER TABLE  
postgres=# explain (analyze,verbose,timing,costs,buffers) select count(*) from p where id=2;  
                                                              QUERY PLAN                                                                
--------------------------------------------------------------------------------------------------------------------------------------  
 Aggregate  (cost=278720.12..278720.13 rows=1 width=8) (actual time=128.447..128.447 rows=1 loops=1)  
   Output: count(*)  
   Buffers: shared hit=9780  
   ->  Gather  (cost=0.00..278720.11 rows=5 width=0) (actual time=0.914..128.438 rows=4 loops=1)  
         Workers Planned: 41  
         Workers Launched: 41  
         Buffers: shared hit=9780  
         ->  Parallel Append  (cost=0.00..278720.11 rows=5 width=0) (actual time=107.692..119.530 rows=0 loops=42)  
               Buffers: shared hit=216220  
               Worker 0: actual time=113.650..113.650 rows=0 loops=1  
                 Buffers: shared hit=3363  
               Worker 1: actual time=114.238..114.238 rows=0 loops=1  
                 Buffers: shared hit=3329  
               Worker 2: actual time=114.214..114.214 rows=0 loops=1  
                 Buffers: shared hit=3333  
               Worker 3: actual time=114.887..114.887 rows=0 loops=1  
                 Buffers: shared hit=3370  
               Worker 4: actual time=115.038..115.038 rows=0 loops=1  
                 Buffers: shared hit=3365  
               Worker 5: actual time=115.084..115.084 rows=0 loops=1  
                 Buffers: shared hit=3389  
               Worker 6: actual time=115.720..115.720 rows=0 loops=1  
                 Buffers: shared hit=3370  
               Worker 7: actual time=115.830..115.830 rows=0 loops=1  
                 Buffers: shared hit=3358  
               Worker 8: actual time=116.457..116.457 rows=0 loops=1  
                 Buffers: shared hit=3430  
               Worker 9: actual time=116.760..116.760 rows=0 loops=1  
                 Buffers: shared hit=3423  
               Worker 10: actual time=116.541..116.541 rows=0 loops=1  
                 Buffers: shared hit=6129  
               Worker 11: actual time=117.355..117.355 rows=0 loops=1  
                 Buffers: shared hit=3447  
               Worker 12: actual time=117.767..117.767 rows=0 loops=1  
                 Buffers: shared hit=6295  
               Worker 13: actual time=118.195..118.195 rows=0 loops=1  
                 Buffers: shared hit=6382  
               Worker 14: actual time=118.150..118.150 rows=0 loops=1  
                 Buffers: shared hit=6194  
               Worker 15: actual time=118.468..118.468 rows=0 loops=1  
                 Buffers: shared hit=6250  
               Worker 16: actual time=119.035..119.035 rows=0 loops=1  
                 Buffers: shared hit=6337  
               Worker 17: actual time=119.092..119.092 rows=0 loops=1  
                 Buffers: shared hit=6472  
               Worker 18: actual time=119.077..119.077 rows=0 loops=1  
                 Buffers: shared hit=6293  
               Worker 19: actual time=119.361..119.361 rows=0 loops=1  
                 Buffers: shared hit=6557  
               Worker 20: actual time=119.519..119.519 rows=0 loops=1  
                 Buffers: shared hit=6446  
               Worker 21: actual time=119.782..119.782 rows=0 loops=1  
                 Buffers: shared hit=6465  
               Worker 22: actual time=120.339..120.339 rows=0 loops=1  
                 Buffers: shared hit=6575  
               Worker 23: actual time=120.350..120.350 rows=0 loops=1  
                 Buffers: shared hit=6596  
               Worker 24: actual time=120.436..120.436 rows=0 loops=1  
                 Buffers: shared hit=6593  
               Worker 25: actual time=121.735..121.735 rows=0 loops=1  
                 Buffers: shared hit=6606  
               Worker 26: actual time=120.821..120.821 rows=0 loops=1  
                 Buffers: shared hit=6607  
               Worker 27: actual time=122.161..122.161 rows=0 loops=1  
                 Buffers: shared hit=6585  
               Worker 28: actual time=121.265..121.265 rows=0 loops=1  
                 Buffers: shared hit=6695  
               Worker 29: actual time=121.616..121.616 rows=0 loops=1  
                 Buffers: shared hit=6703  
               Worker 30: actual time=121.919..121.919 rows=0 loops=1  
                 Buffers: shared hit=3630  
               Worker 31: actual time=121.914..121.914 rows=0 loops=1  
                 Buffers: shared hit=6590  
               Worker 32: actual time=122.310..122.310 rows=0 loops=1  
                 Buffers: shared hit=3714  
               Worker 33: actual time=122.471..122.471 rows=0 loops=1  
                 Buffers: shared hit=6652  
               Worker 34: actual time=122.684..122.684 rows=0 loops=1  
                 Buffers: shared hit=3699  
               Worker 35: actual time=122.737..122.737 rows=0 loops=1  
                 Buffers: shared hit=3744  
               Worker 36: actual time=122.884..122.884 rows=0 loops=1  
                 Buffers: shared hit=3678  
               Worker 37: actual time=123.155..123.155 rows=0 loops=1  
                 Buffers: shared hit=3740  
               Worker 38: actual time=0.014..123.474 rows=1 loops=1  
                 Buffers: shared hit=3647  
               Worker 39: actual time=0.015..123.662 rows=1 loops=1  
                 Buffers: shared hit=3693  
               Worker 40: actual time=0.019..123.742 rows=1 loops=1  
                 Buffers: shared hit=3696  
               ->  Parallel Seq Scan on public.p  (cost=0.00..0.00 rows=1 width=0) (actual time=0.001..0.001 rows=0 loops=1)  
                     Filter: (p.id = 2)  
                     Worker 40: actual time=0.001..0.001 rows=0 loops=1  
               ->  Parallel Seq Scan on public.c1  (cost=0.00..69680.27 rows=1 width=0) (actual time=85.131..93.695 rows=0 loops=14)  
                     Filter: (c1.id = 2)  
                     Rows Removed by Filter: 714286  
                     Buffers: shared hit=54055  
                     Worker 0: actual time=110.100..110.100 rows=0 loops=1  
                       Buffers: shared hit=3260  
                     Worker 4: actual time=111.267..111.267 rows=0 loops=1  
                       Buffers: shared hit=3272  
                     Worker 8: actual time=112.661..112.661 rows=0 loops=1  
                       Buffers: shared hit=3333  
                     Worker 9: actual time=13.433..13.433 rows=0 loops=1  
                       Buffers: shared hit=419  
                     Worker 12: actual time=114.096..114.096 rows=0 loops=1  
                       Buffers: shared hit=6118  
                     Worker 16: actual time=115.113..115.113 rows=0 loops=1  
                       Buffers: shared hit=6166  
                     Worker 17: actual time=13.448..13.448 rows=0 loops=1  
                       Buffers: shared hit=770  
                     Worker 20: actual time=115.961..115.961 rows=0 loops=1  
                       Buffers: shared hit=6281  
                     Worker 24: actual time=116.868..116.868 rows=0 loops=1  
                       Buffers: shared hit=6417  
                     Worker 28: actual time=117.509..117.509 rows=0 loops=1  
                       Buffers: shared hit=6525  
                     Worker 32: actual time=118.585..118.585 rows=0 loops=1  
                       Buffers: shared hit=3617  
                     Worker 33: actual time=13.446..13.446 rows=0 loops=1  
                       Buffers: shared hit=699  
                     Worker 36: actual time=119.327..119.327 rows=0 loops=1  
                       Buffers: shared hit=3579  
                     Worker 40: actual time=0.017..119.913 rows=1 loops=1  
                       Buffers: shared hit=3599  
               ->  Parallel Seq Scan on public.c2  (cost=0.00..69679.78 rows=1 width=0) (actual time=29.164..32.100 rows=0 loops=42)  
                     Filter: (c2.id = 2)  
                     Rows Removed by Filter: 238095  
                     Buffers: shared hit=54055  
                     Worker 0: actual time=2.855..2.855 rows=0 loops=1  
                       Buffers: shared hit=83  
                     Worker 1: actual time=2.909..2.909 rows=0 loops=1  
                       Buffers: shared hit=88  
                     Worker 2: actual time=2.880..2.880 rows=0 loops=1  
                       Buffers: shared hit=91  
                     Worker 3: actual time=114.623..114.623 rows=0 loops=1  
                       Buffers: shared hit=3370  
                     Worker 4: actual time=3.567..3.567 rows=0 loops=1  
                       Buffers: shared hit=93  
                     Worker 5: actual time=2.890..2.890 rows=0 loops=1  
                       Buffers: shared hit=89  
                     Worker 6: actual time=2.893..2.893 rows=0 loops=1  
                       Buffers: shared hit=89  
                     Worker 7: actual time=115.735..115.735 rows=0 loops=1  
                       Buffers: shared hit=3358  
                     Worker 8: actual time=2.921..2.921 rows=0 loops=1  
                       Buffers: shared hit=78  
                     Worker 9: actual time=2.937..2.937 rows=0 loops=1  
                       Buffers: shared hit=80  
                     Worker 10: actual time=2.873..2.873 rows=0 loops=1  
                       Buffers: shared hit=160  
                     Worker 11: actual time=117.272..117.272 rows=0 loops=1  
                       Buffers: shared hit=3447  
                     Worker 12: actual time=2.865..2.865 rows=0 loops=1  
                       Buffers: shared hit=143  
                     Worker 13: actual time=17.020..17.020 rows=0 loops=1  
                       Buffers: shared hit=916  
                     Worker 14: actual time=2.850..2.850 rows=0 loops=1  
                       Buffers: shared hit=160  
                     Worker 15: actual time=118.347..118.347 rows=0 loops=1  
                       Buffers: shared hit=6250  
                     Worker 16: actual time=2.924..2.924 rows=0 loops=1  
                       Buffers: shared hit=137  
                     Worker 17: actual time=3.566..3.566 rows=0 loops=1  
                       Buffers: shared hit=174  
                     Worker 18: actual time=2.888..2.888 rows=0 loops=1  
                       Buffers: shared hit=122  
                     Worker 19: actual time=119.352..119.352 rows=0 loops=1  
                       Buffers: shared hit=6557  
                     Worker 20: actual time=3.553..3.553 rows=0 loops=1  
                       Buffers: shared hit=165  
                     Worker 21: actual time=17.010..17.010 rows=0 loops=1  
                       Buffers: shared hit=927  
                     Worker 22: actual time=2.851..2.851 rows=0 loops=1  
                       Buffers: shared hit=167  
                     Worker 23: actual time=120.346..120.346 rows=0 loops=1  
                       Buffers: shared hit=6596  
                     Worker 24: actual time=3.563..3.563 rows=0 loops=1  
                       Buffers: shared hit=176  