                                       Index Cond: (info % '懛瑌娺罊鹜凳芹绱茙蠡㥪礛唾霹跷憙胣缃犭昉斗蒽曲牵痈嚒巈茑焳邹祧鵅莥钶们鼗楝𫝩眦条弘娸霵镯钻夊涨鮗傞屽嶋莁艳舸鮉蟙材骘媨迁'::text)    
                           ->  Parallel Bitmap Heap Scan on tbl25  (cost=554.09..15935.51 rows=1953 width=200)    
                                 Recheck Cond: (info % '懛瑌娺罊鹜凳芹绱茙蠡㥪礛唾霹跷憙胣缃犭昉斗蒽曲牵痈嚒巈茑焳邹祧鵅莥钶们鼗楝𫝩眦条弘娸霵镯钻夊涨鮗傞屽嶋莁艳舸鮉蟙材骘媨迁'::text)    
                                 ->  Bitmap Index Scan on idx_tbl25_info  (cost=0.00..550.19 rows=15625 width=0)    
                                       Index Cond: (info % '懛瑌娺罊鹜凳芹绱茙蠡㥪礛唾霹跷憙胣缃犭昉斗蒽曲牵痈嚒巈茑焳邹祧鵅莥钶们鼗楝𫝩眦条弘娸霵镯钻夊涨鮗傞屽嶋莁艳舸鮉蟙材骘媨迁'::text)    
                           ->  Parallel Bitmap Heap Scan on tbl26  (cost=554.09..15935.51 rows=1953 width=200)    
                                 Recheck Cond: (info % '懛瑌娺罊鹜凳芹绱茙蠡㥪礛唾霹跷憙胣缃犭昉斗蒽曲牵痈嚒巈茑焳邹祧鵅莥钶们鼗楝𫝩眦条弘娸霵镯钻夊涨鮗傞屽嶋莁艳舸鮉蟙材骘媨迁'::text)    
                                 ->  Bitmap Index Scan on idx_tbl26_info  (cost=0.00..550.19 rows=15625 width=0)    
                                       Index Cond: (info % '懛瑌娺罊鹜凳芹绱茙蠡㥪礛唾霹跷憙胣缃犭昉斗蒽曲牵痈嚒巈茑焳邹祧鵅莥钶们鼗楝𫝩眦条弘娸霵镯钻夊涨鮗傞屽嶋莁艳舸鮉蟙材骘媨迁'::text)    
                           ->  Parallel Bitmap Heap Scan on tbl28  (cost=554.09..15935.51 rows=1953 width=200)    
                                 Recheck Cond: (info % '懛瑌娺罊鹜凳芹绱茙蠡㥪礛唾霹跷憙胣缃犭昉斗蒽曲牵痈嚒巈茑焳邹祧鵅莥钶们鼗楝𫝩眦条弘娸霵镯钻夊涨鮗傞屽嶋莁艳舸鮉蟙材骘媨迁'::text)    
                                 ->  Bitmap Index Scan on idx_tbl28_info  (cost=0.00..550.19 rows=15625 width=0)    
                                       Index Cond: (info % '懛瑌娺罊鹜凳芹绱茙蠡㥪礛唾霹跷憙胣缃犭昉斗蒽曲牵痈嚒巈茑焳邹祧鵅莥钶们鼗楝𫝩眦条弘娸霵镯钻夊涨鮗傞屽嶋莁艳舸鮉蟙材骘媨迁'::text)    
                           ->  Parallel Bitmap Heap Scan on tbl29  (cost=554.09..15935.51 rows=1953 width=200)    
                                 Recheck Cond: (info % '懛瑌娺罊鹜凳芹绱茙蠡㥪礛唾霹跷憙胣缃犭昉斗蒽曲牵痈嚒巈茑焳邹祧鵅莥钶们鼗楝𫝩眦条弘娸霵镯钻夊涨鮗傞屽嶋莁艳舸鮉蟙材骘媨迁'::text)    
                                 ->  Bitmap Index Scan on idx_tbl29_info  (cost=0.00..550.19 rows=15625 width=0)    
                                       Index Cond: (info % '懛瑌娺罊鹜凳芹绱茙蠡㥪礛唾霹跷憙胣缃犭昉斗蒽曲牵痈嚒巈茑焳邹祧鵅莥钶们鼗楝𫝩眦条弘娸霵镯钻夊涨鮗傞屽嶋莁艳舸鮉蟙材骘媨迁'::text)    
                           ->  Parallel Bitmap Heap Scan on tbl30  (cost=554.09..15935.51 rows=1953 width=200)    
                                 Recheck Cond: (info % '懛瑌娺罊鹜凳芹绱茙蠡㥪礛唾霹跷憙胣缃犭昉斗蒽曲牵痈嚒巈茑焳邹祧鵅莥钶们鼗楝𫝩眦条弘娸霵镯钻夊涨鮗傞屽嶋莁艳舸鮉蟙材骘媨迁'::text)    
                                 ->  Bitmap Index Scan on idx_tbl30_info  (cost=0.00..550.19 rows=15625 width=0)    
                                       Index Cond: (info % '懛瑌娺罊鹜凳芹绱茙蠡㥪礛唾霹跷憙胣缃犭昉斗蒽曲牵痈嚒巈茑焳邹祧鵅莥钶们鼗楝𫝩眦条弘娸霵镯钻夊涨鮗傞屽嶋莁艳舸鮉蟙材骘媨迁'::text)    
                           ->  Parallel Bitmap Heap Scan on tbl31  (cost=554.09..15935.51 rows=1953 width=200)    
                                 Recheck Cond: (info % '懛瑌娺罊鹜凳芹绱茙蠡㥪礛唾霹跷憙胣缃犭昉斗蒽曲牵痈嚒巈茑焳邹祧鵅莥钶们鼗楝𫝩眦条弘娸霵镯钻夊涨鮗傞屽嶋莁艳舸鮉蟙材骘媨迁'::text)    
                                 ->  Bitmap Index Scan on idx_tbl31_info  (cost=0.00..550.19 rows=15625 width=0)    
                                       Index Cond: (info % '懛瑌娺罊鹜凳芹绱茙蠡㥪礛唾霹跷憙胣缃犭昉斗蒽曲牵痈嚒巈茑焳邹祧鵅莥钶们鼗楝𫝩眦条弘娸霵镯钻夊涨鮗傞屽嶋莁艳舸鮉蟙材骘媨迁'::text)    
                           ->  Parallel Bitmap Heap Scan on tbl33  (cost=554.09..15935.51 rows=1953 width=200)    
                                 Recheck Cond: (info % '懛瑌娺罊鹜凳芹绱茙蠡㥪礛唾霹跷憙胣缃犭昉斗蒽曲牵痈嚒巈茑焳邹祧鵅莥钶们鼗楝𫝩眦条弘娸霵镯钻夊涨鮗傞屽嶋莁艳舸鮉蟙材骘媨迁'::text)    
                                 ->  Bitmap Index Scan on idx_tbl33_info  (cost=0.00..550.19 rows=15625 width=0)    
                                       Index Cond: (info % '懛瑌娺罊鹜凳芹绱茙蠡㥪礛唾霹跷憙胣缃犭昉斗蒽曲牵痈嚒巈茑焳邹祧鵅莥钶们鼗楝𫝩眦条弘娸霵镯钻夊涨鮗傞屽嶋莁艳舸鮉蟙材骘媨迁'::text)    
                           ->  Parallel Bitmap Heap Scan on tbl34  (cost=554.09..15935.51 rows=1953 width=200)    
                                 Recheck Cond: (info % '懛瑌娺罊鹜凳芹绱茙蠡㥪礛唾霹跷憙胣缃犭昉斗蒽曲牵痈嚒巈茑焳邹祧鵅莥钶们鼗楝𫝩眦条弘娸霵镯钻夊涨鮗傞屽嶋莁艳舸鮉蟙材骘媨迁'::text)    
                                 ->  Bitmap Index Scan on idx_tbl34_info  (cost=0.00..550.19 rows=15625 width=0)    
                                       Index Cond: (info % '懛瑌娺罊鹜凳芹绱茙蠡㥪礛唾霹跷憙胣缃犭昉斗蒽曲牵痈嚒巈茑焳邹祧鵅莥钶们鼗楝𫝩眦条弘娸霵镯钻夊涨鮗傞屽嶋莁艳舸鮉蟙材骘媨迁'::text)    
                           ->  Parallel Bitmap Heap Scan on tbl35  (cost=554.09..15935.51 rows=1953 width=200)    
                                 Recheck Cond: (info % '懛瑌娺罊鹜凳芹绱茙蠡㥪礛唾霹跷憙胣缃犭昉斗蒽曲牵痈嚒巈茑焳邹祧鵅莥钶们鼗楝𫝩眦条弘娸霵镯钻夊涨鮗傞屽嶋莁艳舸鮉蟙材骘媨迁'::text)    
                                 ->  Bitmap Index Scan on idx_tbl35_info  (cost=0.00..550.19 rows=15625 width=0)    
                                       Index Cond: (info % '懛瑌娺罊鹜凳芹绱茙蠡㥪礛唾霹跷憙胣缃犭昉斗蒽曲牵痈嚒巈茑焳邹祧鵅莥钶们鼗楝𫝩眦条弘娸霵镯钻夊涨鮗傞屽嶋莁艳舸鮉蟙材骘媨迁'::text)    
                           ->  Parallel Bitmap Heap Scan on tbl36  (cost=554.09..15935.51 rows=1953 width=200)    
                                 Recheck Cond: (info % '懛瑌娺罊鹜凳芹绱茙蠡㥪礛唾霹跷憙胣缃犭昉斗蒽曲牵痈嚒巈茑焳邹祧鵅莥钶们鼗楝𫝩眦条弘娸霵镯钻夊涨鮗傞屽嶋莁艳舸鮉蟙材骘媨迁'::text)    
                                 ->  Bitmap Index Scan on idx_tbl36_info  (cost=0.00..550.19 rows=15625 width=0)    
                                       Index Cond: (info % '懛瑌娺罊鹜凳芹绱茙蠡㥪礛唾霹跷憙胣缃犭昉斗蒽曲牵痈嚒巈茑焳邹祧鵅莥钶们鼗楝𫝩眦条弘娸霵镯钻夊涨鮗傞屽嶋莁艳舸鮉蟙材骘媨迁'::text)    
                           ->  Parallel Bitmap Heap Scan on tbl37  (cost=554.09..15935.51 rows=1953 width=200)    
                                 Recheck Cond: (info % '懛瑌娺罊鹜凳芹绱茙蠡㥪礛唾霹跷憙胣缃犭昉斗蒽曲牵痈嚒巈茑焳邹祧鵅莥钶们鼗楝𫝩眦条弘娸霵镯钻夊涨鮗傞屽嶋莁艳舸鮉蟙材骘媨迁'::text)    
                                 ->  Bitmap Index Scan on idx_tbl37_info  (cost=0.00..550.19 rows=15625 width=0)    
                                       Index Cond: (info % '懛瑌娺罊鹜凳芹绱茙蠡㥪礛唾霹跷憙胣缃犭昉斗蒽曲牵痈嚒巈茑焳邹祧鵅莥钶们鼗楝𫝩眦条弘娸霵镯钻夊涨鮗傞屽嶋莁艳舸鮉蟙材骘媨迁'::text)    
                           ->  Parallel Bitmap Heap Scan on tbl38  (cost=554.09..15935.51 rows=1953 width=200)    
                                 Recheck Cond: (info % '懛瑌娺罊鹜凳芹绱茙蠡㥪礛唾霹跷憙胣缃犭昉斗蒽曲牵痈嚒巈茑焳邹祧鵅莥钶们鼗楝𫝩眦条弘娸霵镯钻夊涨鮗傞屽嶋莁艳舸鮉蟙材骘媨迁'::text)    
                                 ->  Bitmap Index Scan on idx_tbl38_info  (cost=0.00..550.19 rows=15625 width=0)    
                                       Index Cond: (info % '懛瑌娺罊鹜凳芹绱茙蠡㥪礛唾霹跷憙胣缃犭昉斗蒽曲牵痈嚒巈茑焳邹祧鵅莥钶们鼗楝𫝩眦条弘娸霵镯钻夊涨鮗傞屽嶋莁艳舸鮉蟙材骘媨迁'::text)    
                           ->  Parallel Bitmap Heap Scan on tbl39  (cost=554.09..15935.51 rows=1953 width=200)    
                                 Recheck Cond: (info % '懛瑌娺罊鹜凳芹绱茙蠡㥪礛唾霹跷憙胣缃犭昉斗蒽曲牵痈嚒巈茑焳邹祧鵅莥钶们鼗楝𫝩眦条弘娸霵镯钻夊涨鮗傞屽嶋莁艳舸鮉蟙材骘媨迁'::text)    
                                 ->  Bitmap Index Scan on idx_tbl39_info  (cost=0.00..550.19 rows=15625 width=0)    
                                       Index Cond: (info % '懛瑌娺罊鹜凳芹绱茙蠡㥪礛唾霹跷憙胣缃犭昉斗蒽曲牵痈嚒巈茑焳邹祧鵅莥钶们鼗楝𫝩眦条弘娸霵镯钻夊涨鮗傞屽嶋莁艳舸鮉蟙材骘媨迁'::text)    
                           ->  Parallel Bitmap Heap Scan on tbl41  (cost=554.09..15935.51 rows=1953 width=200)    
                                 Recheck Cond: (info % '懛瑌娺罊鹜凳芹绱茙蠡㥪礛唾霹跷憙胣缃犭昉斗蒽曲牵痈嚒巈茑焳邹祧鵅莥钶们鼗楝𫝩眦条弘娸霵镯钻夊涨鮗傞屽嶋莁艳舸鮉蟙材骘媨迁'::text)    
                                 ->  Bitmap Index Scan on idx_tbl41_info  (cost=0.00..550.19 rows=15625 width=0)    
                                       Index Cond: (info % '懛瑌娺罊鹜凳芹绱茙蠡㥪礛唾霹跷憙胣缃犭昉斗蒽曲牵痈嚒巈茑焳邹祧鵅莥钶们鼗楝𫝩眦条弘娸霵镯钻夊涨鮗傞屽嶋莁艳舸鮉蟙材骘媨迁'::text)    
                           ->  Parallel Bitmap Heap Scan on tbl42  (cost=554.09..15935.51 rows=1953 width=200)    
                                 Recheck Cond: (info % '懛瑌娺罊鹜凳芹绱茙蠡㥪礛唾霹跷憙胣缃犭昉斗蒽曲牵痈嚒巈茑焳邹祧鵅莥钶们鼗楝𫝩眦条弘娸霵镯钻夊涨鮗傞屽嶋莁艳舸鮉蟙材骘媨迁'::text)    
                                 ->  Bitmap Index Scan on idx_tbl42_info  (cost=0.00..550.19 rows=15625 width=0)    
                                       Index Cond: (info % '懛瑌娺罊鹜凳芹绱茙蠡㥪礛唾霹跷憙胣缃犭昉斗蒽曲牵痈嚒巈茑焳邹祧鵅莥钶们鼗楝𫝩眦条弘娸霵镯钻夊涨鮗傞屽嶋莁艳舸鮉蟙材骘媨迁'::text)    
                           ->  Parallel Bitmap Heap Scan on tbl44  (cost=554.09..15935.51 rows=1953 width=200)    
                                 Recheck Cond: (info % '懛瑌娺罊鹜凳芹绱茙蠡㥪礛唾霹跷憙胣缃犭昉斗蒽曲牵痈嚒巈茑焳邹祧鵅莥钶们鼗楝𫝩眦条弘娸霵镯钻夊涨鮗傞屽嶋莁艳舸鮉蟙材骘媨迁'::text)    
                                 ->  Bitmap Index Scan on idx_tbl44_info  (cost=0.00..550.19 rows=15625 width=0)    
                                       Index Cond: (info % '懛瑌娺罊鹜凳芹绱茙蠡㥪礛唾霹跷憙胣缃犭昉斗蒽曲牵痈嚒巈茑焳邹祧鵅莥钶们鼗楝𫝩眦条弘娸霵镯钻夊涨鮗傞屽嶋莁艳舸鮉蟙材骘媨迁'::text)    
                           ->  Parallel Bitmap Heap Scan on tbl45  (cost=554.09..15935.51 rows=1953 width=200)    
                                 Recheck Cond: (info % '懛瑌娺罊鹜凳芹绱茙蠡㥪礛唾霹跷憙胣缃犭昉斗蒽曲牵痈嚒巈茑焳邹祧鵅莥钶们鼗楝𫝩眦条弘娸霵镯钻夊涨鮗傞屽嶋莁艳舸鮉蟙材骘媨迁'::text)    
                                 ->  Bitmap Index Scan on idx_tbl45_info  (cost=0.00..550.19 rows=15625 width=0)    
                                       Index Cond: (info % '懛瑌娺罊鹜凳芹绱茙蠡㥪礛唾霹跷憙胣缃犭昉斗蒽曲牵痈嚒巈茑焳邹祧鵅莥钶们鼗楝𫝩眦条弘娸霵镯钻夊涨鮗傞屽嶋莁艳舸鮉蟙材骘媨迁'::text)    
                           ->  Parallel Bitmap Heap Scan on tbl46  (cost=554.09..15935.51 rows=1953 width=200)    
                                 Recheck Cond: (info % '懛瑌娺罊鹜凳芹绱茙蠡㥪礛唾霹跷憙胣缃犭昉斗蒽曲牵痈嚒巈茑焳邹祧鵅莥钶们鼗楝𫝩眦条弘娸霵镯钻夊涨鮗傞屽嶋莁艳舸鮉蟙材骘媨迁'::text)    
                                 ->  Bitmap Index Scan on idx_tbl46_info  (cost=0.00..550.19 rows=15625 width=0)    
                                       Index Cond: (info % '懛瑌娺罊鹜凳芹绱茙蠡㥪礛唾霹跷憙胣缃犭昉斗蒽曲牵痈嚒巈茑焳邹祧鵅莥钶们鼗楝𫝩眦条弘娸霵镯钻夊涨鮗傞屽嶋莁艳舸鮉蟙材骘媨迁'::text)    
                           ->  Parallel Bitmap Heap Scan on tbl47  (cost=554.09..15935.51 rows=1953 width=200)    
                                 Recheck Cond: (info % '懛瑌娺罊鹜凳芹绱茙蠡㥪礛唾霹跷憙胣缃犭昉斗蒽曲牵痈嚒巈茑焳邹祧鵅莥钶们鼗楝𫝩眦条弘娸霵镯钻夊涨鮗傞屽嶋莁艳舸鮉蟙材骘媨迁'::text)    
                                 ->  Bitmap Index Scan on idx_tbl47_info  (cost=0.00..550.19 rows=15625 width=0)    
                                       Index Cond: (info % '懛瑌娺罊鹜凳芹绱茙蠡㥪礛唾霹跷憙胣缃犭昉斗蒽曲牵痈嚒巈茑焳邹祧鵅莥钶们鼗楝𫝩眦条弘娸霵镯钻夊涨鮗傞屽嶋莁艳舸鮉蟙材骘媨迁'::text)    
                           ->  Parallel Bitmap Heap Scan on tbl48  (cost=554.09..15935.51 rows=1953 width=200)    
                                 Recheck Cond: (info % '懛瑌娺罊鹜凳芹绱茙蠡㥪礛唾霹跷憙胣缃犭昉斗蒽曲牵痈嚒巈茑焳邹祧鵅莥钶们鼗楝𫝩眦条弘娸霵镯钻夊涨鮗傞屽嶋莁艳舸鮉蟙材骘媨迁'::text)    
                                 ->  Bitmap Index Scan on idx_tbl48_info  (cost=0.00..550.19 rows=15625 width=0)    
                                       Index Cond: (info % '懛瑌娺罊鹜凳芹绱茙蠡㥪礛唾霹跷憙胣缃犭昉斗蒽曲牵痈嚒巈茑焳邹祧鵅莥钶们鼗楝𫝩眦条弘娸霵镯钻夊涨鮗傞屽嶋莁艳舸鮉蟙材骘媨迁'::text)    
                           ->  Parallel Bitmap Heap Scan on tbl49  (cost=554.09..15935.51 rows=1953 width=200)    
                                 Recheck Cond: (info % '懛瑌娺罊鹜凳芹绱茙蠡㥪礛唾霹跷憙胣缃犭昉斗蒽曲牵痈嚒巈茑焳邹祧鵅莥钶们鼗楝𫝩眦条弘娸霵镯钻夊涨鮗傞屽嶋莁艳舸鮉蟙材骘媨迁'::text)    
                                 ->  Bitmap Index Scan on idx_tbl49_info  (cost=0.00..550.19 rows=15625 width=0)    
                                       Index Cond: (info % '懛瑌娺罊鹜凳芹绱茙蠡㥪礛唾霹跷憙胣缃犭昉斗蒽曲牵痈嚒巈茑焳邹祧鵅莥钶们鼗楝𫝩眦条弘娸霵镯钻夊涨鮗傞屽嶋莁艳舸鮉蟙材骘媨迁'::text)    
                           ->  Parallel Bitmap Heap Scan on tbl50  (cost=554.09..15935.51 rows=1953 width=200)    
                                 Recheck Cond: (info % '懛瑌娺罊鹜凳芹绱茙蠡㥪礛唾霹跷憙胣缃犭昉斗蒽曲牵痈嚒巈茑焳邹祧鵅莥钶们鼗楝𫝩眦条弘娸霵镯钻夊涨鮗傞屽嶋莁艳舸鮉蟙材骘媨迁'::text)    
                                 ->  Bitmap Index Scan on idx_tbl50_info  (cost=0.00..550.19 rows=15625 width=0)    
                                       Index Cond: (info % '懛瑌娺罊鹜凳芹绱茙蠡㥪礛唾霹跷憙胣缃犭昉斗蒽曲牵痈嚒巈茑焳邹祧鵅莥钶们鼗楝𫝩眦条弘娸霵镯钻夊涨鮗傞屽嶋莁艳舸鮉蟙材骘媨迁'::text)    
                           ->  Parallel Bitmap Heap Scan on tbl51  (cost=554.09..15935.51 rows=1953 width=200)    
                                 Recheck Cond: (info % '懛瑌娺罊鹜凳芹绱茙蠡㥪礛唾霹跷憙胣缃犭昉斗蒽曲牵痈嚒巈茑焳邹祧鵅莥钶们鼗楝𫝩眦条弘娸霵镯钻夊涨鮗傞屽嶋莁艳舸鮉蟙材骘媨迁'::text)    
                                 ->  Bitmap Index Scan on idx_tbl51_info  (cost=0.00..550.19 rows=15625 width=0)    
                                       Index Cond: (info % '懛瑌娺罊鹜凳芹绱茙蠡㥪礛唾霹跷憙胣缃犭昉斗蒽曲牵痈嚒巈茑焳邹祧鵅莥钶们鼗楝𫝩眦条弘娸霵镯钻夊涨鮗傞屽嶋莁艳舸鮉蟙材骘媨迁'::text)    
                           ->  Parallel Bitmap Heap Scan on tbl52  (cost=554.09..15935.51 rows=1953 width=200)    
                                 Recheck Cond: (info % '懛瑌娺罊鹜凳芹绱茙蠡㥪礛唾霹跷憙胣缃犭昉斗蒽曲牵痈嚒巈茑焳邹祧鵅莥钶们鼗楝𫝩眦条弘娸霵镯钻夊涨鮗傞屽嶋莁艳舸鮉蟙材骘媨迁'::text)    
                                 ->  Bitmap Index Scan on idx_tbl52_info  (cost=0.00..550.19 rows=15625 width=0)    
                                       Index Cond: (info % '懛瑌娺罊鹜凳芹绱茙蠡㥪礛唾霹跷憙胣缃犭昉斗蒽曲牵痈嚒巈茑焳邹祧鵅莥钶们鼗楝𫝩眦条弘娸霵镯钻夊涨鮗傞屽嶋莁艳舸鮉蟙材骘媨迁'::text)    
                           ->  Parallel Bitmap Heap Scan on tbl53  (cost=554.09..15935.51 rows=1953 width=200)    
                                 Recheck Cond: (info % '懛瑌娺罊鹜凳芹绱茙蠡㥪礛唾霹跷憙胣缃犭昉斗蒽曲牵痈嚒巈茑焳邹祧鵅莥钶们鼗楝𫝩眦条弘娸霵镯钻夊涨鮗傞屽嶋莁艳舸鮉蟙材骘媨迁'::text)    
                                 ->  Bitmap Index Scan on idx_tbl53_info  (cost=0.00..550.19 rows=15625 width=0)    
                                       Index Cond: (info % '懛瑌娺罊鹜凳芹绱茙蠡㥪礛唾霹跷憙胣缃犭昉斗蒽曲牵痈嚒巈茑焳邹祧鵅莥钶们鼗楝𫝩眦条弘娸霵镯钻夊涨鮗傞屽嶋莁艳舸鮉蟙材骘媨迁'::text)    
                           ->  Parallel Bitmap Heap Scan on tbl55  (cost=554.09..15935.51 rows=1953 width=200)    
                                 Recheck Cond: (info % '懛瑌娺罊鹜凳芹绱茙蠡㥪礛唾霹跷憙胣缃犭昉斗蒽曲牵痈嚒巈茑焳邹祧鵅莥钶们鼗楝𫝩眦条弘娸霵镯钻夊涨鮗傞屽嶋莁艳舸鮉蟙材骘媨迁'::text)    
                                 ->  Bitmap Index Scan on idx_tbl55_info  (cost=0.00..550.19 rows=15625 width=0)    
                                       Index Cond: (info % '懛瑌娺罊鹜凳芹绱茙蠡㥪礛唾霹跷憙胣缃犭昉斗蒽曲牵痈嚒巈茑焳邹祧鵅莥钶们鼗楝𫝩眦条弘娸霵镯钻夊涨鮗傞屽嶋莁艳舸鮉蟙材骘媨迁'::text)    
                           ->  Parallel Bitmap Heap Scan on tbl56  (cost=554.09..15935.51 rows=1953 width=200)    
                                 Recheck Cond: (info % '懛瑌娺罊鹜凳芹绱茙蠡㥪礛唾霹跷憙胣缃犭昉斗蒽曲牵痈嚒巈茑焳邹祧鵅莥钶们鼗楝𫝩眦条弘娸霵镯钻夊涨鮗傞屽嶋莁艳舸鮉蟙材骘媨迁'::text)    
                                 ->  Bitmap Index Scan on idx_tbl56_info  (cost=0.00..550.19 rows=15625 width=0)    
                                       Index Cond: (info % '懛瑌娺罊鹜凳芹绱茙蠡㥪礛唾霹跷憙胣缃犭昉斗蒽曲牵痈嚒巈茑焳邹祧鵅莥钶们鼗楝𫝩眦条弘娸霵镯钻夊涨鮗傞屽嶋莁艳舸鮉蟙材骘媨迁'::text)    
                           ->  Parallel Bitmap Heap Scan on tbl57  (cost=554.09..15935.51 rows=1953 width=200)    
                                 Recheck Cond: (info % '懛瑌娺罊鹜凳芹绱茙蠡㥪礛唾霹跷憙胣缃犭昉斗蒽曲牵痈嚒巈茑焳邹祧鵅莥钶们鼗楝𫝩眦条弘娸霵镯钻夊涨鮗傞屽嶋莁艳舸鮉蟙材骘媨迁'::text)    
                                 ->  Bitmap Index Scan on idx_tbl57_info  (cost=0.00..550.19 rows=15625 width=0)    
                                       Index Cond: (info % '懛瑌娺罊鹜凳芹绱茙蠡㥪礛唾霹跷憙胣缃犭昉斗蒽曲牵痈嚒巈茑焳邹祧鵅莥钶们鼗楝𫝩眦条弘娸霵镯钻夊涨鮗傞屽嶋莁艳舸鮉蟙材骘媨迁'::text)    
                           ->  Parallel Bitmap Heap Scan on tbl58  (cost=554.09..15935.51 rows=1953 width=200)    
                                 Recheck Cond: (info % '懛瑌娺罊鹜凳芹绱茙蠡㥪礛唾霹跷憙胣缃犭昉斗蒽曲牵痈嚒巈茑焳邹祧鵅莥钶们鼗楝𫝩眦条弘娸霵镯钻夊涨鮗傞屽嶋莁艳舸鮉蟙材骘媨迁'::text)    
                                 ->  Bitmap Index Scan on idx_tbl58_info  (cost=0.00..550.19 rows=15625 width=0)    
                                       Index Cond: (info % '懛瑌娺罊鹜凳芹绱茙蠡㥪礛唾霹跷憙胣缃犭昉斗蒽曲牵痈嚒巈茑焳邹祧鵅莥钶们鼗楝𫝩眦条弘娸霵镯钻夊涨鮗傞屽嶋莁艳舸鮉蟙材骘媨迁'::text)    
                           ->  Parallel Bitmap Heap Scan on tbl59  (cost=554.09..15935.51 rows=1953 width=200)    