## hydra, 一款基于PostgreSQL的开源HTAP数据库. 支持列存,向量化,物化,冷热分离存储,cloud 等特性  
### 作者                                            
digoal                                            
### 日期                                            
2023-07-04                                        
### 标签                                            
PostgreSQL , PolarDB , HTAP , hydra , 列存储 , 混合存储 , 向量化 , 物化视图 , 冷热分离存储 , 云服务            
----                                            
## 背景  
hydra, 又一款基于PostgreSQL的HTAP数据库. 支持:  
- 列存储 ,   
- 混合存储 ,   
- 向量化执行引擎 ,   
- 物化视图 ,   
- 冷热分离存储(s3, parquet等) ,   
- 云服务  
开源项目地址:  
https://github.com/hydradatabase/hydra  
## 本地试用  
```  
git clone --depth 1 https://github.com/hydradatabase/hydra   
cd hydra  
cp .env.example .env  
docker compose up  
```  
```  
IT-C02YW2EFLVDL:hydra digoal$ docker images  
REPOSITORY                    TAG       IMAGE ID       CREATED      SIZE  
ghcr.io/hydradatabase/hydra   latest    7d589d868e04   3 days ago   1.27GB  
IT-C02YW2EFLVDL:hydra digoal$ docker ps -a  
CONTAINER ID   IMAGE                                COMMAND                  CREATED             STATUS         PORTS                    NAMES  
6a9061edea40   ghcr.io/hydradatabase/hydra:latest   "docker-entrypoint.s…"   About an hour ago   Up 2 seconds   0.0.0.0:5432->5432/tcp   hydra  
```
可以直接进入容器, 安装dns解析工具, 看看是否能访问到oss服务器:   
```
docker exec -ti hydra /bin/bash
root@6a9061edea40:~# apt install -y dnsutils
root@6a9061edea40:~# nslookup oss-cn-shanghai.aliyuncs.com
Server:		127.0.0.11
Address:	127.0.0.11#53
Non-authoritative answer:
Name:	oss-cn-shanghai.aliyuncs.com
Address: 106.14.228.198
Name:	oss-cn-shanghai.aliyuncs.com
Address: 106.14.228.220
root@6a9061edea40:~# nslookup s3.oss-cn-shanghai.aliyuncs.com
Server:		127.0.0.11
Address:	127.0.0.11#53
Non-authoritative answer:
Name:	s3.oss-cn-shanghai.aliyuncs.com
Address: 106.14.228.186
root@6a9061edea40:~# dig s3.oss-cn-shanghai.aliyuncs.com
; > DiG 9.18.16-1~deb12u1-Debian > s3.oss-cn-shanghai.aliyuncs.com
;; global options: +cmd
;; Got answer:
;; ->>HEADER> DiG 9.18.16-1~deb12u1-Debian > oss-cn-shanghai.aliyuncs.com
;; global options: +cmd
;; Got answer:
;; ->>HEADER  Gather  (cost=31000.96..31001.17 rows=2 width=8)  
         Workers Planned: 2  
         ->  Partial Aggregate  (cost=30000.96..30000.97 rows=1 width=8)  
               ->  Parallel Custom Scan (ColumnarScan) on t1  (cost=0.00..5000.96 rows=10000000 width=0)  
                     Columnar Projected Columns: c4  
                     Columnar Vectorized Filter: (c4 = 1)  