     176 | 1041523    
     576 | 1041131    
     292 | 1041236    
     929 | 1041554    
     663 | 1041569    
     770 | 1041953    
      22 | 1041484    
..........................    
     790 | 1041575    
     828 | 1042024    
(961 rows)    
Time: 191475.978 ms (03:11.476)    
```                    
### 2、开启并行，耗时： 8 秒。                                   
```         
postgres=# set max_parallel_workers_per_gather =24;      
postgres=# set enable_parallel_append =off;      
postgres=# set enable_partitionwise_aggregate =on;      
postgres=# explain select cust_id,count(*) from ccc group by cust_id;     
                                              QUERY PLAN                                                   
-------------------------------------------------------------------------------------------------------    
 Append  (cost=251248.61..6031194.59 rows=961 width=16)    
   ->  Finalize GroupAggregate  (cost=251248.61..251278.60 rows=40 width=16)    
         Group Key: ccc0.cust_id    
         ->  Gather Merge  (cost=251248.61..251273.40 rows=960 width=16)    
               Workers Planned: 24    
               ->  Sort  (cost=251248.03..251248.13 rows=40 width=16)    
                     Sort Key: ccc0.cust_id    
                     ->  Partial HashAggregate  (cost=251246.56..251246.96 rows=40 width=16)    
                           Group Key: ccc0.cust_id    
                           ->  Parallel Seq Scan on ccc0  (cost=0.00..242566.71 rows=1735971 width=8)    
   ->  Finalize GroupAggregate  (cost=244986.56..245015.80 rows=39 width=16)    
         Group Key: ccc1.cust_id    
         ->  Gather Merge  (cost=244986.56..245010.73 rows=936 width=16)    
               Workers Planned: 24    
               ->  Sort  (cost=244985.98..244986.07 rows=39 width=16)    
                     Sort Key: ccc1.cust_id    
                     ->  Partial HashAggregate  (cost=244984.56..244984.95 rows=39 width=16)    
                           Group Key: ccc1.cust_id    
                           ->  Parallel Seq Scan on ccc1  (cost=0.00..236521.04 rows=1692704 width=8)    
   ->  Finalize GroupAggregate  (cost=282669.29..282703.03 rows=45 width=16)    
         Group Key: ccc2.cust_id    
         ->  Gather Merge  (cost=282669.29..282697.18 rows=1080 width=16)    
               Workers Planned: 24    
               ->  Sort  (cost=282668.71..282668.82 rows=45 width=16)    
                     Sort Key: ccc2.cust_id    
                     ->  Partial HashAggregate  (cost=282667.02..282667.47 rows=45 width=16)    
                           Group Key: ccc2.cust_id    
                           ->  Parallel Seq Scan on ccc2  (cost=0.00..272901.68 rows=1953068 width=8)    
   ->  Finalize GroupAggregate  (cost=213567.74..213593.23 rows=34 width=16)    
         Group Key: ccc3.cust_id    
         ->  Gather Merge  (cost=213567.74..213588.81 rows=816 width=16)    
               Workers Planned: 24    
               ->  Sort  (cost=213567.16..213567.25 rows=34 width=16)    
                     Sort Key: ccc3.cust_id    
                     ->  Partial HashAggregate  (cost=213565.96..213566.30 rows=34 width=16)    
                           Group Key: ccc3.cust_id    
                           ->  Parallel Seq Scan on ccc3  (cost=0.00..206187.97 rows=1475597 width=8)    
   ->  Finalize GroupAggregate  (cost=257459.33..257490.07 rows=41 width=16)    
         Group Key: ccc4.cust_id    
         ->  Gather Merge  (cost=257459.33..257484.74 rows=984 width=16)    
               Workers Planned: 24    
               ->  Sort  (cost=257458.75..257458.86 rows=41 width=16)    
                     Sort Key: ccc4.cust_id    
                     ->  Partial HashAggregate  (cost=257457.24..257457.65 rows=41 width=16)    
                           Group Key: ccc4.cust_id    
                           ->  Parallel Seq Scan on ccc4  (cost=0.00..248562.83 rows=1778883 width=8)    
   ->  Finalize GroupAggregate  (cost=238722.97..238751.46 rows=38 width=16)    
         Group Key: ccc5.cust_id    
         ->  Gather Merge  (cost=238722.97..238746.52 rows=912 width=16)    
               Workers Planned: 24    
               ->  Sort  (cost=238722.39..238722.48 rows=38 width=16)    
                     Sort Key: ccc5.cust_id    
                     ->  Partial HashAggregate  (cost=238721.01..238721.39 rows=38 width=16)    
                           Group Key: ccc5.cust_id    
                           ->  Parallel Seq Scan on ccc5  (cost=0.00..230474.01 rows=1649401 width=8)    
   ->  Finalize GroupAggregate  (cost=245023.21..245052.45 rows=39 width=16)    
         Group Key: ccc6.cust_id    
         ->  Gather Merge  (cost=245023.21..245047.38 rows=936 width=16)    
               Workers Planned: 24    
               ->  Sort  (cost=245022.63..245022.72 rows=39 width=16)    
                     Sort Key: ccc6.cust_id    
                     ->  Partial HashAggregate  (cost=245021.21..245021.60 rows=39 width=16)    
                           Group Key: ccc6.cust_id    
                           ->  Parallel Seq Scan on ccc6  (cost=0.00..236556.47 rows=1692947 width=8)    
   ->  Finalize GroupAggregate  (cost=263789.43..263820.92 rows=42 width=16)    
         Group Key: ccc7.cust_id    
         ->  Gather Merge  (cost=263789.43..263815.46 rows=1008 width=16)    
               Workers Planned: 24    
               ->  Sort  (cost=263788.85..263788.96 rows=42 width=16)    
                     Sort Key: ccc7.cust_id    
                     ->  Partial HashAggregate  (cost=263787.30..263787.72 rows=42 width=16)    
                           Group Key: ccc7.cust_id    
                           ->  Parallel Seq Scan on ccc7  (cost=0.00..254674.20 rows=1822620 width=8)    
   ->  Finalize GroupAggregate  (cost=235547.21..235575.70 rows=38 width=16)    
         Group Key: ccc8.cust_id    
         ->  Gather Merge  (cost=235547.21..235570.76 rows=912 width=16)    
               Workers Planned: 24    
               ->  Sort  (cost=235546.63..235546.73 rows=38 width=16)    
                     Sort Key: ccc8.cust_id    
                     ->  Partial HashAggregate  (cost=235545.25..235545.63 rows=38 width=16)    
                           Group Key: ccc8.cust_id    
                           ->  Parallel Seq Scan on ccc8  (cost=0.00..227407.83 rows=1627484 width=8)    
   ->  Finalize GroupAggregate  (cost=238753.52..238782.01 rows=38 width=16)    
         Group Key: ccc9.cust_id    
         ->  Gather Merge  (cost=238753.52..238777.07 rows=912 width=16)    
               Workers Planned: 24    
               ->  Sort  (cost=238752.94..238753.03 rows=38 width=16)    
                     Sort Key: ccc9.cust_id    
                     ->  Partial HashAggregate  (cost=238751.56..238751.94 rows=38 width=16)    
                           Group Key: ccc9.cust_id    
                           ->  Parallel Seq Scan on ccc9  (cost=0.00..230503.37 rows=1649637 width=8)    
   ->  Finalize GroupAggregate  (cost=263886.49..263917.98 rows=42 width=16)    
         Group Key: ccc10.cust_id    
         ->  Gather Merge  (cost=263886.49..263912.52 rows=1008 width=16)    
               Workers Planned: 24    
               ->  Sort  (cost=263885.91..263886.02 rows=42 width=16)    
                     Sort Key: ccc10.cust_id    
                     ->  Partial HashAggregate  (cost=263884.36..263884.78 rows=42 width=16)    
                           Group Key: ccc10.cust_id    
                           ->  Parallel Seq Scan on ccc10  (cost=0.00..254767.91 rows=1823291 width=8)    
   ->  Finalize GroupAggregate  (cost=207290.45..207315.19 rows=33 width=16)    
         Group Key: ccc11.cust_id    
         ->  Gather Merge  (cost=207290.45..207310.90 rows=792 width=16)    
               Workers Planned: 24    
               ->  Sort  (cost=207289.87..207289.95 rows=33 width=16)    
                     Sort Key: ccc11.cust_id    
                     ->  Partial HashAggregate  (cost=207288.70..207289.03 rows=33 width=16)    
                           Group Key: ccc11.cust_id    
                           ->  Parallel Seq Scan on ccc11  (cost=0.00..200127.47 rows=1432247 width=8)    
   ->  Finalize GroupAggregate  (cost=320379.91..320418.15 rows=51 width=16)    
         Group Key: ccc12.cust_id    
         ->  Gather Merge  (cost=320379.91..320411.52 rows=1224 width=16)    
               Workers Planned: 24    
               ->  Sort  (cost=320379.33..320379.46 rows=51 width=16)    
                     Sort Key: ccc12.cust_id    
                     ->  Partial HashAggregate  (cost=320377.38..320377.89 rows=51 width=16)    
                           Group Key: ccc12.cust_id    
                           ->  Parallel Seq Scan on ccc12  (cost=0.00..309309.25 rows=2213625 width=8)    
   ->  Finalize GroupAggregate  (cost=263878.68..263910.17 rows=42 width=16)    
         Group Key: ccc13.cust_id    
         ->  Gather Merge  (cost=263878.68..263904.71 rows=1008 width=16)    
               Workers Planned: 24    
               ->  Sort  (cost=263878.10..263878.21 rows=42 width=16)    
                     Sort Key: ccc13.cust_id    
                     ->  Partial HashAggregate  (cost=263876.55..263876.97 rows=42 width=16)    
                           Group Key: ccc13.cust_id    
                           ->  Parallel Seq Scan on ccc13  (cost=0.00..254760.37 rows=1823237 width=8)    
   ->  Finalize GroupAggregate  (cost=307756.52..307793.26 rows=49 width=16)    
         Group Key: ccc14.cust_id    
         ->  Gather Merge  (cost=307756.52..307786.89 rows=1176 width=16)    
               Workers Planned: 24    
               ->  Sort  (cost=307755.94..307756.07 rows=49 width=16)    
                     Sort Key: ccc14.cust_id    
                     ->  Partial HashAggregate  (cost=307754.08..307754.57 rows=49 width=16)    
                           Group Key: ccc14.cust_id    
                           ->  Parallel Seq Scan on ccc14  (cost=0.00..297122.05 rows=2126405 width=8)    
   ->  Finalize GroupAggregate  (cost=238670.96..238699.45 rows=38 width=16)    
         Group Key: ccc15.cust_id    
         ->  Gather Merge  (cost=238670.96..238694.51 rows=912 width=16)    
               Workers Planned: 24    
               ->  Sort  (cost=238670.38..238670.48 rows=38 width=16)    
                     Sort Key: ccc15.cust_id    
                     ->  Partial HashAggregate  (cost=238669.00..238669.38 rows=38 width=16)    
                           Group Key: ccc15.cust_id    
                           ->  Parallel Seq Scan on ccc15  (cost=0.00..230423.67 rows=1649067 width=8)    
   ->  Finalize GroupAggregate  (cost=248080.23..248110.22 rows=40 width=16)    
         Group Key: ccc16.cust_id    
         ->  Gather Merge  (cost=248080.23..248105.02 rows=960 width=16)    
               Workers Planned: 24    
               ->  Sort  (cost=248079.65..248079.75 rows=40 width=16)    
                     Sort Key: ccc16.cust_id    
                     ->  Partial HashAggregate  (cost=248078.19..248078.59 rows=40 width=16)    
                           Group Key: ccc16.cust_id    
                           ->  Parallel Seq Scan on ccc16  (cost=0.00..239507.79 rows=1714079 width=8)    
   ->  Finalize GroupAggregate  (cost=263822.24..263853.73 rows=42 width=16)    
         Group Key: ccc17.cust_id    
         ->  Gather Merge  (cost=263822.24..263848.27 rows=1008 width=16)    
               Workers Planned: 24    
               ->  Sort  (cost=263821.66..263821.77 rows=42 width=16)    
                     Sort Key: ccc17.cust_id    
                     ->  Partial HashAggregate  (cost=263820.11..263820.53 rows=42 width=16)    
                           Group Key: ccc17.cust_id    
                           ->  Parallel Seq Scan on ccc17  (cost=0.00..254706.07 rows=1822807 width=8)    
   ->  Finalize GroupAggregate  (cost=314097.79..314135.28 rows=50 width=16)    
         Group Key: ccc18.cust_id    
         ->  Gather Merge  (cost=314097.79..314128.78 rows=1200 width=16)    
               Workers Planned: 24    
               ->  Sort  (cost=314097.21..314097.33 rows=50 width=16)    
                     Sort Key: ccc18.cust_id    
                     ->  Partial HashAggregate  (cost=314095.30..314095.80 rows=50 width=16)    
                           Group Key: ccc18.cust_id    
                           ->  Parallel Seq Scan on ccc18  (cost=0.00..303244.20 rows=2170220 width=8)    
   ->  Finalize GroupAggregate  (cost=207320.57..207345.31 rows=33 width=16)    
         Group Key: ccc19.cust_id    
         ->  Gather Merge  (cost=207320.57..207341.02 rows=792 width=16)    
               Workers Planned: 24    
               ->  Sort  (cost=207319.99..207320.07 rows=33 width=16)    
                     Sort Key: ccc19.cust_id    
                     ->  Partial HashAggregate  (cost=207318.83..207319.15 rows=33 width=16)    
                           Group Key: ccc19.cust_id    
                           ->  Parallel Seq Scan on ccc19  (cost=0.00..200156.55 rows=1432455 width=8)    
   ->  Finalize GroupAggregate  (cost=251327.81..251357.81 rows=40 width=16)    
         Group Key: ccc20.cust_id    
         ->  Gather Merge  (cost=251327.81..251352.61 rows=960 width=16)    
               Workers Planned: 24    
               ->  Sort  (cost=251327.23..251327.33 rows=40 width=16)    
                     Sort Key: ccc20.cust_id    
                     ->  Partial HashAggregate  (cost=251325.77..251326.17 rows=40 width=16)    
                           Group Key: ccc20.cust_id    
                           ->  Parallel Seq Scan on ccc20  (cost=0.00..242643.18 rows=1736518 width=8)    