  select (unnest(tag_scores1)).tag as tag, (unnest(tag_scores1)).limits as limits from   
    users where uid=1  
) t;  
```  
```
-[ RECORD 1 ]-+-------------------------------------------------------------------------------------------------------------------------------------------
global_pool   | {555234,30783,44877,893039,274638,811324,743142,233694,503619,977097,263781,350882,15000,961863,705252,823857,302978,919950,864090,633682}
province_pool | {1381822,1570117,1733796,1802258,1757745,1308796,1296608,1958019,1637076,1626698,1369964,1501167}
city_pool     | 
-[ RECORD 2 ]-+-------------------------------------------------------------------------------------------------------------------------------------------
global_pool   | {41356,470712,453025,997172,997806,520315,512094,523652,714477,526433}
province_pool | {1246470,1582571,1154589,1213147,1144821,1498216}
city_pool     | 
-[ RECORD 3 ]-+-------------------------------------------------------------------------------------------------------------------------------------------
global_pool   | {951192,518459,830710,34429,113691,362024,578173,574309}
province_pool | {1831028,1060594,1871276,1365273,1092971}
city_pool     | {2100388}
-[ RECORD 4 ]-+-------------------------------------------------------------------------------------------------------------------------------------------
global_pool   | {235601,950720,269682,452868,622511,590893,602110,104605}
province_pool | {1791516,1039665,1669258,1663575,1126127}
city_pool     | 
-[ RECORD 5 ]-+-------------------------------------------------------------------------------------------------------------------------------------------
global_pool   | {738016,548948,600423,559686,483213}
province_pool | {1185880,1916542,1336231}
city_pool     | 
```
```
                                                                            QUERY PLAN                                                                             
-------------------------------------------------------------------------------------------------------------------------------------------------------------------
 Subquery Scan on t  (cost=0.29..246.06 rows=10 width=96) (actual time=2.508..3.754 rows=5 loops=1)
   ->  Result  (cost=0.29..2.71 rows=10 width=8) (actual time=0.020..0.023 rows=5 loops=1)
         ->  ProjectSet  (cost=0.29..2.56 rows=10 width=32) (actual time=0.019..0.020 rows=5 loops=1)
               ->  Index Scan using users_pkey on users  (cost=0.29..2.50 rows=1 width=224) (actual time=0.017..0.018 rows=1 loops=1)
                     Index Cond: (uid = 1)
   SubPlan 2
     ->  Aggregate  (cost=7.08..7.09 rows=1 width=32) (actual time=0.261..0.261 rows=1 loops=5)
           ->  Limit  (cost=5.43..6.76 rows=25 width=12) (actual time=0.254..0.258 rows=10 loops=5)
                 ->  Index Only Scan using idx_pool_global_0 on pool_global t1  (cost=5.43..18.63 rows=248 width=12) (actual time=0.254..0.257 rows=10 loops=5)
                       Index Cond: (tag = t.tag)
                       Filter: (NOT (hashed SubPlan 1))
                       Heap Fetches: 0
                       SubPlan 1
                         ->  Result  (cost=0.29..4.76 rows=100 width=8) (actual time=0.851..1.074 rows=1001 loops=1)
                               ->  ProjectSet  (cost=0.29..3.01 rows=100 width=32) (actual time=0.850..0.938 rows=1001 loops=1)
                                     ->  Index Scan using users_pkey on users users_1  (cost=0.29..2.50 rows=1 width=18) (actual time=0.006..0.006 rows=1 loops=1)
                                           Index Cond: (uid = 1)
   SubPlan 5
     ->  Aggregate  (cost=8.15..8.16 rows=1 width=32) (actual time=0.247..0.247 rows=1 loops=5)
           ->  Limit  (cost=7.93..8.13 rows=1 width=12) (actual time=0.242..0.245 rows=6 loops=5)
                 InitPlan 3 (returns $3)
                   ->  Index Scan using users_pkey on users users_2  (cost=0.29..2.50 rows=1 width=4) (actual time=0.003..0.003 rows=1 loops=1)
                         Index Cond: (uid = 1)
                 ->  Index Only Scan using idx_pool_province_0 on pool_province t1_1  (cost=5.43..6.85 rows=7 width=12) (actual time=0.241..0.243 rows=6 loops=5)
                       Index Cond: ((pid = $3) AND (tag = t.tag))
                       Filter: (NOT (hashed SubPlan 4))
                       Heap Fetches: 0
                       SubPlan 4
                         ->  Result  (cost=0.29..4.76 rows=100 width=8) (actual time=0.813..1.027 rows=1001 loops=1)
                               ->  ProjectSet  (cost=0.29..3.01 rows=100 width=32) (actual time=0.812..0.896 rows=1001 loops=1)
                                     ->  Index Scan using users_pkey on users users_3  (cost=0.29..2.50 rows=1 width=18) (actual time=0.005..0.005 rows=1 loops=1)
                                           Index Cond: (uid = 1)
   SubPlan 8
     ->  Aggregate  (cost=9.07..9.08 rows=1 width=32) (actual time=0.236..0.237 rows=1 loops=5)
           ->  Limit  (cost=7.93..9.05 rows=1 width=12) (actual time=0.235..0.235 rows=0 loops=5)
                 InitPlan 6 (returns $7)
                   ->  Index Scan using users_pkey on users users_4  (cost=0.29..2.50 rows=1 width=4) (actual time=0.002..0.003 rows=1 loops=1)
                         Index Cond: (uid = 1)
                 ->  Index Only Scan using idx_pool_city_0 on pool_city t1_2  (cost=5.43..6.55 rows=1 width=12) (actual time=0.234..0.234 rows=0 loops=5)
                       Index Cond: ((cid = $7) AND (tag = t.tag))
                       Filter: (NOT (hashed SubPlan 7))
                       Heap Fetches: 0
                       SubPlan 7
                         ->  Result  (cost=0.29..4.76 rows=100 width=8) (actual time=0.793..1.011 rows=1001 loops=1)
                               ->  ProjectSet  (cost=0.29..3.01 rows=100 width=32) (actual time=0.792..0.876 rows=1001 loops=1)
                                     ->  Index Scan using users_pkey on users users_5  (cost=0.29..2.50 rows=1 width=18) (actual time=0.006..0.006 rows=1 loops=1)
                                           Index Cond: (uid = 1)
 Planning Time: 0.999 ms
 Execution Time: 3.825 ms
(49 rows)
```
6、压测  
```  
vi test.sql  
\set uid random(1,10000000)  
\set mod random(0,49)  
select   
  (  
    select array_agg(vid) from   
    (  
      select vid from pool_global t1   
      where t1.tag=t.tag   
      and t1.vid not in (select jsonb_array_elements_text( readlist[:mod] )::int8  from users where uid=:uid)  
      and abs(mod(hashint8(vid),50)) = :mod  
      order by t1.score desc   
      limit ceil(t.limits*0.5)  
    ) x   -- 全国池 50%   
  ) as global_pool,     
  (  
    select array_agg(vid) from   
    (  
      select vid from pool_province t1   
      where t1.tag=t.tag   
      and t1.pid=(select pid from users where uid=:uid)  
      and t1.vid not in (select jsonb_array_elements_text( readlist[:mod] )::int8  from users where uid=:uid)  
      and abs(mod(hashint8(vid),50)) = :mod  
      order by t1.score desc   
      limit ceil(t.limits*0.3)  
    ) x   -- 省份池 30%   
  ) as province_pool,    
  (  
    select array_agg(vid) from   
    (  
      select vid from pool_city t1   
      where t1.tag=t.tag   
      and t1.cid=(select cid from users where uid=:uid)  
      and t1.vid not in (select jsonb_array_elements_text( readlist[:mod] )::int8  from users where uid=:uid)  
      and abs(mod(hashint8(vid),50)) = :mod  
      order by t1.score desc   
      limit ceil(t.limits*0.2)  
    ) x    -- 城市池 20%   
  ) as city_pool        
from   
(  
  select (unnest(tag_scores1)).tag as tag, (unnest(tag_scores1)).limits as limits from   
    users where uid=:uid  
) t;  
```  
```  
pgbench -M prepared -n -r -P 1 -f ./test.sql -c 12 -j 12 -T 120   
pgbench (PostgreSQL) 14.0
transaction type: ./test.sql
scaling factor: 1
query mode: prepared
number of clients: 12
number of threads: 12
duration: 120 s
number of transactions actually processed: 99824
latency average = 14.426 ms
latency stddev = 12.608 ms
initial connection time = 13.486 ms
tps = 831.235738 (without initial connection time)
```  
2018款 macbook pro i5系列, 每秒可以推荐多少个视频ID?     
- 83100   
### 降级方法:  
4、重新发现PG之美 - 4 随机漫步踏浪而来  
在一些论坛、短视频业务中, 编辑精选和地域或大范围精选的内容会采用随机推荐的方式推送给客户.  
随机查询就有了高并发、低延迟的需求, 然而通用的order by random()随机方法性能太烂, 无法满足需求.  
PG 提供了tablesample method(para)方法, 能够以几千倍的性能满足高并发需求.  
视频回放:  https://www.bilibili.com/video/BV1cy4y137WU/  
### 压缩方法: 
roaringbitmap | hll
[《重新发现PostgreSQL之美 - 24 滑动窗口分析 2000x》](../202106/20210614_01.md)  
[《重新发现PostgreSQL之美 - 23 彭祖的长寿秘诀》](../202106/20210613_02.md)  
### 传统方案  
放弃治疗  
## 参考  
[《PostgreSQL x分组, y排序, 每组各取(N动态)条 - 子查询+子查询聚合使用》](../202007/20200710_02.md)    
[《重新发现PostgreSQL之美 - 23 彭祖的长寿秘诀》](../202106/20210613_02.md)    
#### [PostgreSQL 许愿链接](https://github.com/digoal/blog/issues/76 "269ac3d1c492e938c0191101c7238216")
您的愿望将传达给PG kernel hacker、数据库厂商等, 帮助提高数据库产品质量和功能, 说不定下一个PG版本就有您提出的功能点. 针对非常好的提议，奖励限量版PG文化衫、纪念品、贴纸、PG热门书籍等，奖品丰富，快来许愿。[开不开森](https://github.com/digoal/blog/issues/76 "269ac3d1c492e938c0191101c7238216").  
#### [9.9元购买3个月阿里云RDS PostgreSQL实例](https://www.aliyun.com/database/postgresqlactivity "57258f76c37864c6e6d23383d05714ea")
#### [PostgreSQL 解决方案集合](https://yq.aliyun.com/topic/118 "40cff096e9ed7122c512b35d8561d9c8")
#### [德哥 / digoal's github - 公益是一辈子的事.](https://github.com/digoal/blog/blob/master/README.md "22709685feb7cab07d30f30387f0a9ae")
![digoal's wechat](../pic/digoal_weixin.jpg "f7ad92eeba24523fd47a6e1a0e691b59")
#### [PolarDB 学习图谱: 训练营、培训认证、在线互动实验、解决方案、生态合作、写心得拿奖品](https://www.aliyun.com/database/openpolardb/activity "8642f60e04ed0c814bf9cb9677976bd4")
#### [购买PolarDB云服务折扣活动进行中, 55元起](https://www.aliyun.com/activity/new/polardb-yunparter?userCode=bsb3t4al "e0495c413bedacabb75ff1e880be465a")
#### [About 德哥](https://github.com/digoal/blog/blob/master/me/readme.md "a37735981e7704886ffd590565582dd0")