select similarity(info, '懛瑌娺罊鹜凳芹绱茙蠡㥪礛唾霹跷憙胣缃犭昉斗蒽曲牵痈嚒巈茑焳邹祧鵅莥钶们鼗楝𫝩眦条弘娸霵镯钻夊涨鮗傞屽嶋莁艳舸鮉蟙材骘媨迁') as sml, -- 计算输入词与存储字符串的相似度    
  * from tbl     
  where info % '懛瑌娺罊鹜凳芹绱茙蠡㥪礛唾霹跷憙胣缃犭昉斗蒽曲牵痈嚒巈茑焳邹祧鵅莥钶们鼗楝𫝩眦条弘娸霵镯钻夊涨鮗傞屽嶋莁艳舸鮉蟙材骘媨迁'    -- 相似度超过阈值    
  order by sml desc            -- 按相似度排序(倒排，越相似的排在越前面)    
  limit 10;      
 sml  | id |                                                               info                                                                   
------+----+----------------------------------------------------------------------------------------------------------------------------------    
 0.75 |  1 | 懛瑌娺罊鹜凳芹绱茙蠡㥪礛唾霹跷憙胣缃犭昉斗蒽曲牵痈嚒巈茑莥钶们鼗楝𫝩眦条弘娸霵镯钻夊涨鮗傞屽嶋莁艳舸鮉蟙材骘媨迁内橰畁蜫征瘭缆竟    
(1 row)    
Time: 71.627 ms    
```    
5、SQL执行计划如下，使用到了索引扫描，所以非常快。    
```    
explain select similarity(info, '懛瑌娺罊鹜凳芹绱茙蠡㥪礛唾霹跷憙胣缃犭昉斗蒽曲牵痈嚒巈茑焳邹祧鵅莥钶们鼗楝𫝩眦条弘娸霵镯钻夊涨鮗傞屽嶋莁艳舸鮉蟙材骘媨迁') as sml, -- 计算输入词与存储字符串的相似度    
  * from tbl     
  where info % '懛瑌娺罊鹜凳芹绱茙蠡㥪礛唾霹跷憙胣缃犭昉斗蒽曲牵痈嚒巈茑焳邹祧鵅莥钶们鼗楝𫝩眦条弘娸霵镯钻夊涨鮗傞屽嶋莁艳舸鮉蟙材骘媨迁'    -- 相似度超过阈值    
  order by sml desc            -- 按相似度排序(倒排，越相似的排在越前面)    
  limit 10;     
                                                                                         QUERY PLAN                                                                                              
---------------------------------------------------------------------------------------------------------------------------------------------------------------------------------------------    
 Limit  (cost=1025136.11..1025137.35 rows=10 width=204)    
   ->  Gather Merge  (cost=1025136.11..1148791.31 rows=999944 width=204)    
         Workers Planned: 8    
         ->  Sort  (cost=1024135.97..1024448.45 rows=124993 width=204)    
               Sort Key: (similarity(tbl2.info, '懛瑌娺罊鹜凳芹绱茙蠡㥪礛唾霹跷憙胣缃犭昉斗蒽曲牵痈嚒巈茑焳邹祧鵅莥钶们鼗楝𫝩眦条弘娸霵镯钻夊涨鮗傞屽嶋莁艳舸鮉蟙材骘媨迁'::text)) DESC    
               ->  Result  (cost=554.09..1021434.91 rows=124993 width=204)    
                     ->  Parallel Append  (cost=554.09..1019872.50 rows=124993 width=200)    
                           ->  Parallel Bitmap Heap Scan on tbl2  (cost=554.09..15935.51 rows=1953 width=200)    
                                 Recheck Cond: (info % '懛瑌娺罊鹜凳芹绱茙蠡㥪礛唾霹跷憙胣缃犭昉斗蒽曲牵痈嚒巈茑焳邹祧鵅莥钶们鼗楝𫝩眦条弘娸霵镯钻夊涨鮗傞屽嶋莁艳舸鮉蟙材骘媨迁'::text)    
                                 ->  Bitmap Index Scan on idx_tbl2_info  (cost=0.00..550.19 rows=15625 width=0)    
                                       Index Cond: (info % '懛瑌娺罊鹜凳芹绱茙蠡㥪礛唾霹跷憙胣缃犭昉斗蒽曲牵痈嚒巈茑焳邹祧鵅莥钶们鼗楝𫝩眦条弘娸霵镯钻夊涨鮗傞屽嶋莁艳舸鮉蟙材骘媨迁'::text)    
                           ->  Parallel Bitmap Heap Scan on tbl3  (cost=554.09..15935.51 rows=1953 width=200)    
                                 Recheck Cond: (info % '懛瑌娺罊鹜凳芹绱茙蠡㥪礛唾霹跷憙胣缃犭昉斗蒽曲牵痈嚒巈茑焳邹祧鵅莥钶们鼗楝𫝩眦条弘娸霵镯钻夊涨鮗傞屽嶋莁艳舸鮉蟙材骘媨迁'::text)    
                                 ->  Bitmap Index Scan on idx_tbl3_info  (cost=0.00..550.19 rows=15625 width=0)    
                                       Index Cond: (info % '懛瑌娺罊鹜凳芹绱茙蠡㥪礛唾霹跷憙胣缃犭昉斗蒽曲牵痈嚒巈茑焳邹祧鵅莥钶们鼗楝𫝩眦条弘娸霵镯钻夊涨鮗傞屽嶋莁艳舸鮉蟙材骘媨迁'::text)    
                           ->  Parallel Bitmap Heap Scan on tbl4  (cost=554.09..15935.51 rows=1953 width=200)    
                                 Recheck Cond: (info % '懛瑌娺罊鹜凳芹绱茙蠡㥪礛唾霹跷憙胣缃犭昉斗蒽曲牵痈嚒巈茑焳邹祧鵅莥钶们鼗楝𫝩眦条弘娸霵镯钻夊涨鮗傞屽嶋莁艳舸鮉蟙材骘媨迁'::text)    
                                 ->  Bitmap Index Scan on idx_tbl4_info  (cost=0.00..550.19 rows=15625 width=0)    
                                       Index Cond: (info % '懛瑌娺罊鹜凳芹绱茙蠡㥪礛唾霹跷憙胣缃犭昉斗蒽曲牵痈嚒巈茑焳邹祧鵅莥钶们鼗楝𫝩眦条弘娸霵镯钻夊涨鮗傞屽嶋莁艳舸鮉蟙材骘媨迁'::text)    
                           ->  Parallel Bitmap Heap Scan on tbl5  (cost=554.09..15935.51 rows=1953 width=200)    
                                 Recheck Cond: (info % '懛瑌娺罊鹜凳芹绱茙蠡㥪礛唾霹跷憙胣缃犭昉斗蒽曲牵痈嚒巈茑焳邹祧鵅莥钶们鼗楝𫝩眦条弘娸霵镯钻夊涨鮗傞屽嶋莁艳舸鮉蟙材骘媨迁'::text)    
                                 ->  Bitmap Index Scan on idx_tbl5_info  (cost=0.00..550.19 rows=15625 width=0)    
                                       Index Cond: (info % '懛瑌娺罊鹜凳芹绱茙蠡㥪礛唾霹跷憙胣缃犭昉斗蒽曲牵痈嚒巈茑焳邹祧鵅莥钶们鼗楝𫝩眦条弘娸霵镯钻夊涨鮗傞屽嶋莁艳舸鮉蟙材骘媨迁'::text)    
                           ->  Parallel Bitmap Heap Scan on tbl7  (cost=554.09..15935.51 rows=1953 width=200)    
                                 Recheck Cond: (info % '懛瑌娺罊鹜凳芹绱茙蠡㥪礛唾霹跷憙胣缃犭昉斗蒽曲牵痈嚒巈茑焳邹祧鵅莥钶们鼗楝𫝩眦条弘娸霵镯钻夊涨鮗傞屽嶋莁艳舸鮉蟙材骘媨迁'::text)    
                                 ->  Bitmap Index Scan on idx_tbl7_info  (cost=0.00..550.19 rows=15625 width=0)    
                                       Index Cond: (info % '懛瑌娺罊鹜凳芹绱茙蠡㥪礛唾霹跷憙胣缃犭昉斗蒽曲牵痈嚒巈茑焳邹祧鵅莥钶们鼗楝𫝩眦条弘娸霵镯钻夊涨鮗傞屽嶋莁艳舸鮉蟙材骘媨迁'::text)    
                           ->  Parallel Bitmap Heap Scan on tbl8  (cost=554.09..15935.51 rows=1953 width=200)    
                                 Recheck Cond: (info % '懛瑌娺罊鹜凳芹绱茙蠡㥪礛唾霹跷憙胣缃犭昉斗蒽曲牵痈嚒巈茑焳邹祧鵅莥钶们鼗楝𫝩眦条弘娸霵镯钻夊涨鮗傞屽嶋莁艳舸鮉蟙材骘媨迁'::text)    
                                 ->  Bitmap Index Scan on idx_tbl8_info  (cost=0.00..550.19 rows=15625 width=0)    
                                       Index Cond: (info % '懛瑌娺罊鹜凳芹绱茙蠡㥪礛唾霹跷憙胣缃犭昉斗蒽曲牵痈嚒巈茑焳邹祧鵅莥钶们鼗楝𫝩眦条弘娸霵镯钻夊涨鮗傞屽嶋莁艳舸鮉蟙材骘媨迁'::text)    
                           ->  Parallel Bitmap Heap Scan on tbl9  (cost=554.09..15935.51 rows=1953 width=200)    
                                 Recheck Cond: (info % '懛瑌娺罊鹜凳芹绱茙蠡㥪礛唾霹跷憙胣缃犭昉斗蒽曲牵痈嚒巈茑焳邹祧鵅莥钶们鼗楝𫝩眦条弘娸霵镯钻夊涨鮗傞屽嶋莁艳舸鮉蟙材骘媨迁'::text)    
                                 ->  Bitmap Index Scan on idx_tbl9_info  (cost=0.00..550.19 rows=15625 width=0)    
                                       Index Cond: (info % '懛瑌娺罊鹜凳芹绱茙蠡㥪礛唾霹跷憙胣缃犭昉斗蒽曲牵痈嚒巈茑焳邹祧鵅莥钶们鼗楝𫝩眦条弘娸霵镯钻夊涨鮗傞屽嶋莁艳舸鮉蟙材骘媨迁'::text)    
                           ->  Parallel Bitmap Heap Scan on tbl10  (cost=554.09..15935.51 rows=1953 width=200)    
                                 Recheck Cond: (info % '懛瑌娺罊鹜凳芹绱茙蠡㥪礛唾霹跷憙胣缃犭昉斗蒽曲牵痈嚒巈茑焳邹祧鵅莥钶们鼗楝𫝩眦条弘娸霵镯钻夊涨鮗傞屽嶋莁艳舸鮉蟙材骘媨迁'::text)    
                                 ->  Bitmap Index Scan on idx_tbl10_info  (cost=0.00..550.19 rows=15625 width=0)    
                                       Index Cond: (info % '懛瑌娺罊鹜凳芹绱茙蠡㥪礛唾霹跷憙胣缃犭昉斗蒽曲牵痈嚒巈茑焳邹祧鵅莥钶们鼗楝𫝩眦条弘娸霵镯钻夊涨鮗傞屽嶋莁艳舸鮉蟙材骘媨迁'::text)    
                           ->  Parallel Bitmap Heap Scan on tbl11  (cost=554.09..15935.51 rows=1953 width=200)    
                                 Recheck Cond: (info % '懛瑌娺罊鹜凳芹绱茙蠡㥪礛唾霹跷憙胣缃犭昉斗蒽曲牵痈嚒巈茑焳邹祧鵅莥钶们鼗楝𫝩眦条弘娸霵镯钻夊涨鮗傞屽嶋莁艳舸鮉蟙材骘媨迁'::text)    
                                 ->  Bitmap Index Scan on idx_tbl11_info  (cost=0.00..550.19 rows=15625 width=0)    
                                       Index Cond: (info % '懛瑌娺罊鹜凳芹绱茙蠡㥪礛唾霹跷憙胣缃犭昉斗蒽曲牵痈嚒巈茑焳邹祧鵅莥钶们鼗楝𫝩眦条弘娸霵镯钻夊涨鮗傞屽嶋莁艳舸鮉蟙材骘媨迁'::text)    
                           ->  Parallel Bitmap Heap Scan on tbl12  (cost=554.09..15935.51 rows=1953 width=200)    
                                 Recheck Cond: (info % '懛瑌娺罊鹜凳芹绱茙蠡㥪礛唾霹跷憙胣缃犭昉斗蒽曲牵痈嚒巈茑焳邹祧鵅莥钶们鼗楝𫝩眦条弘娸霵镯钻夊涨鮗傞屽嶋莁艳舸鮉蟙材骘媨迁'::text)    
                                 ->  Bitmap Index Scan on idx_tbl12_info  (cost=0.00..550.19 rows=15625 width=0)    
                                       Index Cond: (info % '懛瑌娺罊鹜凳芹绱茙蠡㥪礛唾霹跷憙胣缃犭昉斗蒽曲牵痈嚒巈茑焳邹祧鵅莥钶们鼗楝𫝩眦条弘娸霵镯钻夊涨鮗傞屽嶋莁艳舸鮉蟙材骘媨迁'::text)    
                           ->  Parallel Bitmap Heap Scan on tbl13  (cost=554.09..15935.51 rows=1953 width=200)    
                                 Recheck Cond: (info % '懛瑌娺罊鹜凳芹绱茙蠡㥪礛唾霹跷憙胣缃犭昉斗蒽曲牵痈嚒巈茑焳邹祧鵅莥钶们鼗楝𫝩眦条弘娸霵镯钻夊涨鮗傞屽嶋莁艳舸鮉蟙材骘媨迁'::text)    
                                 ->  Bitmap Index Scan on idx_tbl13_info  (cost=0.00..550.19 rows=15625 width=0)    
                                       Index Cond: (info % '懛瑌娺罊鹜凳芹绱茙蠡㥪礛唾霹跷憙胣缃犭昉斗蒽曲牵痈嚒巈茑焳邹祧鵅莥钶们鼗楝𫝩眦条弘娸霵镯钻夊涨鮗傞屽嶋莁艳舸鮉蟙材骘媨迁'::text)    
                           ->  Parallel Bitmap Heap Scan on tbl14  (cost=554.09..15935.51 rows=1953 width=200)    
                                 Recheck Cond: (info % '懛瑌娺罊鹜凳芹绱茙蠡㥪礛唾霹跷憙胣缃犭昉斗蒽曲牵痈嚒巈茑焳邹祧鵅莥钶们鼗楝𫝩眦条弘娸霵镯钻夊涨鮗傞屽嶋莁艳舸鮉蟙材骘媨迁'::text)    
                                 ->  Bitmap Index Scan on idx_tbl14_info  (cost=0.00..550.19 rows=15625 width=0)    
                                       Index Cond: (info % '懛瑌娺罊鹜凳芹绱茙蠡㥪礛唾霹跷憙胣缃犭昉斗蒽曲牵痈嚒巈茑焳邹祧鵅莥钶们鼗楝𫝩眦条弘娸霵镯钻夊涨鮗傞屽嶋莁艳舸鮉蟙材骘媨迁'::text)    
                           ->  Parallel Bitmap Heap Scan on tbl16  (cost=554.09..15935.51 rows=1953 width=200)    
                                 Recheck Cond: (info % '懛瑌娺罊鹜凳芹绱茙蠡㥪礛唾霹跷憙胣缃犭昉斗蒽曲牵痈嚒巈茑焳邹祧鵅莥钶们鼗楝𫝩眦条弘娸霵镯钻夊涨鮗傞屽嶋莁艳舸鮉蟙材骘媨迁'::text)    
                                 ->  Bitmap Index Scan on idx_tbl16_info  (cost=0.00..550.19 rows=15625 width=0)    
                                       Index Cond: (info % '懛瑌娺罊鹜凳芹绱茙蠡㥪礛唾霹跷憙胣缃犭昉斗蒽曲牵痈嚒巈茑焳邹祧鵅莥钶们鼗楝𫝩眦条弘娸霵镯钻夊涨鮗傞屽嶋莁艳舸鮉蟙材骘媨迁'::text)    
                           ->  Parallel Bitmap Heap Scan on tbl17  (cost=554.09..15935.51 rows=1953 width=200)    
                                 Recheck Cond: (info % '懛瑌娺罊鹜凳芹绱茙蠡㥪礛唾霹跷憙胣缃犭昉斗蒽曲牵痈嚒巈茑焳邹祧鵅莥钶们鼗楝𫝩眦条弘娸霵镯钻夊涨鮗傞屽嶋莁艳舸鮉蟙材骘媨迁'::text)    
                                 ->  Bitmap Index Scan on idx_tbl17_info  (cost=0.00..550.19 rows=15625 width=0)    
                                       Index Cond: (info % '懛瑌娺罊鹜凳芹绱茙蠡㥪礛唾霹跷憙胣缃犭昉斗蒽曲牵痈嚒巈茑焳邹祧鵅莥钶们鼗楝𫝩眦条弘娸霵镯钻夊涨鮗傞屽嶋莁艳舸鮉蟙材骘媨迁'::text)    
                           ->  Parallel Bitmap Heap Scan on tbl18  (cost=554.09..15935.51 rows=1953 width=200)    
                                 Recheck Cond: (info % '懛瑌娺罊鹜凳芹绱茙蠡㥪礛唾霹跷憙胣缃犭昉斗蒽曲牵痈嚒巈茑焳邹祧鵅莥钶们鼗楝𫝩眦条弘娸霵镯钻夊涨鮗傞屽嶋莁艳舸鮉蟙材骘媨迁'::text)    
                                 ->  Bitmap Index Scan on idx_tbl18_info  (cost=0.00..550.19 rows=15625 width=0)    
                                       Index Cond: (info % '懛瑌娺罊鹜凳芹绱茙蠡㥪礛唾霹跷憙胣缃犭昉斗蒽曲牵痈嚒巈茑焳邹祧鵅莥钶们鼗楝𫝩眦条弘娸霵镯钻夊涨鮗傞屽嶋莁艳舸鮉蟙材骘媨迁'::text)    
                           ->  Parallel Bitmap Heap Scan on tbl19  (cost=554.09..15935.51 rows=1953 width=200)    
                                 Recheck Cond: (info % '懛瑌娺罊鹜凳芹绱茙蠡㥪礛唾霹跷憙胣缃犭昉斗蒽曲牵痈嚒巈茑焳邹祧鵅莥钶们鼗楝𫝩眦条弘娸霵镯钻夊涨鮗傞屽嶋莁艳舸鮉蟙材骘媨迁'::text)    
                                 ->  Bitmap Index Scan on idx_tbl19_info  (cost=0.00..550.19 rows=15625 width=0)    
                                       Index Cond: (info % '懛瑌娺罊鹜凳芹绱茙蠡㥪礛唾霹跷憙胣缃犭昉斗蒽曲牵痈嚒巈茑焳邹祧鵅莥钶们鼗楝𫝩眦条弘娸霵镯钻夊涨鮗傞屽嶋莁艳舸鮉蟙材骘媨迁'::text)    
                           ->  Parallel Bitmap Heap Scan on tbl20  (cost=554.09..15935.51 rows=1953 width=200)    
                                 Recheck Cond: (info % '懛瑌娺罊鹜凳芹绱茙蠡㥪礛唾霹跷憙胣缃犭昉斗蒽曲牵痈嚒巈茑焳邹祧鵅莥钶们鼗楝𫝩眦条弘娸霵镯钻夊涨鮗傞屽嶋莁艳舸鮉蟙材骘媨迁'::text)    
                                 ->  Bitmap Index Scan on idx_tbl20_info  (cost=0.00..550.19 rows=15625 width=0)    
                                       Index Cond: (info % '懛瑌娺罊鹜凳芹绱茙蠡㥪礛唾霹跷憙胣缃犭昉斗蒽曲牵痈嚒巈茑焳邹祧鵅莥钶们鼗楝𫝩眦条弘娸霵镯钻夊涨鮗傞屽嶋莁艳舸鮉蟙材骘媨迁'::text)    
                           ->  Parallel Bitmap Heap Scan on tbl21  (cost=554.09..15935.51 rows=1953 width=200)    
                                 Recheck Cond: (info % '懛瑌娺罊鹜凳芹绱茙蠡㥪礛唾霹跷憙胣缃犭昉斗蒽曲牵痈嚒巈茑焳邹祧鵅莥钶们鼗楝𫝩眦条弘娸霵镯钻夊涨鮗傞屽嶋莁艳舸鮉蟙材骘媨迁'::text)    
                                 ->  Bitmap Index Scan on idx_tbl21_info  (cost=0.00..550.19 rows=15625 width=0)    
                                       Index Cond: (info % '懛瑌娺罊鹜凳芹绱茙蠡㥪礛唾霹跷憙胣缃犭昉斗蒽曲牵痈嚒巈茑焳邹祧鵅莥钶们鼗楝𫝩眦条弘娸霵镯钻夊涨鮗傞屽嶋莁艳舸鮉蟙材骘媨迁'::text)    
                           ->  Parallel Bitmap Heap Scan on tbl22  (cost=554.09..15935.51 rows=1953 width=200)    
                                 Recheck Cond: (info % '懛瑌娺罊鹜凳芹绱茙蠡㥪礛唾霹跷憙胣缃犭昉斗蒽曲牵痈嚒巈茑焳邹祧鵅莥钶们鼗楝𫝩眦条弘娸霵镯钻夊涨鮗傞屽嶋莁艳舸鮉蟙材骘媨迁'::text)    
                                 ->  Bitmap Index Scan on idx_tbl22_info  (cost=0.00..550.19 rows=15625 width=0)    
                                       Index Cond: (info % '懛瑌娺罊鹜凳芹绱茙蠡㥪礛唾霹跷憙胣缃犭昉斗蒽曲牵痈嚒巈茑焳邹祧鵅莥钶们鼗楝𫝩眦条弘娸霵镯钻夊涨鮗傞屽嶋莁艳舸鮉蟙材骘媨迁'::text)    
                           ->  Parallel Bitmap Heap Scan on tbl23  (cost=554.09..15935.51 rows=1953 width=200)    
                                 Recheck Cond: (info % '懛瑌娺罊鹜凳芹绱茙蠡㥪礛唾霹跷憙胣缃犭昉斗蒽曲牵痈嚒巈茑焳邹祧鵅莥钶们鼗楝𫝩眦条弘娸霵镯钻夊涨鮗傞屽嶋莁艳舸鮉蟙材骘媨迁'::text)    
                                 ->  Bitmap Index Scan on idx_tbl23_info  (cost=0.00..550.19 rows=15625 width=0)    
                                       Index Cond: (info % '懛瑌娺罊鹜凳芹绱茙蠡㥪礛唾霹跷憙胣缃犭昉斗蒽曲牵痈嚒巈茑焳邹祧鵅莥钶们鼗楝𫝩眦条弘娸霵镯钻夊涨鮗傞屽嶋莁艳舸鮉蟙材骘媨迁'::text)    
                           ->  Parallel Bitmap Heap Scan on tbl24  (cost=554.09..15935.51 rows=1953 width=200)    
                                 Recheck Cond: (info % '懛瑌娺罊鹜凳芹绱茙蠡㥪礛唾霹跷憙胣缃犭昉斗蒽曲牵痈嚒巈茑焳邹祧鵅莥钶们鼗楝𫝩眦条弘娸霵镯钻夊涨鮗傞屽嶋莁艳舸鮉蟙材骘媨迁'::text)    
                                 ->  Bitmap Index Scan on idx_tbl24_info  (cost=0.00..550.19 rows=15625 width=0)    