                                       ->  Parallel Hash  (cost=27094.26..27094.26 rows=103426 width=4) (actual time=826.727..826.727 rows=1563583 loops=2)  
                                             Buckets: 131072  Batches: 64  Memory Usage: 2976kB  
                                             ->  Parallel Seq Scan on b21 t2_21  (cost=0.00..27094.26 rows=103426 width=4) (actual time=0.022..767.670 rows=3127166 loops=1)  
                                 ->  Parallel Hash Join  (cost=28784.54..1929220.60 rows=1710709573 width=32) (actual time=1916.147..2766.580 rows=1563226 loops=2)  
                                       Hash Cond: (t1_27.id = t2_27.id)  
                                       ->  Parallel Seq Scan on b27 t1_27  (cost=0.00..27088.02 rows=103402 width=36) (actual time=0.012..744.061 rows=3126453 loops=1)  
                                       ->  Parallel Hash  (cost=27088.02..27088.02 rows=103402 width=4) (actual time=892.154..892.154 rows=1563226 loops=2)  
                                             Buckets: 131072  Batches: 64  Memory Usage: 2976kB  
                                             ->  Parallel Seq Scan on b27 t2_27  (cost=0.00..27088.02 rows=103402 width=4) (actual time=0.024..819.622 rows=3126453 loops=1)  
                                 ->  Parallel Hash Join  (cost=28781.27..1928805.77 rows=1710315634 width=32) (actual time=1855.321..2695.239 rows=1563010 loops=2)  
                                       Hash Cond: (t1_29.id = t2_29.id)  
                                       ->  Parallel Seq Scan on b29 t1_29  (cost=0.00..27084.90 rows=103390 width=36) (actual time=0.016..758.210 rows=3126019 loops=1)  
                                       ->  Parallel Hash  (cost=27084.90..27084.90 rows=103390 width=4) (actual time=815.498..815.498 rows=1563010 loops=2)  
                                             Buckets: 131072  Batches: 64  Memory Usage: 2976kB  
                                             ->  Parallel Seq Scan on b29 t2_29  (cost=0.00..27084.90 rows=103390 width=4) (actual time=0.044..755.479 rows=3126019 loops=1)  
                                 ->  Parallel Hash Join  (cost=28779.09..1928486.16 rows=1710053034 width=32) (actual time=1999.648..2810.363 rows=1562892 loops=2)  
                                       Hash Cond: (t1_17.id = t2_17.id)  
                                       ->  Parallel Seq Scan on b17 t1_17  (cost=0.00..27082.82 rows=103382 width=36) (actual time=0.010..841.027 rows=3125783 loops=1)  
                                       ->  Parallel Hash  (cost=27082.82..27082.82 rows=103382 width=4) (actual time=841.996..841.996 rows=1562892 loops=2)  
                                             Buckets: 131072  Batches: 64  Memory Usage: 2976kB  
                                             ->  Parallel Seq Scan on b17 t2_17  (cost=0.00..27082.82 rows=103382 width=4) (actual time=0.023..775.531 rows=3125783 loops=1)  
                                 ->  Parallel Hash Join  (cost=28779.09..1928486.16 rows=1710053034 width=32) (actual time=1885.162..2741.378 rows=1562898 loops=2)  
                                       Hash Cond: (t1_30.id = t2_30.id)  
                                       ->  Parallel Seq Scan on b30 t1_30  (cost=0.00..27082.82 rows=103382 width=36) (actual time=0.014..836.915 rows=3125795 loops=1)  
                                       ->  Parallel Hash  (cost=27082.82..27082.82 rows=103382 width=4) (actual time=796.030..796.030 rows=1562898 loops=2)  
                                             Buckets: 131072  Batches: 64  Memory Usage: 2976kB  
                                             ->  Parallel Seq Scan on b30 t2_30  (cost=0.00..27082.82 rows=103382 width=4) (actual time=0.022..727.776 rows=3125795 loops=1)  
                                 ->  Parallel Hash Join  (cost=28778.00..1928390.98 rows=1709921741 width=32) (actual time=1961.159..2715.142 rows=1562835 loops=2)  
                                       Hash Cond: (t1_15.id = t2_15.id)  
                                       ->  Parallel Seq Scan on b15 t1_15  (cost=0.00..27081.78 rows=103378 width=36) (actual time=0.012..771.256 rows=3125670 loops=1)  
                                       ->  Parallel Hash  (cost=27081.78..27081.78 rows=103378 width=4) (actual time=916.632..916.632 rows=1562835 loops=2)  
                                             Buckets: 131072  Batches: 64  Memory Usage: 2976kB  
                                             ->  Parallel Seq Scan on b15 t2_15  (cost=0.00..27081.78 rows=103378 width=4) (actual time=0.022..844.903 rows=3125670 loops=1)  
                                 ->  Parallel Hash Join  (cost=28775.83..1928071.40 rows=1709659171 width=32) (actual time=1891.613..2721.231 rows=1562730 loops=2)  
                                       Hash Cond: (t1_28.id = t2_28.id)  
                                       ->  Parallel Seq Scan on b28 t1_28  (cost=0.00..27079.70 rows=103370 width=36) (actual time=0.014..775.292 rows=3125461 loops=1)  
                                       ->  Parallel Hash  (cost=27079.70..27079.70 rows=103370 width=4) (actual time=861.424..861.424 rows=1562730 loops=2)  
                                             Buckets: 131072  Batches: 64  Memory Usage: 2976kB  
                                             ->  Parallel Seq Scan on b28 t2_28  (cost=0.00..27079.70 rows=103370 width=4) (actual time=0.027..791.442 rows=3125461 loops=1)  
                                 ->  Parallel Hash Join  (cost=28773.65..1927751.86 rows=1709396622 width=32) (actual time=1951.851..2723.702 rows=1562602 loops=2)  
                                       Hash Cond: (t1_20.id = t2_20.id)  
                                       ->  Parallel Seq Scan on b20 t1_20  (cost=0.00..27077.62 rows=103362 width=36) (actual time=0.012..829.750 rows=3125204 loops=1)  
                                       ->  Parallel Hash  (cost=27077.62..27077.62 rows=103362 width=4) (actual time=822.328..822.328 rows=1562602 loops=2)  
                                             Buckets: 131072  Batches: 64  Memory Usage: 2976kB  
                                             ->  Parallel Seq Scan on b20 t2_20  (cost=0.00..27077.62 rows=103362 width=4) (actual time=0.021..753.268 rows=3125204 loops=1)  
                                 ->  Parallel Hash Join  (cost=28763.84..1926507.98 rows=1708215397 width=32) (actual time=1350.844..1894.188 rows=1041391 loops=3)  
                                       Hash Cond: (t1_24.id = t2_24.id)  
                                       ->  Parallel Seq Scan on b24 t1_24  (cost=0.00..27068.26 rows=103326 width=36) (actual time=0.012..800.586 rows=3124172 loops=1)  
                                       ->  Parallel Hash  (cost=27068.26..27068.26 rows=103326 width=4) (actual time=599.137..599.137 rows=1041391 loops=3)  
                                             Buckets: 131072  Batches: 64  Memory Usage: 2976kB  
                                             ->  Parallel Seq Scan on b24 t2_24  (cost=0.00..27068.26 rows=103326 width=4) (actual time=0.031..811.976 rows=3124172 loops=1)  
                                 ->  Parallel Hash Join  (cost=28762.75..1926283.69 rows=1708084175 width=32) (actual time=1880.594..2656.604 rows=1562024 loops=2)  
                                       Hash Cond: (t1_22.id = t2_22.id)  
                                       ->  Parallel Seq Scan on b22 t1_22  (cost=0.00..27067.22 rows=103322 width=36) (actual time=0.018..755.265 rows=3124048 loops=1)  
                                       ->  Parallel Hash  (cost=27067.22..27067.22 rows=103322 width=4) (actual time=823.162..823.162 rows=1562024 loops=2)  
                                             Buckets: 131072  Batches: 64  Memory Usage: 2976kB  
                                             ->  Parallel Seq Scan on b22 t2_22  (cost=0.00..27067.22 rows=103322 width=4) (actual time=0.031..762.119 rows=3124048 loops=1)  
                                 ->  Parallel Hash Join  (cost=28762.75..1926283.69 rows=1708084175 width=32) (actual time=1223.705..1780.166 rows=1041335 loops=3)  
                                       Hash Cond: (t1_25.id = t2_25.id)  
                                       ->  Parallel Seq Scan on b25 t1_25  (cost=0.00..27067.22 rows=103322 width=36) (actual time=0.011..710.056 rows=3124005 loops=1)  
                                       ->  Parallel Hash  (cost=27067.22..27067.22 rows=103322 width=4) (actual time=571.546..571.546 rows=1041335 loops=3)  
                                             Buckets: 131072  Batches: 64  Memory Usage: 2976kB  
                                             ->  Parallel Seq Scan on b25 t2_25  (cost=0.00..27067.22 rows=103322 width=4) (actual time=0.031..785.465 rows=3124005 loops=1)  
                                 ->  Parallel Hash Join  (cost=28761.66..1926188.57 rows=1707952958 width=32) (actual time=1199.223..1769.093 rows=1041316 loops=3)  
                                       Hash Cond: (t1_18.id = t2_18.id)  
                                       ->  Parallel Seq Scan on b18 t1_18  (cost=0.00..27066.18 rows=103318 width=36) (actual time=0.010..740.937 rows=3123949 loops=1)  
                                       ->  Parallel Hash  (cost=27066.18..27066.18 rows=103318 width=4) (actual time=540.893..540.893 rows=1041316 loops=3)  
                                             Buckets: 131072  Batches: 64  Memory Usage: 2976kB  
                                             ->  Parallel Seq Scan on b18 t2_18  (cost=0.00..27066.18 rows=103318 width=4) (actual time=0.027..745.852 rows=3123949 loops=1)  
                                 ->  Parallel Hash Join  (cost=28758.40..1925797.32 rows=1707559337 width=32) (actual time=1736.535..2528.234 rows=1561768 loops=2)  
                                       Hash Cond: (t1_16.id = t2_16.id)  
                                       ->  Parallel Seq Scan on b16 t1_16  (cost=0.00..27063.07 rows=103307 width=36) (actual time=0.015..691.218 rows=3123536 loops=1)  
                                       ->  Parallel Hash  (cost=27063.07..27063.07 rows=103307 width=4) (actual time=815.419..815.419 rows=1561768 loops=2)  
                                             Buckets: 131072  Batches: 64  Memory Usage: 2976kB  
                                             ->  Parallel Seq Scan on b16 t2_16  (cost=0.00..27063.07 rows=103307 width=4) (actual time=0.022..754.738 rows=3123536 loops=1)  
                                 ->  Parallel Hash Join  (cost=28752.95..1925061.54 rows=1706903403 width=32) (actual time=1830.592..2591.947 rows=1561455 loops=2)  
                                       Hash Cond: (t1_31.id = t2_31.id)  
                                       ->  Parallel Seq Scan on b31 t1_31  (cost=0.00..27057.87 rows=103287 width=36) (actual time=0.015..708.338 rows=3122910 loops=1)  
                                       ->  Parallel Hash  (cost=27057.87..27057.87 rows=103287 width=4) (actual time=890.061..890.061 rows=1561455 loops=2)  
                                             Buckets: 131072  Batches: 64  Memory Usage: 2976kB  
                                             ->  Parallel Seq Scan on b31 t2_31  (cost=0.00..27057.87 rows=103287 width=4) (actual time=0.050..807.619 rows=3122910 loops=1)  
                                 ->  Parallel Hash Join  (cost=28743.15..1923689.45 rows=1705723040 width=32) (actual time=1320.140..1887.795 rows=1040626 loops=3)  
                                       Hash Cond: (t1_26.id = t2_26.id)  
                                       ->  Parallel Seq Scan on b26 t1_26  (cost=0.00..27048.51 rows=103251 width=36) (actual time=0.013..775.102 rows=3121877 loops=1)  
                                       ->  Parallel Hash  (cost=27048.51..27048.51 rows=103251 width=4) (actual time=604.374..604.374 rows=1040626 loops=3)  
                                             Buckets: 131072  Batches: 64  Memory Usage: 2976kB  
                                             ->  Parallel Seq Scan on b26 t2_26  (cost=0.00..27048.51 rows=103251 width=4) (actual time=0.022..822.645 rows=3121877 loops=1)  
                                 ->  Parallel Hash Join  (cost=28653.78..58010.65 rows=97768 width=33) (actual time=1766.702..2603.998 rows=1564294 loops=2)  
                                       Hash Cond: (t1_13.id = t2_13.id)  
                                       ->  Parallel Seq Scan on b13 t1_13  (cost=0.00..27049.68 rows=97768 width=37) (actual time=0.011..758.550 rows=3128587 loops=1)  
                                       ->  Parallel Hash  (cost=27049.68..27049.68 rows=97768 width=4) (actual time=757.912..757.912 rows=1564294 loops=2)  
                                             Buckets: 131072  Batches: 64  Memory Usage: 2976kB  
                                             ->  Parallel Seq Scan on b13 t2_13  (cost=0.00..27049.68 rows=97768 width=4) (actual time=0.022..708.487 rows=3128587 loops=1)  
                                 ->  Parallel Hash Join  (cost=28639.70..57982.90 rows=97720 width=33) (actual time=1787.518..2610.471 rows=1563526 loops=2)  
                                       Hash Cond: (t1_4.id = t2_4.id)  
                                       ->  Parallel Seq Scan on b4 t1_4  (cost=0.00..27036.20 rows=97720 width=37) (actual time=0.011..721.138 rows=3127053 loops=1)  
                                       ->  Parallel Hash  (cost=27036.20..27036.20 rows=97720 width=4) (actual time=823.404..823.404 rows=1563526 loops=2)  
                                             Buckets: 131072  Batches: 64  Memory Usage: 2976kB  
                                             ->  Parallel Seq Scan on b4 t2_4  (cost=0.00..27036.20 rows=97720 width=4) (actual time=0.022..757.877 rows=3127053 loops=1)  
                                 ->  Parallel Hash Join  (cost=28636.41..57976.41 rows=97707 width=33) (actual time=1841.218..2659.950 rows=1563313 loops=2)  
                                       Hash Cond: (t1_6.id = t2_6.id)  
                                       ->  Parallel Seq Scan on b6 t1_6  (cost=0.00..27033.07 rows=97707 width=37) (actual time=0.012..725.716 rows=3126626 loops=1)  
                                       ->  Parallel Hash  (cost=27033.07..27033.07 rows=97707 width=4) (actual time=838.918..838.918 rows=1563313 loops=2)  
                                             Buckets: 131072  Batches: 64  Memory Usage: 2976kB  
                                             ->  Parallel Seq Scan on b6 t2_6  (cost=0.00..27033.07 rows=97707 width=4) (actual time=0.022..761.078 rows=3126626 loops=1)  
                                 ->  Parallel Hash Join  (cost=28627.80..57959.43 rows=97680 width=33) (actual time=1904.717..2738.413 rows=1562877 loops=2)  
                                       Hash Cond: (t1_8.id = t2_8.id)  
                                       ->  Parallel Seq Scan on b8 t1_8  (cost=0.00..27024.80 rows=97680 width=37) (actual time=0.012..794.271 rows=3125754 loops=1)  
                                       ->  Parallel Hash  (cost=27024.80..27024.80 rows=97680 width=4) (actual time=816.413..816.413 rows=1562877 loops=2)  
                                             Buckets: 131072  Batches: 64  Memory Usage: 2976kB  
                                             ->  Parallel Seq Scan on b8 t2_8  (cost=0.00..27024.80 rows=97680 width=4) (actual time=0.024..752.536 rows=3125754 loops=1)  
                                 ->  Parallel Hash Join  (cost=28624.49..57952.92 rows=97666 width=33) (actual time=1291.905..1899.778 rows=1041776 loops=3)  
                                       Hash Cond: (t1_7.id = t2_7.id)  
                                       ->  Parallel Seq Scan on b7 t1_7  (cost=0.00..27021.66 rows=97666 width=37) (actual time=0.020..839.558 rows=3125327 loops=1)  
                                       ->  Parallel Hash  (cost=27021.66..27021.66 rows=97666 width=4) (actual time=538.444..538.444 rows=1041776 loops=3)  
                                             Buckets: 131072  Batches: 64  Memory Usage: 2976kB  
                                             ->  Parallel Seq Scan on b7 t2_7  (cost=0.00..27021.66 rows=97666 width=4) (actual time=0.025..737.354 rows=3125327 loops=1)  
                                 ->  Parallel Hash Join  (cost=28619.12..57940.33 rows=97650 width=33) (actual time=1336.851..1898.101 rows=1041600 loops=3)  
                                       Hash Cond: (t1_14.id = t2_14.id)  
                                       ->  Parallel Seq Scan on b14 t1_14  (cost=0.00..27016.50 rows=97650 width=37) (actual time=0.014..879.777 rows=3124800 loops=1)  
                                       ->  Parallel Hash  (cost=27016.50..27016.50 rows=97650 width=4) (actual time=557.214..557.214 rows=1041600 loops=3)  
                                             Buckets: 131072  Batches: 64  Memory Usage: 2976kB  
                                             ->  Parallel Seq Scan on b14 t2_14  (cost=0.00..27016.50 rows=97650 width=4) (actual time=0.024..771.426 rows=3124800 loops=1)  
                                 ->  Parallel Hash Join  (cost=28616.90..57935.96 rows=97640 width=33) (actual time=1763.645..2637.993 rows=1562242 loops=2)  
                                       Hash Cond: (t1_2.id = t2_2.id)  
                                       ->  Parallel Seq Scan on b2 t1_2  (cost=0.00..27014.40 rows=97640 width=37) (actual time=0.012..779.228 rows=3124485 loops=1)  
                                       ->  Parallel Hash  (cost=27014.40..27014.40 rows=97640 width=4) (actual time=713.576..713.576 rows=1562242 loops=2)  
                                             Buckets: 131072  Batches: 64  Memory Usage: 2976kB  
                                             ->  Parallel Seq Scan on b2 t2_2  (cost=0.00..27014.40 rows=97640 width=4) (actual time=0.021..692.229 rows=3124485 loops=1)  
                                 ->  Parallel Hash Join  (cost=28616.88..57935.93 rows=97639 width=33) (actual time=1913.659..2728.474 rows=1562226 loops=2)  
                                       Hash Cond: (t1_3.id = t2_3.id)  
                                       ->  Parallel Seq Scan on b3 t1_3  (cost=0.00..27014.39 rows=97639 width=37) (actual time=0.010..810.788 rows=3124453 loops=1)  
                                       ->  Parallel Hash  (cost=27014.39..27014.39 rows=97639 width=4) (actual time=812.084..812.084 rows=1562226 loops=2)  
                                             Buckets: 131072  Batches: 64  Memory Usage: 2976kB  
                                             ->  Parallel Seq Scan on b3 t2_3  (cost=0.00..27014.39 rows=97639 width=4) (actual time=0.021..744.328 rows=3124453 loops=1)  
                                 ->  Parallel Hash Join  (cost=28614.72..57931.67 rows=97632 width=33) (actual time=1871.882..2659.464 rows=1562112 loops=2)  
                                       Hash Cond: (t1.id = t2.id)  
                                       ->  Parallel Seq Scan on b0 t1  (cost=0.00..27012.32 rows=97632 width=37) (actual time=0.012..757.401 rows=3124223 loops=1)  
                                       ->  Parallel Hash  (cost=27012.32..27012.32 rows=97632 width=4) (actual time=820.929..820.929 rows=1562112 loops=2)  
                                             Buckets: 131072  Batches: 64  Memory Usage: 2976kB  
                                             ->  Parallel Seq Scan on b0 t2  (cost=0.00..27012.32 rows=97632 width=4) (actual time=0.020..745.483 rows=3124223 loops=1)  
                                 ->  Parallel Hash Join  (cost=28613.68..57929.60 rows=97630 width=33) (actual time=1324.474..1901.956 rows=1041391 loops=3)  
                                       Hash Cond: (t1_12.id = t2_12.id)  
                                       ->  Parallel Seq Scan on b12 t1_12  (cost=0.00..27011.30 rows=97630 width=37) (actual time=0.018..812.690 rows=3124172 loops=1)  
                                       ->  Parallel Hash  (cost=27011.30..27011.30 rows=97630 width=4) (actual time=585.582..585.582 rows=1041391 loops=3)  
                                             Buckets: 131072  Batches: 64  Memory Usage: 2976kB  
                                             ->  Parallel Seq Scan on b12 t2_12  (cost=0.00..27011.30 rows=97630 width=4) (actual time=0.027..795.302 rows=3124172 loops=1)  
                                 ->  Parallel Hash Join  (cost=28612.60..57927.48 rows=97627 width=33) (actual time=1756.082..2559.447 rows=1562026 loops=2)  
                                       Hash Cond: (t1_5.id = t2_5.id)  
                                       ->  Parallel Seq Scan on b5 t1_5  (cost=0.00..27010.27 rows=97627 width=37) (actual time=0.015..703.728 rows=3124053 loops=1)  
                                       ->  Parallel Hash  (cost=27010.27..27010.27 rows=97627 width=4) (actual time=815.540..815.540 rows=1562026 loops=2)  
                                             Buckets: 131072  Batches: 64  Memory Usage: 2976kB  
                                             ->  Parallel Seq Scan on b5 t2_5  (cost=0.00..27010.27 rows=97627 width=4) (actual time=0.021..735.105 rows=3124053 loops=1)  
                                 ->  Parallel Hash Join  (cost=28610.45..57923.24 rows=97620 width=33) (actual time=1231.338..1903.723 rows=1041280 loops=3)  
                                       Hash Cond: (t1_10.id = t2_10.id)  
                                       ->  Parallel Seq Scan on b10 t1_10  (cost=0.00..27008.20 rows=97620 width=37) (actual time=0.017..737.708 rows=3123840 loops=1)  
                                       ->  Parallel Hash  (cost=27008.20..27008.20 rows=97620 width=4) (actual time=552.640..552.640 rows=1041280 loops=3)  
                                             Buckets: 131072  Batches: 64  Memory Usage: 2976kB  
                                             ->  Parallel Seq Scan on b10 t2_10  (cost=0.00..27008.20 rows=97620 width=4) (actual time=0.028..759.707 rows=3123840 loops=1)  
                                 ->  Parallel Hash Join  (cost=28606.11..57914.68 rows=97605 width=33) (actual time=1787.829..2661.597 rows=1561676 loops=2)  
                                       Hash Cond: (t1_9.id = t2_9.id)  
                                       ->  Parallel Seq Scan on b9 t1_9  (cost=0.00..27004.05 rows=97605 width=37) (actual time=0.011..737.515 rows=3123353 loops=1)  
                                       ->  Parallel Hash  (cost=27004.05..27004.05 rows=97605 width=4) (actual time=807.676..807.676 rows=1561676 loops=2)  
                                             Buckets: 131072  Batches: 64  Memory Usage: 2976kB  
                                             ->  Parallel Seq Scan on b9 t2_9  (cost=0.00..27004.05 rows=97605 width=4) (actual time=0.021..741.285 rows=3123353 loops=1)  
                                 ->  Parallel Hash Join  (cost=28605.00..57912.49 rows=97600 width=33) (actual time=1959.902..2790.390 rows=1561594 loops=2)  
                                       Hash Cond: (t1_1.id = t2_1.id)  
                                       ->  Parallel Seq Scan on b1 t1_1  (cost=0.00..27003.00 rows=97600 width=37) (actual time=0.013..411.643 rows=1561594 loops=2)  
                                       ->  Parallel Hash  (cost=27003.00..27003.00 rows=97600 width=4) (actual time=827.679..827.679 rows=1561594 loops=2)  
                                             Buckets: 131072  Batches: 64  Memory Usage: 2976kB  
                                             ->  Parallel Seq Scan on b1 t2_1  (cost=0.00..27003.00 rows=97600 width=4) (actual time=0.029..731.938 rows=3123189 loops=1)  
                                 ->  Parallel Hash Join  (cost=28593.10..57889.03 rows=97560 width=33) (actual time=1779.294..2644.233 rows=1560952 loops=2)  
                                       Hash Cond: (t1_11.id = t2_11.id)  
                                       ->  Parallel Seq Scan on b11 t1_11  (cost=0.00..26991.60 rows=97560 width=37) (actual time=0.017..407.205 rows=1560952 loops=2)  
                                       ->  Parallel Hash  (cost=26991.60..26991.60 rows=97560 width=4) (actual time=734.729..734.729 rows=1560952 loops=2)  