## 官人要杯咖啡吗? - PostgreSQL实时监测PLAN tree的执行进度 - pg_query_state - Oracle 兼容10046 - progress     
### 作者                                           
digoal                                            
### 日期                                          
2016-12-08                                             
### 标签                                          
PostgreSQL , long query , plan tree , SQL进度条                                                                               
----                                          
## 背景                   
当我们在数据库中执行一些比较大的查询，或者执行比较复杂的函数时，如果要知道执行到哪里了，预计还要多久。   
怎么办呢？ 有方法得到吗？当然有。  
目前PostgreSQL支持的是传统的SQL执行方法，将（nonutility）语句parser后，根据parser tree生成plan tree, 然后根据plan tree去执行里面的每一个NODE。  
也就是说，我们实际上是可以随时查看plan tree，以及每个NODE的执行情况的（包括一些LOOP，例如 NEST LOOP JOIN）.    
比如  
```
postgres=# explain select * from a t1 join a t2 on (t1.id=t2.id) where t2.id between 1 and 10;
                                QUERY PLAN                                 
---------------------------------------------------------------------------
 Nested Loop  (cost=0.55..17.50 rows=10 width=74)
   ->  Index Scan using a_pkey on a t2  (cost=0.28..2.48 rows=10 width=37)
         Index Cond: ((id >= 1) AND (id   Index Scan using a_pkey on a t1  (cost=0.28..1.49 rows=1 width=37)
         Index Cond: (id = t2.id)
(5 rows)
```
这个QUERY包含了3个NODE，分别是index scan和nestloop.   
得到进度条的原理如下  
1\. 生成执行计划(plan tree)  
2\. 按部就班的执行  
3\. 在执行过程中，我们可以跟踪执行的NODE，输出统计信息，打印QUERY的执行进度。  
霸道插件：   
https://postgrespro.com/docs/postgrespro/10/pg-query-state   
## pg_query_state插件
Oleg 的Postgrespro公司开源的一个插件pg_query_state就是用来干这个事情的。  
可以观察SQL执行过程中动态变化的信息，包括hit, run tim, loop, memory开销等等。  
用法举例  
编译安装  
```
git clone https://github.com/postgrespro/pg_query_state
cd pg_query_state
git checkout PGPRO9_6
cd xx/postgresql-9.6.1
patch -p1   Index Scan using pk_sbtest_id on public.sbtest t1  (cost=0.43..708465.44 rows=15535467 width=190) (Current loop: actual time=0.006..305.380 rows=2046680, loop number=1)+
             |         Output: t1.id, t1.k, t1.c, t1.pad                                                                                                                                     +
             |         Buffers: shared hit=131871                                                                                                                                            +
             |   ->  Index Scan using pk_sbtest_id on public.sbtest t2  (cost=0.43..708465.44 rows=15535467 width=190) (Current loop: actual time=0.004..469.854 rows=2046681, loop number=1)+
             |         Output: t2.id, t2.k, t2.c, t2.pad                                                                                                                                     +
             |         Buffers: shared hit=131872
leader_pid   | 
postgres=# select * from pg_query_state(36918,true,true,true,true,true);
-[ RECORD 1 ]+-------------------------------------------------------------------------------------------------------------------------------------------------------------------------------
pid          | 36918
frame_number | 0
query_text   | select * from sbtest t1 join sbtest t2 on (t1.id=t2.id);
plan         | Merge Join  (cost=0.87..1649962.89 rows=15535467 width=380) (Current loop: actual time=0.014..2648.177 rows=2882712, loop number=1)                                           +
             |   Output: t1.id, t1.k, t1.c, t1.pad, t2.id, t2.k, t2.c, t2.pad                                                                                                                +
             |   Merge Cond: (t1.id = t2.id)                                                                                                                                                 +
             |   Buffers: shared hit=643548                                                                                                                                                  +
             |   ->  Index Scan using pk_sbtest_id on public.sbtest t1  (cost=0.43..708465.44 rows=15535467 width=190) (Current loop: actual time=0.006..453.747 rows=2882712, loop number=1)+
             |         Output: t1.id, t1.k, t1.c, t1.pad                                                                                                                                     +
             |         Buffers: shared hit=321774                                                                                                                                            +
             |   ->  Index Scan using pk_sbtest_id on public.sbtest t2  (cost=0.43..708465.44 rows=15535467 width=190) (Current loop: actual time=0.004..723.293 rows=2882712, loop number=1)+
             |         Output: t2.id, t2.k, t2.c, t2.pad                                                                                                                                     +
             |         Buffers: shared hit=321774
leader_pid   | 
postgres=# select * from pg_query_state(36918,true,true,true,true,true);
-[ RECORD 1 ]+--------------------------------------------------------------------------------------------------------------------------------------------------------------------------------
pid          | 36918
frame_number | 0
query_text   | select * from sbtest t1 join sbtest t2 on (t1.id=t2.id);
plan         | Merge Join  (cost=0.87..1649962.89 rows=15535467 width=380) (Current loop: actual time=0.014..4218.101 rows=4407527, loop number=1)                                            +
             |   Output: t1.id, t1.k, t1.c, t1.pad, t2.id, t2.k, t2.c, t2.pad                                                                                                                 +
             |   Merge Cond: (t1.id = t2.id)                                                                                                                                                  +
             |   Buffers: shared hit=1288884                                                                                                                                                  +
             |   ->  Index Scan using pk_sbtest_id on public.sbtest t1  (cost=0.43..708465.44 rows=15535467 width=190) (Current loop: actual time=0.006..719.731 rows=4407527, loop number=1) +
             |         Output: t1.id, t1.k, t1.c, t1.pad                                                                                                                                      +
             |         Buffers: shared hit=644442                                                                                                                                             +
             |   ->  Index Scan using pk_sbtest_id on public.sbtest t2  (cost=0.43..708465.44 rows=15535467 width=190) (Current loop: actual time=0.004..1183.861 rows=4407527, loop number=1)+
             |         Output: t2.id, t2.k, t2.c, t2.pad                                                                                                                                      +
             |         Buffers: shared hit=644442
leader_pid   | 
查询结束，结果返回中，这时显示的是backend is idle    
postgres=# \set VERBOSITY verbose