   Heap Blocks: lossy=384  
   Buffers: shared hit=6708  
   ->  BitmapOr  (cost=6324.38..6324.38 rows=180864 width=0) (actual time=184.896..184.896 rows=0 loops=1)  
         Buffers: shared hit=6324  
         ->  Bitmap Index Scan on idx_bi1  (cost=0.00..2069.63 rows=20096 width=0) (actual time=61.600..61.600 rows=1280 loops=1)  
               Index Cond: ((bi_user_tmall_vis1.bid = 1) AND (bi_user_tmall_vis1.cnt >= 1) AND (bi_user_tmall_vis1.cnt   Bitmap Index Scan on idx_bi1  (cost=0.00..2069.73 rows=80384 width=0) (actual time=61.522..61.522 rows=1280 loops=1)  
               Index Cond: ((bi_user_tmall_vis1.bid = 2000) AND (bi_user_tmall_vis1.cnt   Bitmap Index Scan on idx_bi1  (cost=0.00..2069.73 rows=80384 width=0) (actual time=61.773..61.773 rows=1280 loops=1)  
               Index Cond: ((bi_user_tmall_vis1.bid = 12000) AND (bi_user_tmall_vis1.cnt = 1) AND (bi_user_tmall_vis1.cnt   Bitmap Index Scan on idx_bi  (cost=0.00..1036.16 rows=40192 width=0) (actual time=30.251..30.251 rows=2560 loops=1)  
         Index Cond: ((bi_user_tmall_vis1.bid = 1) AND (bi_user_tmall_vis1.cnt >= 1) AND (bi_user_tmall_vis1.cnt = 1) AND (bi_user_tmall_vis1.cnt   BitmapOr  (cost=3223.91..3223.91 rows=200960 width=0) (actual time=90.746..90.746 rows=0 loops=1)  
         Buffers: shared hit=3162  
         ->  Bitmap Index Scan on idx_bi  (cost=0.00..1036.16 rows=40192 width=0) (actual time=30.838..30.838 rows=2560 loops=1)  
               Index Cond: ((bi_user_tmall_vis1.bid = 1) AND (bi_user_tmall_vis1.cnt >= 1) AND (bi_user_tmall_vis1.cnt   Bitmap Index Scan on idx_bi  (cost=0.00..1036.23 rows=80384 width=0) (actual time=29.966..29.966 rows=2560 loops=1)  
               Index Cond: ((bi_user_tmall_vis1.bid = 2000) AND (bi_user_tmall_vis1.cnt   Bitmap Index Scan on idx_bi  (cost=0.00..1036.23 rows=80384 width=0) (actual time=29.940..29.940 rows=2560 loops=1)  
               Index Cond: ((bi_user_tmall_vis1.bid = 12000) AND (bi_user_tmall_vis1.cnt = 1) AND (bi_user_tmall_vis1.cnt   Bitmap Index Scan on idx_bi  (cost=0.00..519.63 rows=80384 width=0) (actual time=16.010..16.010 rows=5120 loops=1)  
         Index Cond: ((bi_user_tmall_vis1.bid = 1) AND (bi_user_tmall_vis1.cnt >= 1) AND (bi_user_tmall_vis1.cnt = 1) AND (bi_user_tmall_vis1.cnt   BitmapOr  (cost=1674.17..1674.17 rows=241151 width=0) (actual time=47.099..47.099 rows=0 loops=1)  
         Buffers: shared hit=1584  
         ->  Bitmap Index Scan on idx_bi  (cost=0.00..519.63 rows=80384 width=0) (actual time=16.167..16.167 rows=5120 loops=1)  
               Index Cond: ((bi_user_tmall_vis1.bid = 1) AND (bi_user_tmall_vis1.cnt >= 1) AND (bi_user_tmall_vis1.cnt   Bitmap Index Scan on idx_bi  (cost=0.00..519.63 rows=80384 width=0) (actual time=15.494..15.494 rows=5120 loops=1)  
               Index Cond: ((bi_user_tmall_vis1.bid = 2000) AND (bi_user_tmall_vis1.cnt   Bitmap Index Scan on idx_bi  (cost=0.00..519.63 rows=80384 width=0) (actual time=15.437..15.437 rows=5120 loops=1)  
               Index Cond: ((bi_user_tmall_vis1.bid = 12000) AND (bi_user_tmall_vis1.cnt = 1) AND (bi_user_tmall_vis1.cnt   BitmapOr  (cost=252.98..252.98 rows=3006577 width=0) (actual time=4.010..4.010 rows=0 loops=1)  
         Buffers: shared hit=126  
         ->  Bitmap Index Scan on idx_bi  (cost=0.00..45.90 rows=1002192 width=0) (actual time=1.373..1.373 rows=63840 loops=1)  
               Index Cond: ((bi_user_tmall_vis1.bid = 1) AND (bi_user_tmall_vis1.cnt >= 1) AND (bi_user_tmall_vis1.cnt   Bitmap Index Scan on idx_bi  (cost=0.00..45.90 rows=1002192 width=0) (actual time=1.325..1.325 rows=63840 loops=1)  
               Index Cond: ((bi_user_tmall_vis1.bid = 2000) AND (bi_user_tmall_vis1.cnt   Bitmap Index Scan on idx_bi  (cost=0.00..45.90 rows=1002192 width=0) (actual time=1.310..1.310 rows=63840 loops=1)  
               Index Cond: ((bi_user_tmall_vis1.bid = 12000) AND (bi_user_tmall_vis1.cnt = 1) AND (bi_user_tmall_vis1.cnt   BitmapOr  (cost=132.06..132.06 rows=2004385 width=0) (actual time=2.720..2.720 rows=0 loops=1)  