-----------------------------------------------------------------------------  
 Hash Join  (cost=8.56..1616.65 rows=9 width=94)  
   Hash Cond: (b.id = a.id)  
   ->  Seq Scan on b  (cost=0.00..1233.00 rows=100000 width=47)  
   ->  Hash  (cost=8.45..8.45 rows=9 width=47)  
         ->  Index Scan using a_pkey on a  (cost=0.29..8.45 rows=9 width=47)  
               Index Cond: (id   Index Scan using a_pkey on a  (cost=0.29..8.45 rows=9 width=47)  
         Index Cond: (id   Index Scan using b_pkey on b  (cost=0.29..8.31 rows=1 width=47)  
         Index Cond: (id = a.id)  
(5 rows)  
```  
使用pg_hint_plan来改变PostgreSQL的执行计划 :   
```  
postgres=# /*+                                   
  HashJoin(a b)  
  SeqScan(b)  
*/ explain select a.*,b.* from a,b where a.id=b.id and a.id  Seq Scan on b  (cost=0.00..1233.00 rows=100000 width=47)  
   ->  Hash  (cost=8.45..8.45 rows=9 width=47)  
         ->  Index Scan using a_pkey on a  (cost=0.29..8.45 rows=9 width=47)  
               Index Cond: (id   Bitmap Index Scan on a_pkey  (cost=0.00..4.36 rows=9 width=0)  
         Index Cond: (id )|	Forces join order and directions as specified. A join pair is a pair of tables and/or other join pairs enclosed by parentheses, which can make a nested structure.  
Rows(table table[ table...] correction)|	Corrects row number of a result of the joins consist of the specfied tables. The available correction methods are absolute (#), addition (+), subtract (-) and multiplication (*).  should be a string that strtod() can read.  
Set(GUC-param value)|	Set the GUC parameter to the value while planner is running.  
## 参考  
1\. http://pghintplan.sourceforge.jp/pg_hint_plan-en.html  
2\. http://pghintplan.sourceforge.jp/pg_hint_plan.html  
3\. http://pghintplan.sourceforge.jp/  
4\. http://pghintplan.sourceforge.jp/hint_list.html  
5\. src/backend/utils/cache/plancache.c  
6\. src/backend/optimizer/path/costsize.c  
7\. https://github.com/ossc-db/pg_hint_plan/releases   
8\. https://www.openscg.com/bigsql/docs/hintplan/  
#### [PostgreSQL 许愿链接](https://github.com/digoal/blog/issues/76 "269ac3d1c492e938c0191101c7238216")
您的愿望将传达给PG kernel hacker、数据库厂商等, 帮助提高数据库产品质量和功能, 说不定下一个PG版本就有您提出的功能点. 针对非常好的提议，奖励限量版PG文化衫、纪念品、贴纸、PG热门书籍等，奖品丰富，快来许愿。[开不开森](https://github.com/digoal/blog/issues/76 "269ac3d1c492e938c0191101c7238216").  
#### [9.9元购买3个月阿里云RDS PostgreSQL实例](https://www.aliyun.com/database/postgresqlactivity "57258f76c37864c6e6d23383d05714ea")
#### [PostgreSQL 解决方案集合](https://yq.aliyun.com/topic/118 "40cff096e9ed7122c512b35d8561d9c8")
#### [德哥 / digoal's github - 公益是一辈子的事.](https://github.com/digoal/blog/blob/master/README.md "22709685feb7cab07d30f30387f0a9ae")
![digoal's wechat](../pic/digoal_weixin.jpg "f7ad92eeba24523fd47a6e1a0e691b59")
#### [PolarDB 学习图谱: 训练营、培训认证、在线互动实验、解决方案、生态合作、写心得拿奖品](https://www.aliyun.com/database/openpolardb/activity "8642f60e04ed0c814bf9cb9677976bd4")
#### [购买PolarDB云服务折扣活动进行中, 55元起](https://www.aliyun.com/activity/new/polardb-yunparter?userCode=bsb3t4al "e0495c413bedacabb75ff1e880be465a")
#### [About 德哥](https://github.com/digoal/blog/blob/master/me/readme.md "a37735981e7704886ffd590565582dd0")