### 监视GPU使用情况  
```  
for ((i=1;i>0;)) ; do nvidia-smi ;sleep 0.3; done  
```  
例如  
```  
Sat Jun  2 18:06:47 2018         
+-----------------------------------------------------------------------------+  
| NVIDIA-SMI 396.26                 Driver Version: 396.26                    |  
|-------------------------------+----------------------+----------------------+  
| GPU  Name        Persistence-M| Bus-Id        Disp.A | Volatile Uncorr. ECC |  
| Fan  Temp  Perf  Pwr:Usage/Cap|         Memory-Usage | GPU-Util  Compute M. |  
|===============================+======================+======================|  
|   0  GeForce MX150       On   | 00000000:01:00.0 Off |                  N/A |  
| N/A   45C    P0    N/A /  N/A |   1904MiB /  2002MiB |     74%      Default |  
+-------------------------------+----------------------+----------------------+  
+-----------------------------------------------------------------------------+  
| Processes:                                                       GPU Memory |  
|  GPU       PID   Type   Process name                             Usage      |  
|=============================================================================|  
|    0      3217      C   ...bgworker: PG-Strom GPU memory keeper       29MiB |  
|    0     13936      C   ...gres: postgres postgres [local] EXPLAIN   651MiB |  
|    0     15011      C   ...orker: parallel worker for PID 13936       31MiB |  
|    0     15012      C   ...orker: parallel worker for PID 13936      543MiB |  
|    0     15013      C   ...orker: parallel worker for PID 13936      543MiB |  
|    0     15014      C   ...orker: parallel worker for PID 13936       31MiB |  
+-----------------------------------------------------------------------------+  
```  
### 1、CPU单线程性能  
```  
postgres=# set pg_strom.enabled=off;  
SET  
postgres=# set max_parallel_workers_per_gather =0;  
SET  
postgres=# explain (analyze,verbose,timing,costs,buffers) select count(*) from test2;  
                                                             QUERY PLAN                                                                
-------------------------------------------------------------------------------------------------------------------------------------  
 Aggregate  (cost=2484568.10..2484568.11 rows=1 width=8) (actual time=10267.721..10267.721 rows=1 loops=1)  
   Output: count(*)  
   Buffers: shared hit=523958 read=710610  
   ->  Seq Scan on public.test2  (cost=0.00..2234568.08 rows=100000008 width=0) (actual time=0.047..6228.239 rows=100000000 loops=1)  
         Output: id, c1, c2, c3, c4, c5, c6, info, crt_time  
         Buffers: shared hit=523958 read=710610  
 Planning time: 0.027 ms  
 Execution time: 10267.740 ms  
(8 rows)  
```  
### 2、CPU 8并行性能  
```  
postgres=# alter table test2 set (parallel_workers =8);  
ALTER TABLE  
postgres=# set max_parallel_workers=8;  
SET  
postgres=# set max_parallel_workers_per_gather =8;  
SET  
postgres=# set min_parallel_table_scan_size =0;  
SET  
postgres=# set min_parallel_index_scan_size =0;  
SET  
postgres=# set parallel_setup_cost =0;  
SET  
postgres=# set parallel_tuple_cost =0;  
SET  
postgres=# explain (analyze,verbose,timing,costs,buffers) select count(*) from test2;  
                                                                       QUERY PLAN                                                                         
--------------------------------------------------------------------------------------------------------------------------------------------------------  
 Finalize Aggregate  (cost=1390818.04..1390818.05 rows=1 width=8) (actual time=3880.696..3880.696 rows=1 loops=1)  
   Output: count(*)  
   Buffers: shared hit=71018 read=85656  
   ->  Gather  (cost=1390818.01..1390818.02 rows=8 width=8) (actual time=3880.594..3880.689 rows=9 loops=1)  
         Output: (PARTIAL count(*))  
         Workers Planned: 8  
         Workers Launched: 8  
         Buffers: shared hit=71018 read=85656  
         ->  Partial Aggregate  (cost=1390818.01..1390818.02 rows=1 width=8) (actual time=3875.612..3875.612 rows=1 loops=9)  
               Output: PARTIAL count(*)  
               Buffers: shared hit=523746 read=710822  
               Worker 0: actual time=3871.383..3871.383 rows=1 loops=1  
                 Buffers: shared hit=47504 read=77059  
               Worker 1: actual time=3874.584..3874.584 rows=1 loops=1  
                 Buffers: shared hit=59711 read=79174  
               Worker 2: actual time=3875.274..3875.274 rows=1 loops=1  
                 Buffers: shared hit=63269 read=83568  
               Worker 3: actual time=3875.374..3875.374 rows=1 loops=1  
                 Buffers: shared hit=47974 read=78593  
               Worker 4: actual time=3875.672..3875.672 rows=1 loops=1  
                 Buffers: shared hit=50391 read=78277  
               Worker 5: actual time=3875.673..3875.673 rows=1 loops=1  
                 Buffers: shared hit=62747 read=80742  
               Worker 6: actual time=3876.171..3876.171 rows=1 loops=1  
                 Buffers: shared hit=60133 read=74830  
               Worker 7: actual time=3876.076..3876.076 rows=1 loops=1  
                 Buffers: shared hit=60999 read=72923  
               ->  Parallel Seq Scan on public.test2  (cost=0.00..1359568.01 rows=12500001 width=0) (actual time=6.153..2455.395 rows=11111111 loops=9)  
                     Buffers: shared hit=523746 read=710822  
                     Worker 0: actual time=3.037..2499.978 rows=10089603 loops=1  
                       Buffers: shared hit=47504 read=77059  
                     Worker 1: actual time=6.264..2479.669 rows=11249685 loops=1  
                       Buffers: shared hit=59711 read=79174  
                     Worker 2: actual time=6.939..2491.519 rows=11893797 loops=1  
                       Buffers: shared hit=63269 read=83568  
                     Worker 3: actual time=7.031..2505.125 rows=10251927 loops=1  
                       Buffers: shared hit=47974 read=78593  
                     Worker 4: actual time=7.339..2440.868 rows=10422108 loops=1  
                       Buffers: shared hit=50391 read=78277  
                     Worker 5: actual time=7.338..2419.677 rows=11622609 loops=1  
                       Buffers: shared hit=62747 read=80742  
                     Worker 6: actual time=7.750..2494.325 rows=10932003 loops=1  
                       Buffers: shared hit=60133 read=74830  
                     Worker 7: actual time=7.874..2459.809 rows=10847682 loops=1  
                       Buffers: shared hit=60999 read=72923  
 Planning time: 0.034 ms  
 Execution time: 3912.956 ms  
(47 rows)  
```  
### 3、纯GPU计算性能  
```  
postgres=# set pg_strom.enabled=on;  
SET  
postgres=# set max_parallel_workers_per_gather =0;  
SET  
postgres=# explain (analyze,verbose,timing,costs,buffers) select count(*) from test2;  
                                                                   QUERY PLAN                                                                      
-------------------------------------------------------------------------------------------------------------------------------------------------  
 Aggregate  (cost=1234571.56..1234571.57 rows=1 width=8) (actual time=19079.585..19079.585 rows=1 loops=1)  
   Output: pgstrom.sum((pgstrom.nrows()))  
   Buffers: shared hit=524347 read=710389  
   ->  Custom Scan (GpuPreAgg) on public.test2  (cost=1234567.99..1234570.54 rows=204 width=8) (actual time=19079.579..19079.581 rows=1 loops=1)  
         Output: (pgstrom.nrows())  
         Reduction: NoGroup  
         GPU Projection: pgstrom.nrows()  
         Outer Scan: public.test2  (cost=0.00..1234567.99 rows=100000008 width=0) (actual time=41.911..11316.219 rows=100000000 loops=1)  
         Buffers: shared hit=524347 read=710389  
 Planning time: 0.072 ms  
 Execution time: 19200.596 ms  
(11 rows)  
```  
### 4、CPU + GPU Hybrid 并行(JOIN)  
```  
postgres=# explain (analyze,verbose,timing,costs,buffers) select test1.c1,count(*) from test1 join test2 using (id) group by 1;  
INFO:  expand KDS  
INFO:  expand KDS  
INFO:  expand KDS  
INFO:  expand KDS  
INFO:  expand KDS  
INFO:  expand KDS  
                                                                                   QUERY PLAN                                                                                      
---------------------------------------------------------------------------------------------------------------------------------------------------------------------------------  
 Finalize GroupAggregate  (cost=914544.97..914585.01 rows=1001 width=12) (actual time=19136.788..19137.590 rows=1001 loops=1)  
   Output: test1.c1, count(*)  
   Group Key: test1.c1  
   Buffers: shared hit=87871 read=291228 dirtied=93457  
   ->  Sort  (cost=914544.97..914554.98 rows=4004 width=12) (actual time=19136.782..19137.047 rows=5005 loops=1)  
         Output: test1.c1, (PARTIAL count(*))  
         Sort Key: test1.c1  
         Sort Method: quicksort  Memory: 427kB  
         Buffers: shared hit=87871 read=291228 dirtied=93457  
         ->  Gather  (cost=913894.98..914305.39 rows=4004 width=12) (actual time=19134.168..19135.630 rows=5005 loops=1)  
               Output: test1.c1, (PARTIAL count(*))  
               Workers Planned: 4  
               Workers Launched: 4  
               Buffers: shared hit=87871 read=291228 dirtied=93457  
               ->  Partial HashAggregate  (cost=912894.98..912904.99 rows=1001 width=12) (actual time=18898.188..18898.378 rows=1001 loops=5)  
                     Output: test1.c1, PARTIAL count(*)  
                     Group Key: test1.c1  
                     Buffers: shared hit=400675 read=957516 dirtied=93457  
                     Worker 0: actual time=18831.297..18831.439 rows=1001 loops=1  
                       Buffers: shared hit=81851 read=162222  
                     Worker 1: actual time=18826.660..18826.794 rows=1001 loops=1  
                       Buffers: shared hit=79165 read=171741  
                     Worker 2: actual time=18853.051..18853.252 rows=1001 loops=1  
                       Buffers: shared hit=75827 read=164053  
                     Worker 3: actual time=18846.072..18846.363 rows=1001 loops=1  
                       Buffers: shared hit=75961 read=168272  
                     ->  Parallel Custom Scan (GpuJoin) on public.test2  (cost=305821.31..900394.95 rows=2500004 width=4) (actual time=5137.898..18534.841 rows=2000000 loops=5)  
                           Output: test1.c1  
                           GPU Projection: test1.c1::integer  
                           Outer Scan: public.test2  (cost=0.00..1484568.02 rows=25000002 width=4) (actual time=52.988..10885.120 rows=100000000 loops=1)  
                           Depth 1: GpuHashJoin  (plan nrows: 25000002...10000017, actual nrows: 100000000...10000000)  
                                    HashKeys: test2.id  
                                    JoinQuals: (test1.id = test2.id)  
                                    KDS-Hash (size plan: 1306.54MB, exec: 619.89MB)  
                           Buffers: shared hit=400675 read=957516 dirtied=93457  
                           Worker 0: actual time=5070.397..18501.451 rows=1782000 loops=1  
                             Buffers: shared hit=81851 read=162222  
                           Worker 1: actual time=5081.957..18469.909 rows=2278432 loops=1  
                             Buffers: shared hit=79165 read=171741  
                           Worker 2: actual time=5089.948..18480.672 rows=1782000 loops=1  
                             Buffers: shared hit=75827 read=164053  
                           Worker 3: actual time=5079.179..18429.854 rows=2375568 loops=1  
                             Buffers: shared hit=75961 read=168272  
                           ->  Seq Scan on public.test1  (cost=0.00..223457.17 rows=10000017 width=8) (actual time=0.048..1327.631 rows=10000000 loops=1)  
                                 Output: test1.c1, test1.id  
                                 Buffers: shared read=123457 dirtied=93457  
 Planning time: 0.432 ms  
 Execution time: 19543.995 ms  
(48 rows)  
```  
### 5、CPU 8并行性能 带过滤条件  
```  
postgres=#  explain (analyze,verbose,timing,costs,buffers) select count(*) from test2 where c1=1 and c2=1 and c3=1;    
                                                              QUERY PLAN                                                                 
---------------------------------------------------------------------------------------------------------------------------------------  
 Aggregate  (cost=1453318.02..1453318.03 rows=1 width=8) (actual time=3102.109..3102.110 rows=1 loops=1)  
   Output: count(*)  
   Buffers: shared hit=84048 read=77143  
   ->  Gather  (cost=0.00..1453318.02 rows=1 width=0) (actual time=3102.106..3102.106 rows=0 loops=1)  
         Workers Planned: 8  
         Workers Launched: 8  
         Buffers: shared hit=84048 read=77143  
         ->  Parallel Seq Scan on public.test2  (cost=0.00..1453318.02 rows=1 width=0) (actual time=3097.455..3097.455 rows=0 loops=9)  
               Filter: ((test2.c1 = 1) AND (test2.c2 = 1) AND (test2.c3 = 1))  
               Rows Removed by Filter: 11111111  
               Buffers: shared hit=523785 read=710783  
               Worker 0: actual time=3095.289..3095.289 rows=0 loops=1  
                 Buffers: shared hit=48354 read=77435  
               Worker 1: actual time=3097.338..3097.338 rows=0 loops=1  
                 Buffers: shared hit=54859 read=81727  
               Worker 2: actual time=3097.529..3097.529 rows=0 loops=1  
                 Buffers: shared hit=62407 read=75553  
               Worker 3: actual time=3097.385..3097.385 rows=0 loops=1  
                 Buffers: shared hit=57156 read=75919  
               Worker 4: actual time=3097.045..3097.045 rows=0 loops=1  
                 Buffers: shared hit=65263 read=85744  
               Worker 5: actual time=3096.643..3096.643 rows=0 loops=1  
                 Buffers: shared hit=48228 read=81173  
               Worker 6: actual time=3097.603..3097.603 rows=0 loops=1  
                 Buffers: shared hit=58163 read=83321  
               Worker 7: actual time=3096.654..3096.654 rows=0 loops=1  
                 Buffers: shared hit=45307 read=72768  
 Planning time: 0.068 ms  
 Execution time: 3132.210 ms  
(29 rows)  
```  
### 6、GPU 8并行 带过滤条件  
```  
postgres=#  explain (analyze,verbose,timing,costs,buffers) select count(*) from test2 where c1=1 and c2=1 and c3=1;    
                                                                        QUERY PLAN                                                                          
----------------------------------------------------------------------------------------------------------------------------------------------------------  
 Aggregate  (cost=623874.35..623874.36 rows=1 width=8) (actual time=13098.067..13098.067 rows=1 loops=1)  
   Output: count(*)  
   Buffers: shared hit=60280 read=120792  
   ->  Gather  (cost=216409.65..623874.35 rows=1 width=0) (actual time=13098.063..13098.063 rows=0 loops=1)  
         Workers Planned: 8  
         Workers Launched: 8  
         Buffers: shared hit=60280 read=120792  
         ->  Parallel Custom Scan (GpuScan) on public.test2  (cost=216409.65..623874.35 rows=0 width=0) (actual time=12303.088..12303.088 rows=0 loops=9)  
               GPU Filter: ((test2.c1 = 1) AND (test2.c2 = 1) AND (test2.c3 = 1))  
               Rows Removed by GPU Filter: 11111111  
               Buffers: shared hit=523974 read=710758  
               Worker 0: actual time=12196.062..12196.062 rows=0 loops=1  
                 Buffers: shared hit=57502 read=73923  
               Worker 1: actual time=12188.136..12188.136 rows=0 loops=1  
                 Buffers: shared hit=56825 read=75433  
               Worker 2: actual time=12193.043..12193.043 rows=0 loops=1  
                 Buffers: shared hit=58796 read=72821  
               Worker 3: actual time=12186.943..12186.943 rows=0 loops=1  
                 Buffers: shared hit=58045 read=73340  
               Worker 4: actual time=12217.669..12217.669 rows=0 loops=1  
                 Buffers: shared hit=57882 read=74376  
               Worker 5: actual time=12192.314..12192.314 rows=0 loops=1  
                 Buffers: shared hit=58102 read=75124  
               Worker 6: actual time=12225.335..12225.335 rows=0 loops=1  
                 Buffers: shared hit=57429 read=70332  
               Worker 7: actual time=12232.576..12232.576 rows=0 loops=1  
                 Buffers: shared hit=59113 read=74617  
 Planning time: 0.101 ms  
 Execution time: 13578.649 ms  
(29 rows)  
```  
各个gpu worker使用的GPU内存均衡  