## PostgreSQL 如何让 列存（外部列存） 并行起来  
### 作者        
digoal        
### 日期         
2017-10-14       
### 标签        
PostgreSQL , 列存 , cstore , append parallel , 继承    
----                    
## 背景        
PostgreSQL 10已经实现了大部分操作的并行计算，例如（全表扫描，索引扫描，位图扫描，哈希JOIN，哈希聚合，分组聚合，排序，建索引等）。      
对于外部表，要实现并行扫描，PostgreSQL有什么方法呢？  
PostgreSQL不仅支持单个对象的并行计算，还支持多个对象的并行访问。多个对象的并行访问，包括继承表、分区表、继承外部表、UNION、UNION ALL等语义。  
这个patch：  
https://commitfest.postgresql.org/15/987/  
例如：  
某个父表有4个继承表，当查询父表时，可以并行的访问父表以及它的继承表。（继承可以是本地的物化视图、本地表、或者外部表对象）。这就给并行访问外部列存表提供了技术基础。  
并行访问外部表带来了一个全新的能力，可以把 PG 10+ 作为一个具备完整SQL语义，强大功能的中间件。  
## 试用这个patch  
1、使用这个PATCH  
```  
wget https://ftp.postgresql.org/pub/snapshot/dev/postgresql-snapshot.tar.bz2  
wget https://www.postgresql.org/message-id/attachment/55680/ParallelAppend_v17.patch  
tar -jxvf postgresql-snapshot.tar.bz2  
cd postgresql-11devel/  
patch -p 1   Gather  (cost=0.00..278720.11 rows=5 width=0) (actual time=0.376..406.042 rows=4 loops=1)  
         Workers Planned: 8  
         Workers Launched: 8  
         Buffers: shared hit=30906  
         ->  Append  (cost=0.00..278720.11 rows=5 width=0) (actual time=325.088..402.806 rows=0 loops=9)  
               Buffers: shared hit=216220  
               Worker 0: actual time=401.809..401.809 rows=0 loops=1  
                 Buffers: shared hit=23064  
               Worker 1: actual time=402.125..402.125 rows=0 loops=1  
                 Buffers: shared hit=23156  
               Worker 2: actual time=402.255..402.255 rows=0 loops=1  
                 Buffers: shared hit=23494  
               Worker 3: actual time=402.448..402.448 rows=0 loops=1  
                 Buffers: shared hit=23337  
               Worker 4: actual time=305.167..402.598 rows=1 loops=1  
                 Buffers: shared hit=23572  
               Worker 5: actual time=206.445..402.817 rows=1 loops=1  
                 Buffers: shared hit=22803  
               Worker 6: actual time=402.630..402.630 rows=0 loops=1  
                 Buffers: shared hit=22971  
               Worker 7: actual time=402.905..402.905 rows=0 loops=1  
                 Buffers: shared hit=22917  
               ->  Parallel Seq Scan on public.p  (cost=0.00..0.00 rows=1 width=0) (actual time=0.000..0.000 rows=0 loops=9)  
                     Filter: (p.id = 2)  
                     Worker 0: actual time=0.000..0.000 rows=0 loops=1  
                     Worker 1: actual time=0.000..0.000 rows=0 loops=1  
                     Worker 2: actual time=0.000..0.000 rows=0 loops=1  
                     Worker 3: actual time=0.000..0.000 rows=0 loops=1  
                     Worker 4: actual time=0.000..0.000 rows=0 loops=1  
                     Worker 5: actual time=0.000..0.000 rows=0 loops=1  
                     Worker 6: actual time=0.000..0.000 rows=0 loops=1  
                     Worker 7: actual time=0.001..0.001 rows=0 loops=1  
               ->  Parallel Seq Scan on public.c1  (cost=0.00..69680.27 rows=1 width=0) (actual time=93.294..105.312 rows=0 loops=9)  
                     Filter: (c1.id = 2)  
                     Rows Removed by Filter: 1111111  
                     Buffers: shared hit=54055  
                     Worker 0: actual time=104.313..104.313 rows=0 loops=1  
                       Buffers: shared hit=5554  
                     Worker 1: actual time=104.637..104.637 rows=0 loops=1  
                       Buffers: shared hit=5598  
                     Worker 2: actual time=104.762..104.762 rows=0 loops=1  
                       Buffers: shared hit=5857  
                     Worker 3: actual time=104.952..104.952 rows=0 loops=1  
                       Buffers: shared hit=5827  
                     Worker 4: actual time=105.111..105.111 rows=0 loops=1  
                       Buffers: shared hit=5896  
                     Worker 5: actual time=105.328..105.328 rows=0 loops=1  
                       Buffers: shared hit=5664  
                     Worker 6: actual time=105.121..105.121 rows=0 loops=1  
                       Buffers: shared hit=5692  
                     Worker 7: actual time=105.414..105.414 rows=0 loops=1  
                       Buffers: shared hit=5713  
               ->  Parallel Seq Scan on public.c2  (cost=0.00..69679.78 rows=1 width=0) (actual time=89.870..101.103 rows=0 loops=9)  
                     Filter: (c2.id = 2)  
                     Rows Removed by Filter: 1111111  
                     Buffers: shared hit=54055  
                     Worker 0: actual time=101.104..101.104 rows=0 loops=1  
                       Buffers: shared hit=5849  
                     Worker 1: actual time=101.107..101.107 rows=0 loops=1  
                       Buffers: shared hit=5864  
                     Worker 2: actual time=101.102..101.102 rows=0 loops=1  
                       Buffers: shared hit=5900  
                     Worker 3: actual time=101.096..101.096 rows=0 loops=1  
                       Buffers: shared hit=5859  
                     Worker 4: actual time=101.112..101.112 rows=0 loops=1  
                       Buffers: shared hit=5920  
                     Worker 5: actual time=101.095..101.095 rows=0 loops=1  
                       Buffers: shared hit=5798  
                     Worker 6: actual time=101.108..101.108 rows=0 loops=1  
                       Buffers: shared hit=5843  
                     Worker 7: actual time=101.104..101.104 rows=0 loops=1  
                       Buffers: shared hit=5818  
               ->  Parallel Seq Scan on public.c3  (cost=0.00..69679.78 rows=1 width=0) (actual time=87.947..98.939 rows=0 loops=9)  
                     Filter: (c3.id = 2)  
                     Rows Removed by Filter: 1111111  
                     Buffers: shared hit=54055  
                     Worker 0: actual time=98.939..98.939 rows=0 loops=1  
                       Buffers: shared hit=5853  
                     Worker 1: actual time=98.929..98.929 rows=0 loops=1  
                       Buffers: shared hit=5870  
                     Worker 2: actual time=98.952..98.952 rows=0 loops=1  
                       Buffers: shared hit=5918  
                     Worker 3: actual time=98.940..98.940 rows=0 loops=1  
                       Buffers: shared hit=5826  
                     Worker 4: actual time=98.928..98.928 rows=0 loops=1  
                       Buffers: shared hit=5886  