                                                                                                   ->  CTE Scan on a6  (cost=0.00..0.02 rows=1 width=8)  
                                                                                             ->  CTE Scan on a5  (cost=0.00..0.02 rows=1 width=8)  
                                                                                       ->  CTE Scan on a11  (cost=0.00..0.02 rows=1 width=8)  
                                                                                 ->  CTE Scan on a15  (cost=0.00..0.02 rows=1 width=8)  
                                                                           ->  CTE Scan on a4  (cost=0.00..0.02 rows=1 width=8)  
                                                                     ->  CTE Scan on a19  (cost=0.00..0.02 rows=1 width=8)  
                                                               ->  CTE Scan on a2  (cost=0.00..0.02 rows=1 width=8)  
                                                         ->  CTE Scan on a8  (cost=0.00..0.02 rows=1 width=8)  
                                                   ->  CTE Scan on a10  (cost=0.00..0.02 rows=1 width=8)  
                                             ->  CTE Scan on a21  (cost=0.00..0.02 rows=1 width=8)  
                                       ->  CTE Scan on a20  (cost=0.00..0.02 rows=1 width=8)  
                                 ->  CTE Scan on a16  (cost=0.00..0.02 rows=1 width=8)  
                           ->  CTE Scan on a1  (cost=0.00..0.02 rows=1 width=8)  
                     ->  CTE Scan on a17  (cost=0.00..0.02 rows=1 width=8)  
               ->  CTE Scan on a7  (cost=0.00..0.02 rows=1 width=8)  
         ->  CTE Scan on a22  (cost=0.00..0.02 rows=1 width=8)  
   ->  CTE Scan on a12  (cost=0.00..0.02 rows=1 width=8)  
(114 rows)  
with           
a0 as (select count(*) from ccc0) ,   
a1 as (select count(*) from ccc1) ,   
a2 as (select count(*) from ccc2) ,  
a3 as (select count(*) from ccc3) ,  
a4 as (select count(*) from ccc4) ,  
a5 as (select count(*) from ccc5) ,  
a6 as (select count(*) from ccc6) ,  
a7 as (select count(*) from ccc7) ,  
a8 as (select count(*) from ccc8) ,  
a9 as (select count(*) from ccc9) ,  
a10 as (select count(*) from ccc10) ,   
a11 as (select count(*) from ccc11) ,   
a12 as (select count(*) from ccc12) ,  
a13 as (select count(*) from ccc13) ,  
a14 as (select count(*) from ccc14) ,  
a15 as (select count(*) from ccc15) ,  
a16 as (select count(*) from ccc16) ,  
a17 as (select count(*) from ccc17) ,  
a18 as (select count(*) from ccc18) ,  
a19 as (select count(*) from ccc19) ,  
a20 as (select count(*) from ccc20) ,   
a21 as (select count(*) from ccc21) ,   
a22 as (select count(*) from ccc22) ,  
a23 as (select count(*) from ccc23)    
select * from a1,a2,a3,a4,a5,a6,a7,a8,a9,a10,a11,a12,a13,a14,a15,a16,a17,a18,a19,a20,a21,a22,a23;  
-[ RECORD 1 ]---  
count | 40624767  
count | 46873456  
count | 35414828  
count | 42693087  
count | 39586204  
count | 40630959  
count | 43742717  
count | 39059426  
count | 39591163  
count | 43758867  
count | 34373867  
count | 53126827  
count | 43757571  
count | 51033662  
count | 39577526  
count | 41137744  
count | 43748296  
count | 52085114  
count | 34378790  
count | 41676297  
count | 26046083  
count | 43743785  
count | 41675706  
Time: 65649.973 ms (01:05.650)  
```                        
### 2、开启并行，耗时： 3.33 秒。                                       
```             
postgres=# set max_parallel_workers_per_gather =24;              
explain 	  
with   
a0 as (select count(*) from ccc0) ,   
a1 as (select count(*) from ccc1) ,  
a2 as (select count(*) from ccc2) ,  
a3 as (select count(*) from ccc3) ,  
a4 as (select count(*) from ccc4) ,  
a5 as (select count(*) from ccc5) ,  
a6 as (select count(*) from ccc6) ,  
a7 as (select count(*) from ccc7) ,  
a8 as (select count(*) from ccc8) ,  
a9 as (select count(*) from ccc9) ,  
a10 as (select count(*) from ccc10) ,   
a11 as (select count(*) from ccc11) ,  
a12 as (select count(*) from ccc12) ,  
a13 as (select count(*) from ccc13) ,  
a14 as (select count(*) from ccc14) ,  
a15 as (select count(*) from ccc15) ,  
a16 as (select count(*) from ccc16) ,  
a17 as (select count(*) from ccc17) ,  
a18 as (select count(*) from ccc18) ,  
a19 as (select count(*) from ccc19) ,  
a20 as (select count(*) from ccc20) ,   
a21 as (select count(*) from ccc21) ,  
a22 as (select count(*) from ccc22) ,  
a23 as (select count(*) from ccc23)   
select * from a1,a2,a3,a4,a5,a6,a7,a8,a9,a10,a11,a12,a13,a14,a15,a16,a17,a18,a19,a20,a21,a22,a23;  
                                                                                      QUERY PLAN                                                                                         
---------------------------------------------------------------------------------------------------------------------------------------------------------------------------------------  
 Nested Loop  (cost=5679348.60..5679349.28 rows=1 width=184)  
   CTE a1  
     ->  Finalize Aggregate  (cost=240752.87..240752.88 rows=1 width=8)  
           ->  Gather  (cost=240752.80..240752.81 rows=24 width=8)  
                 Workers Planned: 24  
                 ->  Partial Aggregate  (cost=240752.80..240752.81 rows=1 width=8)  
                       ->  Parallel Seq Scan on ccc1  (cost=0.00..236521.04 rows=1692704 width=0)  
   CTE a2  
     ->  Finalize Aggregate  (cost=277784.42..277784.43 rows=1 width=8)  
           ->  Gather  (cost=277784.35..277784.36 rows=24 width=8)  
                 Workers Planned: 24  
                 ->  Partial Aggregate  (cost=277784.35..277784.36 rows=1 width=8)  
                       ->  Parallel Seq Scan on ccc2  (cost=0.00..272901.68 rows=1953068 width=0)  
   CTE a3  
     ->  Finalize Aggregate  (cost=209877.03..209877.04 rows=1 width=8)  
           ->  Gather  (cost=209876.96..209876.97 rows=24 width=8)  
                 Workers Planned: 24  
                 ->  Partial Aggregate  (cost=209876.96..209876.97 rows=1 width=8)  
                       ->  Parallel Seq Scan on ccc3  (cost=0.00..206187.97 rows=1475597 width=0)  
   CTE a4  
     ->  Finalize Aggregate  (cost=253010.11..253010.12 rows=1 width=8)  
           ->  Gather  (cost=253010.04..253010.05 rows=24 width=8)  
                 Workers Planned: 24  
                 ->  Partial Aggregate  (cost=253010.04..253010.05 rows=1 width=8)  
                       ->  Parallel Seq Scan on ccc4  (cost=0.00..248562.83 rows=1778883 width=0)  
   CTE a5  
     ->  Finalize Aggregate  (cost=234597.58..234597.59 rows=1 width=8)  
           ->  Gather  (cost=234597.51..234597.52 rows=24 width=8)  
                 Workers Planned: 24  
                 ->  Partial Aggregate  (cost=234597.51..234597.52 rows=1 width=8)  
                       ->  Parallel Seq Scan on ccc5  (cost=0.00..230474.01 rows=1649401 width=0)  
   CTE a6  
     ->  Finalize Aggregate  (cost=240788.91..240788.92 rows=1 width=8)  
           ->  Gather  (cost=240788.84..240788.85 rows=24 width=8)  
                 Workers Planned: 24  
                 ->  Partial Aggregate  (cost=240788.84..240788.85 rows=1 width=8)  
                       ->  Parallel Seq Scan on ccc6  (cost=0.00..236556.47 rows=1692947 width=0)  
   CTE a7  
     ->  Finalize Aggregate  (cost=259230.82..259230.83 rows=1 width=8)  
           ->  Gather  (cost=259230.75..259230.76 rows=24 width=8)  
                 Workers Planned: 24  
                 ->  Partial Aggregate  (cost=259230.75..259230.76 rows=1 width=8)  
                       ->  Parallel Seq Scan on ccc7  (cost=0.00..254674.20 rows=1822620 width=0)  
   CTE a8  
     ->  Finalize Aggregate  (cost=231476.61..231476.62 rows=1 width=8)  
           ->  Gather  (cost=231476.54..231476.55 rows=24 width=8)  
                 Workers Planned: 24  
                 ->  Partial Aggregate  (cost=231476.54..231476.55 rows=1 width=8)  
                       ->  Parallel Seq Scan on ccc8  (cost=0.00..227407.83 rows=1627484 width=0)  
   CTE a9  
     ->  Finalize Aggregate  (cost=234627.54..234627.55 rows=1 width=8)  
           ->  Gather  (cost=234627.47..234627.48 rows=24 width=8)  
                 Workers Planned: 24  
                 ->  Partial Aggregate  (cost=234627.47..234627.48 rows=1 width=8)  
                       ->  Parallel Seq Scan on ccc9  (cost=0.00..230503.37 rows=1649637 width=0)  
   CTE a10  
     ->  Finalize Aggregate  (cost=259326.20..259326.21 rows=1 width=8)  
           ->  Gather  (cost=259326.13..259326.14 rows=24 width=8)  
                 Workers Planned: 24  
                 ->  Partial Aggregate  (cost=259326.13..259326.14 rows=1 width=8)  
                       ->  Parallel Seq Scan on ccc10  (cost=0.00..254767.91 rows=1823291 width=0)  
   CTE a11  
     ->  Finalize Aggregate  (cost=203708.16..203708.17 rows=1 width=8)  
           ->  Gather  (cost=203708.09..203708.10 rows=24 width=8)  
                 Workers Planned: 24  
                 ->  Partial Aggregate  (cost=203708.09..203708.10 rows=1 width=8)  
                       ->  Parallel Seq Scan on ccc11  (cost=0.00..200127.47 rows=1432247 width=0)  
   CTE a12  
     ->  Finalize Aggregate  (cost=314843.38..314843.39 rows=1 width=8)  
           ->  Gather  (cost=314843.31..314843.32 rows=24 width=8)  
                 Workers Planned: 24  
                 ->  Partial Aggregate  (cost=314843.31..314843.32 rows=1 width=8)  
                       ->  Parallel Seq Scan on ccc12  (cost=0.00..309309.25 rows=2213625 width=0)  
   CTE a13  
     ->  Finalize Aggregate  (cost=259318.53..259318.54 rows=1 width=8)  
           ->  Gather  (cost=259318.46..259318.47 rows=24 width=8)  
                 Workers Planned: 24  
                 ->  Partial Aggregate  (cost=259318.46..259318.47 rows=1 width=8)  
                       ->  Parallel Seq Scan on ccc13  (cost=0.00..254760.37 rows=1823237 width=0)  
   CTE a14  
     ->  Finalize Aggregate  (cost=302438.14..302438.15 rows=1 width=8)  
           ->  Gather  (cost=302438.07..302438.08 rows=24 width=8)  
                 Workers Planned: 24  
                 ->  Partial Aggregate  (cost=302438.07..302438.08 rows=1 width=8)  
                       ->  Parallel Seq Scan on ccc14  (cost=0.00..297122.05 rows=2126405 width=0)  
   CTE a15  
     ->  Finalize Aggregate  (cost=234546.41..234546.42 rows=1 width=8)  
           ->  Gather  (cost=234546.34..234546.35 rows=24 width=8)  
                 Workers Planned: 24  
                 ->  Partial Aggregate  (cost=234546.34..234546.35 rows=1 width=8)  
                       ->  Parallel Seq Scan on ccc15  (cost=0.00..230423.67 rows=1649067 width=0)  
   CTE a16  
     ->  Finalize Aggregate  (cost=243793.06..243793.07 rows=1 width=8)  
           ->  Gather  (cost=243792.99..243793.00 rows=24 width=8)  
                 Workers Planned: 24  
                 ->  Partial Aggregate  (cost=243792.99..243793.00 rows=1 width=8)  
                       ->  Parallel Seq Scan on ccc16  (cost=0.00..239507.79 rows=1714079 width=0)  
   CTE a17  
     ->  Finalize Aggregate  (cost=259263.16..259263.17 rows=1 width=8)  
           ->  Gather  (cost=259263.09..259263.10 rows=24 width=8)  
                 Workers Planned: 24  
                 ->  Partial Aggregate  (cost=259263.09..259263.10 rows=1 width=8)  
                       ->  Parallel Seq Scan on ccc17  (cost=0.00..254706.07 rows=1822807 width=0)  
   CTE a18  
     ->  Finalize Aggregate  (cost=308669.82..308669.83 rows=1 width=8)  
           ->  Gather  (cost=308669.75..308669.76 rows=24 width=8)  
                 Workers Planned: 24  
                 ->  Partial Aggregate  (cost=308669.75..308669.76 rows=1 width=8)  
                       ->  Parallel Seq Scan on ccc18  (cost=0.00..303244.20 rows=2170220 width=0)  
   CTE a19  
     ->  Finalize Aggregate  (cost=203737.76..203737.77 rows=1 width=8)  
           ->  Gather  (cost=203737.69..203737.70 rows=24 width=8)  
                 Workers Planned: 24  
                 ->  Partial Aggregate  (cost=203737.69..203737.70 rows=1 width=8)  
                       ->  Parallel Seq Scan on ccc19  (cost=0.00..200156.55 rows=1432455 width=0)  
   CTE a20  
     ->  Finalize Aggregate  (cost=246984.55..246984.56 rows=1 width=8)  
           ->  Gather  (cost=246984.48..246984.49 rows=24 width=8)  
                 Workers Planned: 24  
                 ->  Partial Aggregate  (cost=246984.48..246984.49 rows=1 width=8)  
                       ->  Parallel Seq Scan on ccc20  (cost=0.00..242643.18 rows=1736518 width=0)  
   CTE a21  
     ->  Finalize Aggregate  (cost=154355.77..154355.78 rows=1 width=8)  
           ->  Gather  (cost=154355.70..154355.71 rows=24 width=8)  
                 Workers Planned: 24  
                 ->  Partial Aggregate  (cost=154355.70..154355.71 rows=1 width=8)  
                       ->  Parallel Seq Scan on ccc21  (cost=0.00..151642.56 rows=1085256 width=0)  
   CTE a22  
     ->  Finalize Aggregate  (cost=259236.30..259236.31 rows=1 width=8)  
           ->  Gather  (cost=259236.23..259236.24 rows=24 width=8)  
                 Workers Planned: 24  
                 ->  Partial Aggregate  (cost=259236.23..259236.24 rows=1 width=8)  
                       ->  Parallel Seq Scan on ccc22  (cost=0.00..254679.58 rows=1822658 width=0)  
   CTE a23  
     ->  Finalize Aggregate  (cost=246981.26..246981.27 rows=1 width=8)  
           ->  Gather  (cost=246981.19..246981.20 rows=24 width=8)  
                 Workers Planned: 24  
                 ->  Partial Aggregate  (cost=246981.19..246981.20 rows=1 width=8)  
                       ->  Parallel Seq Scan on ccc23  (cost=0.00..242639.95 rows=1736495 width=0)  
   ->  Nested Loop  (cost=0.00..0.65 rows=1 width=176)  
         ->  Nested Loop  (cost=0.00..0.62 rows=1 width=168)  