   ->  Sample Scan on tbl  (cost=0.00..1535.40 rows=16667 width=90)        
         Sampling: system ('5'::real)        
         Filter: (random()   Sample Scan on tbl  (cost=0.00..10.75 rows=117 width=90)        
         Sampling: system_time ('5'::double precision)        
         Filter: (random()   Index Scan using idx_t_1 on t  (cost=0.43..10623.39 rows=9947 width=49)      
         Index Cond: (c1 = 0)      