  att2 array[i_att4_1, i_att4_2]    
  order by pos  st_setsrid(st_makepoint(x,y), 4326) limit 100      
),      
c as (      
  select * from tbl_pos where att1=3 and       
  att2 array[i_att4_1, i_att4_2]    
  order by pos  st_setsrid(st_makepoint(x,y), 4326) limit 100      
)      
select * from a union all select * from b union all select * from c limit 100    
Limit  (cost=103.79..104.27 rows=24 width=88) (actual time=0.579..8.479 rows=100 loops=1)    
  Output: a.id, a.att1, a.att2, a.att3, a.att4, a.mod_time, a.pos    
  CTE a    
    ->  Limit  (cost=0.42..34.60 rows=8 width=109) (actual time=0.575..7.345 rows=85 loops=1)    
          Output: tbl_pos.id, tbl_pos.att1, tbl_pos.att2, tbl_pos.att3, tbl_pos.att4, tbl_pos.mod_time, tbl_pos.pos, ((tbl_pos.pos  '0101000020E61000000080A216312D5E400000B15EF8FC4D40'::geometry))    
          ->  Index Scan using idx_tbl_pos_1 on public.tbl_pos  (cost=0.42..34.60 rows=8 width=109) (actual time=0.575..7.329 rows=85 loops=1)    
                Output: tbl_pos.id, tbl_pos.att1, tbl_pos.att2, tbl_pos.att3, tbl_pos.att4, tbl_pos.mod_time, tbl_pos.pos, (tbl_pos.pos  '0101000020E61000000080A216312D5E400000B15EF8FC4D40'::geometry)    
                Index Cond: ((tbl_pos.att1 = 1) AND (tbl_pos.att2  '{2,9}'::integer[]) AND ('0103000020E6100000010000002100000008956E948B34604005B6F7880FEA4D406AD812B7D429604033471D5EB97B4D4088C40953AC156040B4751DAF65134D40775090B7A5F25F40A738CEDB85B44C401511453031AC5F40B867373A13624C40688DF186A75A5F40C706A1C6891E4C408B8A2558B7005F402385A953E3EB4B40553DF2680DA15E40260EB9C892CB4B4087862191533E5E40C342B6ED7FBE4B40EADA06E730DB5D40ED5B41A204C54B4005DF006E4A7A5D40BF19753CECDE4B403B6DA206441E5D40FB6AB34E750B4C4024BB556BC1C95C402B536B7655494C40693A2B9F667F5C40515B3A56BE964C40B976E367D6415C4015E8CAB362F14C40155E7D4BAC135C40100997027B564D4054B2BA3A6EF75B409B3A047FC9C24D4098594DE570EF5B404ED001599F324E40F1925A4DA9FD5B40DC4ACF26E6A14E4075FF27B267235C409837C69D320C4F401283CEECFC605C40BFF7D3BBE66C4F40D7CD8F2C55B55C408949A20C69BF4F40BAC94AC0A01D5D40ACCED43073FF4F40C0B7C4A62F955D408416E63EB9145040EB780B55A4155E403901B1E0751D50400592A9238C975E40DD1387B065195040F7229DCF43135F40DB128194C50850400C5C1A29EA815F40CA3AD2F121D94F401BA10DD11BDE5F405474586DC28C4F4094A4631E2712604052096DA47C304F401625C60A652960406E5A3804DAC84E40FB9EF3C3B13460409548397D865A4E4008956E948B34604005B6F7880FEA4D40'::geometry ~ tbl_pos.pos))    
                Order By: (tbl_pos.pos  '0101000020E61000000080A216312D5E400000B15EF8FC4D40'::geometry)    
                Filter: _st_contains('0103000020E6100000010000002100000008956E948B34604005B6F7880FEA4D406AD812B7D429604033471D5EB97B4D4088C40953AC156040B4751DAF65134D40775090B7A5F25F40A738CEDB85B44C401511453031AC5F40B867373A13624C40688DF186A75A5F40C706A1C6891E4C408B8A2558B7005F402385A953E3EB4B40553DF2680DA15E40260EB9C892CB4B4087862191533E5E40C342B6ED7FBE4B40EADA06E730DB5D40ED5B41A204C54B4005DF006E4A7A5D40BF19753CECDE4B403B6DA206441E5D40FB6AB34E750B4C4024BB556BC1C95C402B536B7655494C40693A2B9F667F5C40515B3A56BE964C40B976E367D6415C4015E8CAB362F14C40155E7D4BAC135C40100997027B564D4054B2BA3A6EF75B409B3A047FC9C24D4098594DE570EF5B404ED001599F324E40F1925A4DA9FD5B40DC4ACF26E6A14E4075FF27B267235C409837C69D320C4F401283CEECFC605C40BFF7D3BBE66C4F40D7CD8F2C55B55C408949A20C69BF4F40BAC94AC0A01D5D40ACCED43073FF4F40C0B7C4A62F955D408416E63EB9145040EB780B55A4155E403901B1E0751D50400592A9238C975E40DD1387B065195040F7229DCF43135F40DB128194C50850400C5C1A29EA815F40CA3AD2F121D94F401BA10DD11BDE5F405474586DC28C4F4094A4631E2712604052096DA47C304F401625C60A652960406E5A3804DAC84E40FB9EF3C3B13460409548397D865A4E4008956E948B34604005B6F7880FEA4D40'::geometry, tbl_pos.pos)    
                Rows Removed by Filter: 37    
  CTE b    
    ->  Limit  (cost=0.42..34.60 rows=8 width=109) (actual time=0.469..1.018 rows=15 loops=1)    
          Output: tbl_pos_1.id, tbl_pos_1.att1, tbl_pos_1.att2, tbl_pos_1.att3, tbl_pos_1.att4, tbl_pos_1.mod_time, tbl_pos_1.pos, ((tbl_pos_1.pos  '0101000020E61000000080A216312D5E400000B15EF8FC4D40'::geometry))    
          ->  Index Scan using idx_tbl_pos_1 on public.tbl_pos tbl_pos_1  (cost=0.42..34.60 rows=8 width=109) (actual time=0.468..1.015 rows=15 loops=1)    
                Output: tbl_pos_1.id, tbl_pos_1.att1, tbl_pos_1.att2, tbl_pos_1.att3, tbl_pos_1.att4, tbl_pos_1.mod_time, tbl_pos_1.pos, (tbl_pos_1.pos  '0101000020E61000000080A216312D5E400000B15EF8FC4D40'::geometry)    
                Index Cond: ((tbl_pos_1.att1 = 2) AND (tbl_pos_1.att2  '{2,9}'::integer[]) AND ('0103000020E6100000010000002100000008956E948B34604005B6F7880FEA4D406AD812B7D429604033471D5EB97B4D4088C40953AC156040B4751DAF65134D40775090B7A5F25F40A738CEDB85B44C401511453031AC5F40B867373A13624C40688DF186A75A5F40C706A1C6891E4C408B8A2558B7005F402385A953E3EB4B40553DF2680DA15E40260EB9C892CB4B4087862191533E5E40C342B6ED7FBE4B40EADA06E730DB5D40ED5B41A204C54B4005DF006E4A7A5D40BF19753CECDE4B403B6DA206441E5D40FB6AB34E750B4C4024BB556BC1C95C402B536B7655494C40693A2B9F667F5C40515B3A56BE964C40B976E367D6415C4015E8CAB362F14C40155E7D4BAC135C40100997027B564D4054B2BA3A6EF75B409B3A047FC9C24D4098594DE570EF5B404ED001599F324E40F1925A4DA9FD5B40DC4ACF26E6A14E4075FF27B267235C409837C69D320C4F401283CEECFC605C40BFF7D3BBE66C4F40D7CD8F2C55B55C408949A20C69BF4F40BAC94AC0A01D5D40ACCED43073FF4F40C0B7C4A62F955D408416E63EB9145040EB780B55A4155E403901B1E0751D50400592A9238C975E40DD1387B065195040F7229DCF43135F40DB128194C50850400C5C1A29EA815F40CA3AD2F121D94F401BA10DD11BDE5F405474586DC28C4F4094A4631E2712604052096DA47C304F401625C60A652960406E5A3804DAC84E40FB9EF3C3B13460409548397D865A4E4008956E948B34604005B6F7880FEA4D40'::geometry ~ tbl_pos_1.pos))    
                Order By: (tbl_pos_1.pos  '0101000020E61000000080A216312D5E400000B15EF8FC4D40'::geometry)    
                Filter: _st_contains('0103000020E6100000010000002100000008956E948B34604005B6F7880FEA4D406AD812B7D429604033471D5EB97B4D4088C40953AC156040B4751DAF65134D40775090B7A5F25F40A738CEDB85B44C401511453031AC5F40B867373A13624C40688DF186A75A5F40C706A1C6891E4C408B8A2558B7005F402385A953E3EB4B40553DF2680DA15E40260EB9C892CB4B4087862191533E5E40C342B6ED7FBE4B40EADA06E730DB5D40ED5B41A204C54B4005DF006E4A7A5D40BF19753CECDE4B403B6DA206441E5D40FB6AB34E750B4C4024BB556BC1C95C402B536B7655494C40693A2B9F667F5C40515B3A56BE964C40B976E367D6415C4015E8CAB362F14C40155E7D4BAC135C40100997027B564D4054B2BA3A6EF75B409B3A047FC9C24D4098594DE570EF5B404ED001599F324E40F1925A4DA9FD5B40DC4ACF26E6A14E4075FF27B267235C409837C69D320C4F401283CEECFC605C40BFF7D3BBE66C4F40D7CD8F2C55B55C408949A20C69BF4F40BAC94AC0A01D5D40ACCED43073FF4F40C0B7C4A62F955D408416E63EB9145040EB780B55A4155E403901B1E0751D50400592A9238C975E40DD1387B065195040F7229DCF43135F40DB128194C50850400C5C1A29EA815F40CA3AD2F121D94F401BA10DD11BDE5F405474586DC28C4F4094A4631E2712604052096DA47C304F401625C60A652960406E5A3804DAC84E40FB9EF3C3B13460409548397D865A4E4008956E948B34604005B6F7880FEA4D40'::geometry, tbl_pos_1.pos)    
  CTE c    
    ->  Limit  (cost=0.42..34.60 rows=8 width=109) (never executed)    
          Output: tbl_pos_2.id, tbl_pos_2.att1, tbl_pos_2.att2, tbl_pos_2.att3, tbl_pos_2.att4, tbl_pos_2.mod_time, tbl_pos_2.pos, ((tbl_pos_2.pos  '0101000020E61000000080A216312D5E400000B15EF8FC4D40'::geometry))    
          ->  Index Scan using idx_tbl_pos_1 on public.tbl_pos tbl_pos_2  (cost=0.42..34.60 rows=8 width=109) (never executed)    
                Output: tbl_pos_2.id, tbl_pos_2.att1, tbl_pos_2.att2, tbl_pos_2.att3, tbl_pos_2.att4, tbl_pos_2.mod_time, tbl_pos_2.pos, (tbl_pos_2.pos  '0101000020E61000000080A216312D5E400000B15EF8FC4D40'::geometry)    
                Index Cond: ((tbl_pos_2.att1 = 3) AND (tbl_pos_2.att2  '{2,9}'::integer[]) AND ('0103000020E6100000010000002100000008956E948B34604005B6F7880FEA4D406AD812B7D429604033471D5EB97B4D4088C40953AC156040B4751DAF65134D40775090B7A5F25F40A738CEDB85B44C401511453031AC5F40B867373A13624C40688DF186A75A5F40C706A1C6891E4C408B8A2558B7005F402385A953E3EB4B40553DF2680DA15E40260EB9C892CB4B4087862191533E5E40C342B6ED7FBE4B40EADA06E730DB5D40ED5B41A204C54B4005DF006E4A7A5D40BF19753CECDE4B403B6DA206441E5D40FB6AB34E750B4C4024BB556BC1C95C402B536B7655494C40693A2B9F667F5C40515B3A56BE964C40B976E367D6415C4015E8CAB362F14C40155E7D4BAC135C40100997027B564D4054B2BA3A6EF75B409B3A047FC9C24D4098594DE570EF5B404ED001599F324E40F1925A4DA9FD5B40DC4ACF26E6A14E4075FF27B267235C409837C69D320C4F401283CEECFC605C40BFF7D3BBE66C4F40D7CD8F2C55B55C408949A20C69BF4F40BAC94AC0A01D5D40ACCED43073FF4F40C0B7C4A62F955D408416E63EB9145040EB780B55A4155E403901B1E0751D50400592A9238C975E40DD1387B065195040F7229DCF43135F40DB128194C50850400C5C1A29EA815F40CA3AD2F121D94F401BA10DD11BDE5F405474586DC28C4F4094A4631E2712604052096DA47C304F401625C60A652960406E5A3804DAC84E40FB9EF3C3B13460409548397D865A4E4008956E948B34604005B6F7880FEA4D40'::geometry ~ tbl_pos_2.pos))    
                Order By: (tbl_pos_2.pos  '0101000020E61000000080A216312D5E400000B15EF8FC4D40'::geometry)    
                Filter: _st_contains('0103000020E6100000010000002100000008956E948B34604005B6F7880FEA4D406AD812B7D429604033471D5EB97B4D4088C40953AC156040B4751DAF65134D40775090B7A5F25F40A738CEDB85B44C401511453031AC5F40B867373A13624C40688DF186A75A5F40C706A1C6891E4C408B8A2558B7005F402385A953E3EB4B40553DF2680DA15E40260EB9C892CB4B4087862191533E5E40C342B6ED7FBE4B40EADA06E730DB5D40ED5B41A204C54B4005DF006E4A7A5D40BF19753CECDE4B403B6DA206441E5D40FB6AB34E750B4C4024BB556BC1C95C402B536B7655494C40693A2B9F667F5C40515B3A56BE964C40B976E367D6415C4015E8CAB362F14C40155E7D4BAC135C40100997027B564D4054B2BA3A6EF75B409B3A047FC9C24D4098594DE570EF5B404ED001599F324E40F1925A4DA9FD5B40DC4ACF26E6A14E4075FF27B267235C409837C69D320C4F401283CEECFC605C40BFF7D3BBE66C4F40D7CD8F2C55B55C408949A20C69BF4F40BAC94AC0A01D5D40ACCED43073FF4F40C0B7C4A62F955D408416E63EB9145040EB780B55A4155E403901B1E0751D50400592A9238C975E40DD1387B065195040F7229DCF43135F40DB128194C50850400C5C1A29EA815F40CA3AD2F121D94F401BA10DD11BDE5F405474586DC28C4F4094A4631E2712604052096DA47C304F401625C60A652960406E5A3804DAC84E40FB9EF3C3B13460409548397D865A4E4008956E948B34604005B6F7880FEA4D40'::geometry, tbl_pos_2.pos)    
  ->  Append  (cost=0.00..0.48 rows=24 width=88) (actual time=0.579..8.461 rows=100 loops=1)    
        ->  CTE Scan on a  (cost=0.00..0.16 rows=8 width=88) (actual time=0.578..7.413 rows=85 loops=1)    
              Output: a.id, a.att1, a.att2, a.att3, a.att4, a.mod_time, a.pos    
        ->  CTE Scan on b  (cost=0.00..0.16 rows=8 width=88) (actual time=0.471..1.028 rows=15 loops=1)    
              Output: b.id, b.att1, b.att2, b.att3, b.att4, b.mod_time, b.pos    
        ->  CTE Scan on c  (cost=0.00..0.16 rows=8 width=88) (never executed)    
              Output: c.id, c.att1, c.att2, c.att3, c.att4, c.mod_time, c.pos    
LOG:  duration: 12.365 ms  plan:    
Query Text: select * from get_res(1,2,9,500000);    
Function Scan on public.get_res  (cost=0.25..10.25 rows=1000 width=88) (actual time=12.175..12.185 rows=100 loops=1)    
  Output: id, att1, att2, att3, att4, mod_time, pos    
  Function Call: get_res(1, 2, 9, 500000)    
```    
压测脚本    
```        
vi test1.sql        
\set att2 random(1,5)        
\set att4_1 random(0,29)    
\set att4_2 random(0,29)    
select * from get_res(:att2, :att4_1, :att4_2, 500000);    
```        
压测          
```          
pgbench -M prepared -n -r -f ./test1.sql -P 5 -c 56 -j 56 -T 300          
```        
### 压测结果          
### 1、更新对象位置        
```          
transaction type: ./test.sql    
scaling factor: 1    
query mode: prepared    
number of clients: 28    
number of threads: 28    
duration: 120 s    
number of transactions actually processed: 11605219    
latency average = 0.290 ms    
latency stddev = 0.957 ms    
tps = 96708.804105 (including connections establishing)    
tps = 96714.596970 (excluding connections establishing)    
script statistics:    
 - statement latencies in milliseconds:    
         0.002  \set att1 random(1,5)        
         0.000  \set att2 random(1,5)        
         0.000  \set att3 random(1,5)        
         0.000  \set id random(1,20000000)        
         0.000  \set x random(120,130)        
         0.000  \set y random(70,80)        
         0.286  insert into tbl_pos (id, att1, att2, att3, att4, mod_time, pos) values (:id, :att1, :att2, :att3, array(select (random()*29)::int from generate_series(1,6)), now(), st_setsrid(st_makepoint(:x,:y), 4326)) on conflict (id) do update set pos=st_setsrid(st_makepoint( st_x(tbl_pos.pos)+5-random()*10, st_y(tbl_pos.pos)+5-random()*10), 4326), mod_time=excluded.mod_time;    
```          
#### TPS： 96708          
#### 平均响应时间： 0.286 毫秒          
### 2、根据用户输入的att2, att4，空间过滤组合条件，搜索满足条件的附近500000米内的对象，根据距离顺序返回100条。        
```          
transaction type: ./test1.sql    
scaling factor: 1    
query mode: prepared    
number of clients: 56    
number of threads: 56    
duration: 120 s    
number of transactions actually processed: 600815    
latency average = 11.184 ms    
latency stddev = 2.410 ms    
tps = 5005.566075 (including connections establishing)    
tps = 5006.063092 (excluding connections establishing)    
script statistics:    
 - statement latencies in milliseconds:    
         0.003  \set att2 random(1,5)        
         0.001  \set att4_1 random(0,29)    
         0.000  \set att4_2 random(0,29)    
        11.182  select * from get_res(:att2, :att4_1, :att4_2, 500000);    
```          
#### TPS： 5005          
#### 平均响应时间： 11 毫秒          
## 小结2    
通过intarray , btree_gist插件，使得gist索引接口同时支持了普通类型、数组类型、空间类型的复合索引。查询效率上大幅提升。    
## 在st_makepoint中使用绑定变量引入的执行计划问题导致的性能问题优化  
[《PostgreSQL Oracle 兼容性之 - PL/SQL DETERMINISTIC 与PG函数稳定性(immutable, stable, volatile)》](../201804/20180410_01.md)    
[《PostgreSQL 函数稳定性与constraint_excluded分区表逻辑推理过滤的CASE》](../201605/20160531_01.md)    
[《函数稳定性讲解 - retalk PostgreSQL function's [ volatile|stable|immutable ]》](../201212/20121226_01.md)    
[《函数稳定性讲解 - 函数索引思考, pay attention to function index used in PostgreSQL》](../201206/20120626_02.md)    