---------------------------------------------------------------------------------------------------------------------------------    
 Limit  (cost=43.75..80.78 rows=10 width=57) (actual time=19.573..21.212 rows=10 loops=1)    
   Output: id, crt_time, sensorid, sensorloc, info, c1, c2, c3, c4, c5, c6, c7, c8    
   Buffers: shared hit=566    
   ->  Bitmap Heap Scan on public.t_split  (cost=43.75..3746.56 rows=1000 width=57) (actual time=19.571..21.206 rows=10 loops=1)    
         Output: id, crt_time, sensorid, sensorloc, info, c1, c2, c3, c4, c5, c6, c7, c8    
         Recheck Cond: (t_split.info ~ '^33.+7.+9$'::text)    
         Rows Removed by Index Recheck: 647    
         Heap Blocks: exact=552    
         Buffers: shared hit=566    
         ->  Bitmap Index Scan on idx9  (cost=0.00..43.50 rows=1000 width=0) (actual time=11.712..11.712 rows=39436 loops=1)    
               Index Cond: (t_split.info ~ '^33.+7.+9$'::text)    
               Buffers: shared hit=14    
 Planning time: 0.301 ms    
 Execution time: 21.255 ms    
(14 rows)    
Time: 21.995 ms    
postgres=# select * from t_split where c1='3' and c2='3' and c8='9' and (c4='7' or c5='7' or c6='7') limit 10;    
   id   |          crt_time          | sensorid | sensorloc |   info   | c1 | c2 | c3 | c4 | c5 | c6 | c7 | c8     
--------+----------------------------+----------+-----------+----------+----+----+----+----+----+----+----+----    
      1 | 2016-03-02 09:58:03.990639 |   161958 |           | 33eed779 | 3  | 3  | e  | e  | d  | 7  | 7  | 9    
  24412 | 2016-03-02 09:58:04.186359 |   251599 |           | 33f07429 | 3  | 3  | f  | 0  | 7  | 4  | 2  | 9    
  24989 | 2016-03-02 09:58:04.191112 |   214569 |           | 334587d9 | 3  | 3  | 4  | 5  | 8  | 7  | d  | 9    
  50100 | 2016-03-02 09:58:04.398499 |   409819 |           | 33beb7b9 | 3  | 3  | b  | e  | b  | 7  | b  | 9    
  92623 | 2016-03-02 09:58:04.745372 |   280100 |           | 3373e719 | 3  | 3  | 7  | 3  | e  | 7  | 1  | 9    
 106054 | 2016-03-02 09:58:04.855627 |   155192 |           | 33c575c9 | 3  | 3  | c  | 5  | 7  | 5  | c  | 9    
 107070 | 2016-03-02 09:58:04.863827 |   464325 |           | 337dd729 | 3  | 3  | 7  | d  | d  | 7  | 2  | 9    
 135152 | 2016-03-02 09:58:05.088217 |   240500 |           | 336271d9 | 3  | 3  | 6  | 2  | 7  | 1  | d  | 9    
 156425 | 2016-03-02 09:58:05.25805  |   218202 |           | 333e7289 | 3  | 3  | 3  | e  | 7  | 2  | 8  | 9    
 170210 | 2016-03-02 09:58:05.368371 |   132530 |           | 33a8d789 | 3  | 3  | a  | 8  | d  | 7  | 8  | 9    
(10 rows)    
Time: 37.739 ms    
postgres=# explain (analyze,verbose,timing,costs,buffers) select * from t_split where c1='3' and c2='3' and c8='9' and (c4='7' or c5='7' or c6='7') limit 10;    
                                                                                               QUERY PLAN                                                                                                    
---------------------------------------------------------------------------------------------------------------------------------------------------------------------------------------------------------    
 Limit  (cost=0.00..8135.78 rows=10 width=57) (actual time=0.017..35.532 rows=10 loops=1)    
   Output: id, crt_time, sensorid, sensorloc, info, c1, c2, c3, c4, c5, c6, c7, c8    
   Buffers: shared hit=1755    
   ->  Seq Scan on public.t_split  (cost=0.00..353093.00 rows=434 width=57) (actual time=0.015..35.526 rows=10 loops=1)    
         Output: id, crt_time, sensorid, sensorloc, info, c1, c2, c3, c4, c5, c6, c7, c8    
         Filter: ((t_split.c1 = '3'::bpchar) AND (t_split.c2 = '3'::bpchar) AND (t_split.c8 = '9'::bpchar) AND ((t_split.c4 = '7'::bpchar) OR (t_split.c5 = '7'::bpchar) OR (t_split.c6 = '7'::bpchar)))    
         Rows Removed by Filter: 170200    
         Buffers: shared hit=1755    
 Planning time: 0.210 ms    
 Execution time: 35.572 ms    
(10 rows)    
Time: 36.260 ms    
postgres=# select * from t_split where info ~ '^3.?[b-g]+ed[\d]+79' order by info  '^3.?[b-g]+ed[\d]+79' limit 10;    
   id    |          crt_time          | sensorid | sensorloc |   info   | c1 | c2 | c3 | c4 | c5 | c6 | c7 | c8     
---------+----------------------------+----------+-----------+----------+----+----+----+----+----+----+----+----    
       1 | 2016-03-02 09:58:03.990639 |   161958 |           | 33eed779 | 3  | 3  | e  | e  | d  | 7  | 7  | 9    
 1308724 | 2016-03-02 09:58:14.590901 |   458822 |           | 3fed9479 | 3  | f  | e  | d  | 9  | 4  | 7  | 9    
 2866024 | 2016-03-02 09:58:27.20105  |   106467 |           | 3fed2279 | 3  | f  | e  | d  | 2  | 2  | 7  | 9    
 4826729 | 2016-03-02 09:58:42.907431 |   228023 |           | 3ded9879 | 3  | d  | e  | d  | 9  | 8  | 7  | 9    
 6113373 | 2016-03-02 09:58:53.211146 |   499702 |           | 36fed479 | 3  | 6  | f  | e  | d  | 4  | 7  | 9    
 1768237 | 2016-03-02 09:58:18.310069 |   345027 |           | 30fed079 | 3  | 0  | f  | e  | d  | 0  | 7  | 9    
 1472324 | 2016-03-02 09:58:15.913629 |   413283 |           | 3eed5798 | 3  | e  | e  | d  | 5  | 7  | 9  | 8    
 8319056 | 2016-03-02 09:59:10.902137 |   336740 |           | 3ded7790 | 3  | d  | e  | d  | 7  | 7  | 9  | 0    
 8576573 | 2016-03-02 09:59:12.962923 |   130223 |           | 3eed5793 | 3  | e  | e  | d  | 5  | 7  | 9  | 3    
(9 rows)    
Time: 268.661 ms    
postgres=# explain (analyze,verbose,timing,buffers,costs) select * from t_split where info ~ '^3.?[b-g]+ed[\d]+79' order by info  '^3.?[b-g]+ed[\d]+79' limit 10;    
                                                               QUERY PLAN                                                                    
-----------------------------------------------------------------------------------------------------------------------------------------    
 Limit  (cost=4302.66..4302.69 rows=10 width=57) (actual time=269.214..269.217 rows=9 loops=1)    
   Output: id, crt_time, sensorid, sensorloc, info, c1, c2, c3, c4, c5, c6, c7, c8, ((info  '^3.?[b-g]+ed[\d]+79'::text))    
   Buffers: shared hit=52606    
   ->  Sort  (cost=4302.66..4305.16 rows=1000 width=57) (actual time=269.212..269.212 rows=9 loops=1)    
         Output: id, crt_time, sensorid, sensorloc, info, c1, c2, c3, c4, c5, c6, c7, c8, ((info  '^3.?[b-g]+ed[\d]+79'::text))    
         Sort Key: ((t_split.info  '^3.?[b-g]+ed[\d]+79'::text))    
         Sort Method: quicksort  Memory: 26kB    
         Buffers: shared hit=52606    
         ->  Bitmap Heap Scan on public.t_split  (cost=575.75..4281.06 rows=1000 width=57) (actual time=100.771..269.180 rows=9 loops=1)    
               Output: id, crt_time, sensorid, sensorloc, info, c1, c2, c3, c4, c5, c6, c7, c8, (info  '^3.?[b-g]+ed[\d]+79'::text)    
               Recheck Cond: (t_split.info ~ '^3.?[b-g]+ed[\d]+79'::text)    
               Rows Removed by Index Recheck: 72929    
               Heap Blocks: exact=52479    
               Buffers: shared hit=52606    
               ->  Bitmap Index Scan on idx9  (cost=0.00..575.50 rows=1000 width=0) (actual time=88.062..88.062 rows=72938 loops=1)    
                     Index Cond: (t_split.info ~ '^3.?[b-g]+ed[\d]+79'::text)    
                     Buffers: shared hit=127    
 Planning time: 0.640 ms    
 Execution time: 269.287 ms    
(19 rows)    
Time: 270.430 ms    
postgres=# select * from t_split where info ~ '3.?[b-g]+ed[\d]+79' order by info  '3.?[b-g]+ed[\d]+79' limit 10;    
   id    |          crt_time          | sensorid | sensorloc |   info   | c1 | c2 | c3 | c4 | c5 | c6 | c7 | c8     
---------+----------------------------+----------+-----------+----------+----+----+----+----+----+----+----+----    
       1 | 2016-03-02 09:58:03.990639 |   161958 |           | 33eed779 | 3  | 3  | e  | e  | d  | 7  | 7  | 9    
 1308724 | 2016-03-02 09:58:14.590901 |   458822 |           | 3fed9479 | 3  | f  | e  | d  | 9  | 4  | 7  | 9    
 4826729 | 2016-03-02 09:58:42.907431 |   228023 |           | 3ded9879 | 3  | d  | e  | d  | 9  | 8  | 7  | 9    
 5250603 | 2016-03-02 09:58:46.300289 |   250582 |           | d3eed179 | d  | 3  | e  | e  | d  | 1  | 7  | 9    
 6113373 | 2016-03-02 09:58:53.211146 |   499702 |           | 36fed479 | 3  | 6  | f  | e  | d  | 4  | 7  | 9    
 1768237 | 2016-03-02 09:58:18.310069 |   345027 |           | 30fed079 | 3  | 0  | f  | e  | d  | 0  | 7  | 9    
 2866024 | 2016-03-02 09:58:27.20105  |   106467 |           | 3fed2279 | 3  | f  | e  | d  | 2  | 2  | 7  | 9    
 1472324 | 2016-03-02 09:58:15.913629 |   413283 |           | 3eed5798 | 3  | e  | e  | d  | 5  | 7  | 9  | 8    
 8576573 | 2016-03-02 09:59:12.962923 |   130223 |           | 3eed5793 | 3  | e  | e  | d  | 5  | 7  | 9  | 3    
 8319056 | 2016-03-02 09:59:10.902137 |   336740 |           | 3ded7790 | 3  | d  | e  | d  | 7  | 7  | 9  | 0    
(10 rows)    
Time: 320.525 ms    
postgres=# explain (analyze,verbose,buffers,costs,timing) select * from t_split where info ~ '3.?[b-g]+ed[\d]+79' order by info  '3.?[b-g]+ed[\d]+79' limit 10;    
                                                                QUERY PLAN                                                                    
------------------------------------------------------------------------------------------------------------------------------------------    
 Limit  (cost=4302.66..4302.69 rows=10 width=57) (actual time=319.925..319.927 rows=10 loops=1)    
   Output: id, crt_time, sensorid, sensorloc, info, c1, c2, c3, c4, c5, c6, c7, c8, ((info  '3.?[b-g]+ed[\d]+79'::text))    
   Buffers: shared hit=52602    
   ->  Sort  (cost=4302.66..4305.16 rows=1000 width=57) (actual time=319.923..319.923 rows=10 loops=1)    
         Output: id, crt_time, sensorid, sensorloc, info, c1, c2, c3, c4, c5, c6, c7, c8, ((info  '3.?[b-g]+ed[\d]+79'::text))    
         Sort Key: ((t_split.info  '3.?[b-g]+ed[\d]+79'::text))    
         Sort Method: quicksort  Memory: 26kB    
         Buffers: shared hit=52602    
         ->  Bitmap Heap Scan on public.t_split  (cost=575.75..4281.06 rows=1000 width=57) (actual time=104.526..319.885 rows=10 loops=1)    
               Output: id, crt_time, sensorid, sensorloc, info, c1, c2, c3, c4, c5, c6, c7, c8, (info  '3.?[b-g]+ed[\d]+79'::text)    
               Recheck Cond: (t_split.info ~ '3.?[b-g]+ed[\d]+79'::text)    
               Rows Removed by Index Recheck: 72928    
               Heap Blocks: exact=52479    
               Buffers: shared hit=52602    
               ->  Bitmap Index Scan on idx9  (cost=0.00..575.50 rows=1000 width=0) (actual time=91.945..91.945 rows=72938 loops=1)    
                     Index Cond: (t_split.info ~ '3.?[b-g]+ed[\d]+79'::text)    
                     Buffers: shared hit=123    
 Planning time: 0.948 ms    
 Execution time: 320.003 ms    
(19 rows)    
Time: 321.502 ms    
```  
### 大数据量性能测试：  
模拟分区表，每小时一个分区，每小时数据量5000万，一天12亿，一个月360亿。  
```  
drop table tbl cascade;    
create table tbl (id serial8, crt_time timestamp, sensorid int, sensorloc point, info text);    
do language plpgsql $$    
declare    
  v_s timestamp := '2016-01-01 00:00:00';    
begin    
  for i in 1..720 loop    
    execute 'create table tbl_'||to_char(v_s,'yyyymmddhh24')||' (id int8 not null default nextval(''tbl_id_seq''::regclass), crt_time timestamp check (crt_time >= '''||to_char(v_s,'yyyy-mm-dd hh24:mi:ss')||''' and crt_time  'f[\d]{2}e27e0$' limit 10;    
                                                                                                        QUERY PLAN                                                                                                             
---------------------------------------------------------------------------------------------------------------------------------------------------------------------------------------------------------------------------    
 Limit  (cost=18918.83..18918.85 rows=10 width=45) (actual time=350.296..350.297 rows=2 loops=1)    
   Output: tbl.id, tbl.crt_time, tbl.sensorid, tbl.sensorloc, tbl.info, ((tbl.info  'f[\d]{2}e27e0$'::text))    
   Buffers: shared hit=4530    
   ->  Sort  (cost=18918.83..18931.33 rows=5001 width=45) (actual time=350.294..350.295 rows=2 loops=1)    
         Output: tbl.id, tbl.crt_time, tbl.sensorid, tbl.sensorloc, tbl.info, ((tbl.info  'f[\d]{2}e27e0$'::text))    
         Sort Key: ((tbl.info  'f[\d]{2}e27e0$'::text))    
         Sort Method: quicksort  Memory: 25kB    
         Buffers: shared hit=4530    
         ->  Result  (cost=0.00..18810.76 rows=5001 width=45) (actual time=347.995..350.279 rows=2 loops=1)    
               Output: tbl.id, tbl.crt_time, tbl.sensorid, tbl.sensorloc, tbl.info, (tbl.info  'f[\d]{2}e27e0$'::text)    
               Buffers: shared hit=4530    
               ->  Append  (cost=0.00..18798.26 rows=5001 width=45) (actual time=347.976..350.254 rows=2 loops=1)    
                     Buffers: shared hit=4530    
                     ->  Seq Scan on public.tbl  (cost=0.00..0.00 rows=1 width=68) (actual time=0.001..0.001 rows=0 loops=1)    
                           Output: tbl.id, tbl.crt_time, tbl.sensorid, tbl.sensorloc, tbl.info    
                           Filter: ((tbl.crt_time >= '2016-01-01 12:00:00'::timestamp without time zone) AND (tbl.crt_time   Bitmap Heap Scan on public.tbl_2016010112  (cost=574.75..18798.26 rows=5000 width=45) (actual time=347.972..350.249 rows=2 loops=1)    
                           Output: tbl_2016010112.id, tbl_2016010112.crt_time, tbl_2016010112.sensorid, tbl_2016010112.sensorloc, tbl_2016010112.info    
                           Recheck Cond: (tbl_2016010112.info ~ 'f[\d]{2}e27e0$'::text)    
                           Rows Removed by Index Recheck: 4100    
                           Filter: ((tbl_2016010112.crt_time >= '2016-01-01 12:00:00'::timestamp without time zone) AND (tbl_2016010112.crt_time   Bitmap Index Scan on idx_tbl_2016010112  (cost=0.00..573.50 rows=5000 width=0) (actual time=337.125..337.125 rows=4102 loops=1)    
                                 Index Cond: (tbl_2016010112.info ~ 'f[\d]{2}e27e0$'::text)    
                                 Buffers: shared hit=445    
 Planning time: 23.913 ms    
 Execution time: 350.383 ms    
(28 rows)    
postgres=# select * from tbl where crt_time between '2016-01-01 12:00:00' and '2016-01-01 12:30:00' and info ~ 'f[\d]{2}e27e0$' order by info  'f[\d]{2}e27e0$' limit 10;    
     id     |      crt_time       | sensorid | sensorloc |   info       
------------+---------------------+----------+-----------+----------    
 1982100172 | 2016-01-01 12:00:00 |   336772 |           | f48e27e0    
 2292713691 | 2016-01-01 12:00:00 |   489110 |           | f77e27e0    
(2 rows)    
```  
### 单表144亿的正则和模糊查询性能测试：  
```  
postgres=# \dt+ t_all    
                    List of relations    
 Schema | Name  | Type  |  Owner   |  Size  | Description     
--------+-------+-------+----------+--------+-------------    