```  
set jit=on;  
```  
并行  
```  
set max_parallel_workers_per_gather =24;  
 Finalize Aggregate  (cost=4218751.42..4218751.43 rows=1 width=8) (actual time=1195.630..1195.630 rows=1 loops=1)  
   Output: count(*)  
   Buffers: shared hit=171976  
   ->  Gather  (cost=4218751.35..4218751.36 rows=24 width=8) (actual time=1195.599..1195.616 rows=25 loops=1)  
         Output: (PARTIAL count(*))  
         Workers Planned: 24  
         Workers Launched: 24  
         Buffers: shared hit=171976  
         ->  Partial Aggregate  (cost=4218751.35..4218751.36 rows=1 width=8) (actual time=1172.856..1172.856 rows=1 loops=25)  
               Output: PARTIAL count(*)  
               Buffers: shared hit=4166668  
               Worker 0: actual time=1171.634..1171.634 rows=1 loops=1  
                 Buffers: shared hit=166655  
               Worker 1: actual time=1171.631..1171.631 rows=1 loops=1  
                 Buffers: shared hit=166878  
               Worker 2: actual time=1171.533..1171.533 rows=1 loops=1  
                 Buffers: shared hit=166588  
               Worker 3: actual time=1171.634..1171.634 rows=1 loops=1  
                 Buffers: shared hit=166659  
               Worker 4: actual time=1172.296..1172.296 rows=1 loops=1  
                 Buffers: shared hit=165127  
               Worker 5: actual time=1171.637..1171.637 rows=1 loops=1  
                 Buffers: shared hit=166191  
               Worker 6: actual time=1172.351..1172.351 rows=1 loops=1  
                 Buffers: shared hit=166251  
               Worker 7: actual time=1171.634..1171.634 rows=1 loops=1  
                 Buffers: shared hit=166945  
               Worker 8: actual time=1172.317..1172.317 rows=1 loops=1  
                 Buffers: shared hit=166515  
               Worker 9: actual time=1171.632..1171.632 rows=1 loops=1  
                 Buffers: shared hit=166900  
               Worker 10: actual time=1172.379..1172.379 rows=1 loops=1  
                 Buffers: shared hit=167330  
               Worker 11: actual time=1171.555..1171.555 rows=1 loops=1  
                 Buffers: shared hit=165973  
               Worker 12: actual time=1172.369..1172.369 rows=1 loops=1  
                 Buffers: shared hit=167326  
               Worker 13: actual time=1172.361..1172.361 rows=1 loops=1  
                 Buffers: shared hit=167240  
               Worker 14: actual time=1171.603..1171.603 rows=1 loops=1  
                 Buffers: shared hit=165948  
               Worker 15: actual time=1172.308..1172.308 rows=1 loops=1  
                 Buffers: shared hit=167271  
               Worker 16: actual time=1171.627..1171.627 rows=1 loops=1  
                 Buffers: shared hit=166118  
               Worker 17: actual time=1172.363..1172.363 rows=1 loops=1  
                 Buffers: shared hit=166540  
               Worker 18: actual time=1171.627..1171.628 rows=1 loops=1  
                 Buffers: shared hit=161783  
               Worker 19: actual time=1172.367..1172.367 rows=1 loops=1  
                 Buffers: shared hit=167241  
               Worker 20: actual time=1171.622..1171.622 rows=1 loops=1  
                 Buffers: shared hit=166895  
               Worker 21: actual time=1172.310..1172.311 rows=1 loops=1  
                 Buffers: shared hit=166291  
               Worker 22: actual time=1171.634..1171.634 rows=1 loops=1  
                 Buffers: shared hit=166817  
               Worker 23: actual time=1172.357..1172.357 rows=1 loops=1  
                 Buffers: shared hit=167210  
               ->  Parallel Seq Scan on public.test  (cost=0.00..4208334.68 rows=4166668 width=0) (actual time=0.005..756.021 rows=4000000 loops=25)  
                     Output: id, c1, c2, c3, c4, c5, c6, c7, c8, c9, c10, c11, c12, c13, c14, c15, c16, c17, c18, c19, c20, c21, c22, c23, c24, c25, c26, c27, c28, c29, c30, c31, c32, c33, c34, c35, c36, c37, c38, c39, c40, c41, c42, c43, c44, c45, c46, c47, c48, c49, c50, c51, c52, c53, c54, c55, c56, c57, c58, c59, c60, c61, c62, c63, c64  
                     Buffers: shared hit=4166668  
                     Worker 0: actual time=0.005..752.685 rows=3999720 loops=1  
                       Buffers: shared hit=166655  
                     Worker 1: actual time=0.005..753.934 rows=4005072 loops=1  
                       Buffers: shared hit=166878  
                     Worker 2: actual time=0.006..752.288 rows=3998112 loops=1  
                       Buffers: shared hit=166588  
                     Worker 3: actual time=0.005..749.831 rows=3999816 loops=1  
                       Buffers: shared hit=166659  
                     Worker 4: actual time=0.005..754.798 rows=3963048 loops=1  
                       Buffers: shared hit=165127  
                     Worker 5: actual time=0.006..753.153 rows=3988584 loops=1  
                       Buffers: shared hit=166191  
                     Worker 6: actual time=0.005..755.385 rows=3990024 loops=1  
                       Buffers: shared hit=166251  
                     Worker 7: actual time=0.005..754.636 rows=4006667 loops=1  
                       Buffers: shared hit=166945  
                     Worker 8: actual time=0.005..757.278 rows=3996360 loops=1  
                       Buffers: shared hit=166515  
                     Worker 9: actual time=0.005..752.936 rows=4005600 loops=1  
                       Buffers: shared hit=166900  
                     Worker 10: actual time=0.006..755.266 rows=4015920 loops=1  
                       Buffers: shared hit=167330  
                     Worker 11: actual time=0.005..755.747 rows=3983352 loops=1  
                       Buffers: shared hit=165973  
                     Worker 12: actual time=0.005..755.743 rows=4015824 loops=1  
                       Buffers: shared hit=167326  
                     Worker 13: actual time=0.005..756.052 rows=4013742 loops=1  
                       Buffers: shared hit=167240  
                     Worker 14: actual time=0.006..755.470 rows=3982752 loops=1  
                       Buffers: shared hit=165948  
                     Worker 15: actual time=0.005..755.769 rows=4014504 loops=1  
                       Buffers: shared hit=167271  
                     Worker 16: actual time=0.006..755.859 rows=3986832 loops=1  
                       Buffers: shared hit=166118  
                     Worker 17: actual time=0.005..757.579 rows=3996959 loops=1  
                       Buffers: shared hit=166540  
                     Worker 18: actual time=0.005..756.139 rows=3882792 loops=1  
                       Buffers: shared hit=161783  
                     Worker 19: actual time=0.005..755.706 rows=4013784 loops=1  
                       Buffers: shared hit=167241  
                     Worker 20: actual time=0.005..753.655 rows=4005480 loops=1  
                       Buffers: shared hit=166895  
                     Worker 21: actual time=0.005..757.511 rows=3990984 loops=1  
                       Buffers: shared hit=166291  
                     Worker 22: actual time=0.005..753.577 rows=4003608 loops=1  
                       Buffers: shared hit=166817  
                     Worker 23: actual time=0.005..755.443 rows=4013040 loops=1  
                       Buffers: shared hit=167210  
 Planning Time: 0.192 ms  
 JIT:  
   Functions: 5  
   Generation Time: 1.082 ms  
   Inlining: true  
   Inlining Time: 2.907 ms  
   Optimization: true  
   Optimization Time: 23.873 ms  
   Emission Time: 12.577 ms  
 Execution Time: 1211.337 ms  
(120 rows)  
```  
非并行  
```  
set max_parallel_workers_per_gather =0;  
 Aggregate  (cost=5416668.40..5416668.41 rows=1 width=8) (actual time=26222.597..26222.598 rows=1 loops=1)  
   Output: count(*)  
   Buffers: shared hit=4166668  
   ->  Seq Scan on public.test  (cost=0.00..5166668.32 rows=100000032 width=0) (actual time=0.016..17338.548 rows=100000000 loops=1)  
         Output: id, c1, c2, c3, c4, c5, c6, c7, c8, c9, c10, c11, c12, c13, c14, c15, c16, c17, c18, c19, c20, c21, c22, c23, c24, c25, c26, c27, c28, c29, c30, c31, c32, c33, c34, c35, c36, c37, c38, c39, c40, c41, c42, c43, c44, c45, c46, c47, c48, c49, c50, c51, c52, c53, c54, c55, c56, c57, c58, c59, c60, c61, c62, c63, c64  
         Buffers: shared hit=4166668  
 Planning Time: 0.056 ms  
 JIT:  
   Functions: 2  
   Generation Time: 0.457 ms  
   Inlining: true  
   Inlining Time: 1.355 ms  
   Optimization: true  
   Optimization Time: 8.269 ms  
   Emission Time: 5.354 ms  
 Execution Time: 26223.178 ms  
(16 rows)  
```  
4\.2、关闭JIT  
```  
set jit=off;  
```  
并行  
```  
set max_parallel_workers_per_gather =24;  
 Finalize Aggregate  (cost=4218751.42..4218751.43 rows=1 width=8) (actual time=1166.951..1166.951 rows=1 loops=1)  
   Output: count(*)  
   Buffers: shared hit=170684  
   ->  Gather  (cost=4218751.35..4218751.36 rows=24 width=8) (actual time=1166.923..1166.939 rows=25 loops=1)  
         Output: (PARTIAL count(*))  
         Workers Planned: 24  
         Workers Launched: 24  
         Buffers: shared hit=170684  
         ->  Partial Aggregate  (cost=4218751.35..4218751.36 rows=1 width=8) (actual time=1146.387..1146.388 rows=1 loops=25)  
               Output: PARTIAL count(*)  
               Buffers: shared hit=4166668  
               Worker 0: actual time=1145.584..1145.584 rows=1 loops=1  
                 Buffers: shared hit=167586  
               Worker 1: actual time=1145.605..1145.605 rows=1 loops=1  
                 Buffers: shared hit=167235  
               Worker 2: actual time=1145.517..1145.517 rows=1 loops=1  
                 Buffers: shared hit=164055  
               Worker 3: actual time=1145.537..1145.537 rows=1 loops=1  
                 Buffers: shared hit=166048  
               Worker 4: actual time=1145.625..1145.626 rows=1 loops=1  
                 Buffers: shared hit=165348  
               Worker 5: actual time=1145.621..1145.621 rows=1 loops=1  
                 Buffers: shared hit=167426  
               Worker 6: actual time=1145.746..1145.746 rows=1 loops=1  
                 Buffers: shared hit=166945  
               Worker 7: actual time=1145.707..1145.707 rows=1 loops=1  
                 Buffers: shared hit=166628  
               Worker 8: actual time=1143.795..1143.796 rows=1 loops=1  
                 Buffers: shared hit=163445  
               Worker 9: actual time=1145.555..1145.556 rows=1 loops=1  
                 Buffers: shared hit=166960  
               Worker 10: actual time=1145.605..1145.605 rows=1 loops=1  
                 Buffers: shared hit=166142  
               Worker 11: actual time=1145.633..1145.633 rows=1 loops=1  
                 Buffers: shared hit=166090  
               Worker 12: actual time=1145.553..1145.553 rows=1 loops=1  
                 Buffers: shared hit=168115  
               Worker 13: actual time=1145.819..1145.819 rows=1 loops=1  
                 Buffers: shared hit=167973  
               Worker 14: actual time=1145.615..1145.615 rows=1 loops=1  
                 Buffers: shared hit=166419  
               Worker 15: actual time=1145.558..1145.558 rows=1 loops=1  
                 Buffers: shared hit=168061  
               Worker 16: actual time=1145.527..1145.527 rows=1 loops=1  
                 Buffers: shared hit=166438  
               Worker 17: actual time=1146.062..1146.062 rows=1 loops=1  
                 Buffers: shared hit=166993  
               Worker 18: actual time=1145.629..1145.629 rows=1 loops=1  
                 Buffers: shared hit=162480  
               Worker 19: actual time=1146.053..1146.054 rows=1 loops=1  
                 Buffers: shared hit=167989  
               Worker 20: actual time=1144.864..1144.864 rows=1 loops=1  
                 Buffers: shared hit=164403  
               Worker 21: actual time=1145.754..1145.754 rows=1 loops=1  
                 Buffers: shared hit=167957  
               Worker 22: actual time=1145.625..1145.625 rows=1 loops=1  
                 Buffers: shared hit=167457  
               Worker 23: actual time=1146.064..1146.064 rows=1 loops=1  
                 Buffers: shared hit=167791  
               ->  Parallel Seq Scan on public.test  (cost=0.00..4208334.68 rows=4166668 width=0) (actual time=0.005..756.396 rows=4000000 loops=25)  
                     Output: id, c1, c2, c3, c4, c5, c6, c7, c8, c9, c10, c11, c12, c13, c14, c15, c16, c17, c18, c19, c20, c21, c22, c23, c24, c25, c26, c27, c28, c29, c30, c31, c32, c33, c34, c35, c36, c37, c38, c39, c40, c41, c42, c43, c44, c45, c46, c47, c48, c49, c50, c51, c52, c53, c54, c55, c56, c57, c58, c59, c60, c61, c62, c63, c64  
                     Buffers: shared hit=4166668  
                     Worker 0: actual time=0.005..756.202 rows=4022064 loops=1  
                       Buffers: shared hit=167586  
                     Worker 1: actual time=0.005..755.320 rows=4013627 loops=1  
                       Buffers: shared hit=167235  
                     Worker 2: actual time=0.005..744.106 rows=3937320 loops=1  
                       Buffers: shared hit=164055  
                     Worker 3: actual time=0.005..751.125 rows=3985152 loops=1  
                       Buffers: shared hit=166048  
                     Worker 4: actual time=0.005..753.618 rows=3968352 loops=1  
                       Buffers: shared hit=165348  
                     Worker 5: actual time=0.005..756.612 rows=4018224 loops=1  
                       Buffers: shared hit=167426  
                     Worker 6: actual time=0.004..758.326 rows=4006680 loops=1  
                       Buffers: shared hit=166945  
                     Worker 7: actual time=0.005..759.780 rows=3999071 loops=1  
                       Buffers: shared hit=166628  
                     Worker 8: actual time=0.006..756.676 rows=3922680 loops=1  
                       Buffers: shared hit=163445  