## 一次EnterpriseDB的索引异常失效处理   
### 作者             
digoal            
### 日期            
2010-05-11                                                                                                   
### 标签                           
PostgreSQL , EDB                
----               
## 背景           
ENTERPRISEDB 数据库执行计划异常问题处理。  
环境：  
enterprisedb 8.3R2  
现象：  
```  
explain analyze SELECT skyid, grade,experience, gold, gamenum, dualwinnum,dualgamenum, stockfunds FROM tbl_starwar_player t WHERE skyid=103502;  
QUERY PLAN  
————————————————————————————————————————-  
Seq Scan on tbl_starwar_player t  (cost=0.00..240410.84 rows=1 width=36) (actual time=235.438..5797.695 rows=1 loops=1)  
Filter: (skyid = 103502)  
Total runtime: 5797.725 ms  
(3 rows)  
```  
处理过程：  
1\. 使用HINT没有效果  
```  
explain analyze SELECT /*+ index(t tbl_starwar_player_pkey) */ skyid, grade,experience, gold, gamenum, dualwinnum,dualgamenum, stockfunds FROM tbl_starwar_player t WHERE skyid=103502;  
QUERY PLAN  
————————————————————————————————————————-  
Seq Scan on tbl_starwar_player t  (cost=0.00..240410.84 rows=1 width=36) (actual time=235.438..5797.695 rows=1 loops=1)  
Filter: (skyid = 103502)  
Total runtime: 5797.725 ms  
(3 rows)  
```  
2\. reindex table tbl_starwar_player; analyze tbl_starwar_player; 没有效果  
```  
gamehall=> reindex table tbl_starwar_player;  
ERROR:  deadlock detected  
DETAIL:  Process 16747 waits for AccessExclusiveLock on relation 55713 of database 16571; blocked by process 16714.  
Process 16714 waits for RowExclusiveLock on relation 19084 of database 16571; blocked by process 16747.  
```  
杀掉所有GAMEHALL进程,  
```  
SELECT count(*) from (select pg_cancel_backend(procpid) from pg_stat_activity where usename=’gamehall’) t;  
explain analyze SELECT skyid, grade,experience, gold, gamenum, dualwinnum,dualgamenum, stockfunds FROM tbl_starwar_player t WHERE skyid=103502;  
QUERY PLAN  
————————————————————————————————————————-  
Seq Scan on tbl_starwar_player t  (cost=0.00..240410.84 rows=1 width=36) (actual time=235.438..5797.695 rows=1 loops=1)  
Filter: (skyid = 103502)  
Total runtime: 5797.725 ms  
(3 rows)  
```  
3\. 重建表  
杀掉所有GAMEHALL进程,  
```  
SELECT count(*) from (select pg_cancel_backend(procpid) from pg_stat_activity where usename=’gamehall’) t;  
```  
重建表  
无效  
```  
set maintenance_work_mem=’6000 MB’;  
create table tmp_tbl_starwar_player (like tbl_starwar_player);  
begin;  
lock table tbl_starwar_player in exclusive mode;  
lock table tbl_starwar_map_rank in exclusive mode;  
insert into tmp_tbl_starwar_player select * from tbl_starwar_player;  
alter table tbl_starwar_map_rank drop constraint tbl_starwar_map_rank_skyid_fkey;  
truncate table tbl_starwar_player;  
insert into tbl_starwar_player select * from tmp_tbl_starwar_player;  
alter table tbl_starwar_map_rank add foreign key (skyid) references tbl_starwar_player(skyid);  
commit;  
analyze tbl_starwar_player;  
explain analyze SELECT skyid, grade,experience, gold, gamenum, dualwinnum,dualgamenum, stockfunds FROM tbl_starwar_player t WHERE skyid=103502;  
QUERY PLAN  
————————————————————————————————————————-  
Seq Scan on tbl_starwar_player t  (cost=0.00..240410.84 rows=1 width=36) (actual time=235.438..5797.695 rows=1 loops=1)  
Filter: (skyid = 103502)  
Total runtime: 5797.725 ms  
(3 rows)  
```  
4\. 重建约束  
杀掉所有GAMEHALL进程,  
```  
SELECT count(*) from (select pg_cancel_backend(procpid) from pg_stat_activity where usename=’gamehall’) t;  
```  
重建约束  
有效  
```  
begin;  
lock table tbl_starwar_player in exclusive mode;  
lock table tbl_starwar_map_rank in exclusive mode;  
alter table tbl_starwar_map_rank drop constraint tbl_starwar_map_rank_skyid_fkey;  
alter table tbl_starwar_player drop constraint tbl_starwar_player_pkey;  
drop index idx_tbl_starwar_player_experience;  
alter table tbl_starwar_player add primary key (skyid) ;  
create index idx_tbl_starwar_player_experience on tbl_starwar_player(experience) ;  
alter table tbl_starwar_map_rank add foreign key (skyid) references tbl_starwar_player(skyid);  
commit;  
analyze tbl_starwar_player;  
explain analyze SELECT skyid, grade,experience, gold, gamenum, dualwinnum,dualgamenum, stockfunds FROM tbl_starwar_player t WHERE skyid=103502;  
QUERY PLAN  
———————————————————————————————————————————————–  
Index Scan using tbl_starwar_player_pkey on tbl_starwar_player t  (cost=0.00..7.63 rows=1 width=36) (actual time=0.065..0.066 rows=1 loops=1)  
Index Cond: (skyid = 103502)  
Total runtime: 0.089 ms  
(3 rows)  
```  
[Count](http://info.flagcounter.com/h9V1)              