   Heap Blocks: lossy=9914
   Buffers: shared hit=9916
   ->  Bitmap Index Scan on idx_tbl_2  (cost=0.00..6.25 rows=5089292 width=0) (actual time=0.207..0.207 rows=99840 loops=1)
         Index Cond: ((tbl.c5 >= 1) AND (tbl.c5 = 1) AND (tbl.c6 = '1'::double precision) AND (tbl.c4 = 1) AND (tbl.c5   Bitmap Index Scan on idx_tbl_2  (cost=0.00..8.51 rows=10000000 width=0) (actual time=0.133..0.133 rows=34560 loops=1)
         Index Cond: ((tbl.c4 >= '1'::double precision) AND (tbl.c4 = 1) AND (tbl.c5 = 1) AND (tbl.c5 = 1) AND (tbl.c6   Bitmap Index Scan on idx_tbl_2  (cost=0.00..6.25 rows=5089292 width=0) (actual time=0.147..0.147 rows=52480 loops=1)
         Index Cond: ((tbl.c5 >= 1) AND (tbl.c5 = 1) AND (tbl.c6 <= 5))
         Buffers: shared hit=2
 Planning time: 0.111 ms
 Execution time: 315.462 ms
(11 rows)
```
## 参考  
https://www.postgresql.org/docs/10/static/cube.html  
http://postgis.net/docs/manual-2.3/ST_ClusterKMeans.html  
https://github.com/umitanuki/kmeans-postgresql  
#### [PostgreSQL 许愿链接](https://github.com/digoal/blog/issues/76 "269ac3d1c492e938c0191101c7238216")
您的愿望将传达给PG kernel hacker、数据库厂商等, 帮助提高数据库产品质量和功能, 说不定下一个PG版本就有您提出的功能点. 针对非常好的提议，奖励限量版PG文化衫、纪念品、贴纸、PG热门书籍等，奖品丰富，快来许愿。[开不开森](https://github.com/digoal/blog/issues/76 "269ac3d1c492e938c0191101c7238216").  
#### [9.9元购买3个月阿里云RDS PostgreSQL实例](https://www.aliyun.com/database/postgresqlactivity "57258f76c37864c6e6d23383d05714ea")
#### [PostgreSQL 解决方案集合](https://yq.aliyun.com/topic/118 "40cff096e9ed7122c512b35d8561d9c8")
#### [德哥 / digoal's github - 公益是一辈子的事.](https://github.com/digoal/blog/blob/master/README.md "22709685feb7cab07d30f30387f0a9ae")
![digoal's wechat](../pic/digoal_weixin.jpg "f7ad92eeba24523fd47a6e1a0e691b59")
#### [PolarDB 学习图谱: 训练营、培训认证、在线互动实验、解决方案、生态合作、写心得拿奖品](https://www.aliyun.com/database/openpolardb/activity "8642f60e04ed0c814bf9cb9677976bd4")
#### [购买PolarDB云服务折扣活动进行中, 55元起](https://www.aliyun.com/activity/new/polardb-yunparter?userCode=bsb3t4al "e0495c413bedacabb75ff1e880be465a")
#### [About 德哥](https://github.com/digoal/blog/blob/master/me/readme.md "a37735981e7704886ffd590565582dd0")