   ->  Hash Join  (cost=5256.25..16129947.57 rows=4910580 width=16)  
         Hash Cond: (a_log.id = a.id)  
         ->  Seq Scan on a_log  (cost=0.00..12325584.56 rows=1000000256 width=20)  
         ->  Hash  (cost=5250.00..5250.00 rows=500 width=4)  
               ->  Seq Scan on a  (cost=0.00..5250.00 rows=500 width=4)  
                     Filter: (tag @> '{1}'::integer[])  
(7 rows)  
```  
2、非并行透视查询耗时，约115秒。  
```  
postgres=# select sum(c1), avg(c2), min(c3), max(c4) from a_log join a on (a_log.id=a.id and a.tag @> array[1]);  
    sum    |         avg          | min | max   
-----------+----------------------+-----+-----  
 787224592 | 249.9961077211050058 |   0 | 500  
(1 row)  
Time: 115492.869 ms (01:55.493)  
```  
## 小结  
产品 | 记录数 | 空间占用  
---|---|---  
HDB PG 列存+压缩 | 10亿(11列) | 19 GB  
PG 10 堆表 | 10亿(11列) | 71 GB  
产品 | 并行度、计算节点数 | JOIN+数组过滤+透视 耗时  
---|---|---  
HDB PG | 48 | 6秒  
PG 10 | 32 | 4.5秒  
PG 10 | 1 | 115秒  
### Greenplum和PostgreSQL两个产品的特色
1、PostgreSQL 10 适合以10TB ~ 100TB，OLTP为主，OLAP为辅的场景。与Oracle覆盖的场景非常类似。  
兼容SQL:2011，百万+级tpmC。  
支持多核并行计算。  
支持可读写的OSS对象存储外部表。  
支持常用类型、扩展数据类型：JSON(B)、Hstore(KV), PostGIS空间数据库、pgrouting(路由,图式搜索)、数组、ltree树类型、HLL估值类型, smlar, imgsmlr等。  
支持SQL流计算插件  
支持时序插件  
支持btree, hash, gin, gist, sp-gist, bloom, brin等索引。  
支持plpgsql, sql服务端编程。  
支持分析型语法（多维计算、窗口查询）、递归查询(树形查询、图式搜索、等场景)。支持文本全文检索、模糊查询、相似查询、正则查询。支持数组相似查询，图像相似查询。  
1\.1 适合业务场景：  
```  
 TB+级OLTP(在线事务处理)+OLAP(实时分析)。  
 模糊查询、相似搜索、正则搜索  
 全文检索  
 物联网  
 流式数据处理  
 社交  
 图式搜索  
 独立事件分析  
 冷热分离  
 异步消息  
 多值类型、图像特征值 相似搜索  
 实时数据清洗  
 GIS应用  
 任意字段实时搜索  
 ... ...
```  
1\.2 主打：功能、稳定性、性能、高可用、可靠性、Oracle兼容性、HTAP。  
2、HybridDB for PostgreSQL(Greenplum开源版GPDB改进而来) 适合PB级实时OLAP，非常典型的海量数仓。  
兼容SQL:2008，兼容TPC-H，TPC-DS。有数十年的商业化历练经验。  
支持可读写的OSS对象存储外部表  
支持常用类型、扩展数据类型：JSON、PostGIS空间数据库、数组、HLL估值类型。  
支持bitmap, hash, btree索引。  
支持pljava服务端编程。  
支持分析型语法（多维计算、窗口查询、MADlib机器学习）、支持全文检索语法。  
支持列存储、行存储、压缩、混合存储。  
支持4阶段聚合，支持节点间自动重分布。  
支持水平扩容。  
2\.1 适合业务场景：  
PB+级实时分析。（传统统计；时间、空间、属性多维属性透视、圈人；任意表、任意维度JOIN；）  
2\.2 主打：分析型SQL兼容性、功能、稳定性、性能、高可用、扩展性。  
#### [PostgreSQL 许愿链接](https://github.com/digoal/blog/issues/76 "269ac3d1c492e938c0191101c7238216")
您的愿望将传达给PG kernel hacker、数据库厂商等, 帮助提高数据库产品质量和功能, 说不定下一个PG版本就有您提出的功能点. 针对非常好的提议，奖励限量版PG文化衫、纪念品、贴纸、PG热门书籍等，奖品丰富，快来许愿。[开不开森](https://github.com/digoal/blog/issues/76 "269ac3d1c492e938c0191101c7238216").  
#### [9.9元购买3个月阿里云RDS PostgreSQL实例](https://www.aliyun.com/database/postgresqlactivity "57258f76c37864c6e6d23383d05714ea")
#### [PostgreSQL 解决方案集合](https://yq.aliyun.com/topic/118 "40cff096e9ed7122c512b35d8561d9c8")
#### [德哥 / digoal's github - 公益是一辈子的事.](https://github.com/digoal/blog/blob/master/README.md "22709685feb7cab07d30f30387f0a9ae")
![digoal's wechat](../pic/digoal_weixin.jpg "f7ad92eeba24523fd47a6e1a0e691b59")
#### [PolarDB 学习图谱: 训练营、培训认证、在线互动实验、解决方案、生态合作、写心得拿奖品](https://www.aliyun.com/database/openpolardb/activity "8642f60e04ed0c814bf9cb9677976bd4")
#### [购买PolarDB云服务折扣活动进行中, 55元起](https://www.aliyun.com/activity/new/polardb-yunparter?userCode=bsb3t4al "e0495c413bedacabb75ff1e880be465a")
#### [About 德哥](https://github.com/digoal/blog/blob/master/me/readme.md "a37735981e7704886ffd590565582dd0")