) as t;  
                                   QUERY PLAN                                      
---------------------------------------------------------------------------------  
 Append  (cost=4315254.06..41081439.89 rows=24 width=8)  
   ->  Aggregate  (cost=4315254.06..4315254.07 rows=1 width=8)  
         ->  Foreign Scan on ft0  (cost=0.00..4211087.40 rows=41666664 width=0)  
               Foreign File: /data01/digoal/pg_root8001/file1  
               Foreign File Size: 363888891 b  
   ->  Aggregate  (cost=1598529.79..1598529.80 rows=1 width=8)  
         ->  Foreign Scan on ft1  (cost=0.00..1560624.70 rows=15162037 width=0)  
               Foreign File: /data01/digoal/pg_root8001/file1  
               Foreign File Size: 363888891 b  
   ->  Aggregate  (cost=1598529.79..1598529.80 rows=1 width=8)  
         ->  Foreign Scan on ft2  (cost=0.00..1560624.70 rows=15162037 width=0)  
               Foreign File: /data01/digoal/pg_root8001/file1  
               Foreign File Size: 363888891 b  
   ->  Aggregate  (cost=1598529.79..1598529.80 rows=1 width=8)  
         ->  Foreign Scan on ft3  (cost=0.00..1560624.70 rows=15162037 width=0)  
               Foreign File: /data01/digoal/pg_root8001/file1  
               Foreign File Size: 363888891 b  
   ->  Aggregate  (cost=1598529.79..1598529.80 rows=1 width=8)  
         ->  Foreign Scan on ft4  (cost=0.00..1560624.70 rows=15162037 width=0)  
               Foreign File: /data01/digoal/pg_root8001/file1  
               Foreign File Size: 363888891 b  
   ->  Aggregate  (cost=1598529.79..1598529.80 rows=1 width=8)  
         ->  Foreign Scan on ft5  (cost=0.00..1560624.70 rows=15162037 width=0)  
               Foreign File: /data01/digoal/pg_root8001/file1  
               Foreign File Size: 363888891 b  
   ->  Aggregate  (cost=1598529.79..1598529.80 rows=1 width=8)  
         ->  Foreign Scan on ft6  (cost=0.00..1560624.70 rows=15162037 width=0)  
               Foreign File: /data01/digoal/pg_root8001/file1  
               Foreign File Size: 363888891 b  
   ->  Aggregate  (cost=1598529.79..1598529.80 rows=1 width=8)  
         ->  Foreign Scan on ft7  (cost=0.00..1560624.70 rows=15162037 width=0)  
               Foreign File: /data01/digoal/pg_root8001/file1  
               Foreign File Size: 363888891 b  
   ->  Aggregate  (cost=1598529.79..1598529.80 rows=1 width=8)  
         ->  Foreign Scan on ft8  (cost=0.00..1560624.70 rows=15162037 width=0)  
               Foreign File: /data01/digoal/pg_root8001/file1  
               Foreign File Size: 363888891 b  
   ->  Aggregate  (cost=1598529.79..1598529.80 rows=1 width=8)  
         ->  Foreign Scan on ft9  (cost=0.00..1560624.70 rows=15162037 width=0)  
               Foreign File: /data01/digoal/pg_root8001/file1  
               Foreign File Size: 363888891 b  
   ->  Aggregate  (cost=1598529.79..1598529.80 rows=1 width=8)  
         ->  Foreign Scan on ft10  (cost=0.00..1560624.70 rows=15162037 width=0)  
               Foreign File: /data01/digoal/pg_root8001/file1  
               Foreign File Size: 363888891 b  
   ->  Aggregate  (cost=1598529.79..1598529.80 rows=1 width=8)  
         ->  Foreign Scan on ft11  (cost=0.00..1560624.70 rows=15162037 width=0)  
               Foreign File: /data01/digoal/pg_root8001/file1  
               Foreign File Size: 363888891 b  
   ->  Aggregate  (cost=1598529.79..1598529.80 rows=1 width=8)  
         ->  Foreign Scan on ft12  (cost=0.00..1560624.70 rows=15162037 width=0)  
               Foreign File: /data01/digoal/pg_root8001/file1  
               Foreign File Size: 363888891 b  
   ->  Aggregate  (cost=1598529.79..1598529.80 rows=1 width=8)  
         ->  Foreign Scan on ft13  (cost=0.00..1560624.70 rows=15162037 width=0)  
               Foreign File: /data01/digoal/pg_root8001/file1  
               Foreign File Size: 363888891 b  
   ->  Aggregate  (cost=1598529.79..1598529.80 rows=1 width=8)  
         ->  Foreign Scan on ft14  (cost=0.00..1560624.70 rows=15162037 width=0)  
               Foreign File: /data01/digoal/pg_root8001/file1  
               Foreign File Size: 363888891 b  
   ->  Aggregate  (cost=1598529.79..1598529.80 rows=1 width=8)  
         ->  Foreign Scan on ft15  (cost=0.00..1560624.70 rows=15162037 width=0)  
               Foreign File: /data01/digoal/pg_root8001/file1  
               Foreign File Size: 363888891 b  
   ->  Aggregate  (cost=1598529.79..1598529.80 rows=1 width=8)  
         ->  Foreign Scan on ft16  (cost=0.00..1560624.70 rows=15162037 width=0)  
               Foreign File: /data01/digoal/pg_root8001/file1  
               Foreign File Size: 363888891 b  
   ->  Aggregate  (cost=1598529.79..1598529.80 rows=1 width=8)  
         ->  Foreign Scan on ft17  (cost=0.00..1560624.70 rows=15162037 width=0)  
               Foreign File: /data01/digoal/pg_root8001/file1  
               Foreign File Size: 363888891 b  
   ->  Aggregate  (cost=1598529.79..1598529.80 rows=1 width=8)  
         ->  Foreign Scan on ft18  (cost=0.00..1560624.70 rows=15162037 width=0)  
               Foreign File: /data01/digoal/pg_root8001/file1  
               Foreign File Size: 363888891 b  
   ->  Aggregate  (cost=1598529.79..1598529.80 rows=1 width=8)  
         ->  Foreign Scan on ft19  (cost=0.00..1560624.70 rows=15162037 width=0)  
               Foreign File: /data01/digoal/pg_root8001/file1  
               Foreign File Size: 363888891 b  
   ->  Aggregate  (cost=1598529.79..1598529.80 rows=1 width=8)  
         ->  Foreign Scan on ft20  (cost=0.00..1560624.70 rows=15162037 width=0)  
               Foreign File: /data01/digoal/pg_root8001/file1  
               Foreign File Size: 363888891 b  
   ->  Aggregate  (cost=1598529.79..1598529.80 rows=1 width=8)  
         ->  Foreign Scan on ft21  (cost=0.00..1560624.70 rows=15162037 width=0)  
               Foreign File: /data01/digoal/pg_root8001/file1  
               Foreign File Size: 363888891 b  
   ->  Aggregate  (cost=1598529.79..1598529.80 rows=1 width=8)  
         ->  Foreign Scan on ft22  (cost=0.00..1560624.70 rows=15162037 width=0)  
               Foreign File: /data01/digoal/pg_root8001/file1  
               Foreign File Size: 363888891 b  
   ->  Aggregate  (cost=1598529.79..1598529.80 rows=1 width=8)  
         ->  Foreign Scan on ft23  (cost=0.00..1560624.70 rows=15162037 width=0)  
               Foreign File: /data01/digoal/pg_root8001/file1  
               Foreign File Size: 363888891 b  
(97 rows)  
  count     
----------  
 41666666  
 41666666  
 41666666  
 41666666  
 41666666  
 41666666  
 41666666  
 41666666  
 41666666  
 41666666  
 41666666  
 41666666  
 41666666  
 41666666  
 41666666  
 41666666  
 41666666  
 41666666  
 41666666  
 41666666  
 41666666  
 41666666  
 41666666  
 41666666  
(24 rows)  
Time: 165555.591 ms (02:45.556)  
```                          
### 2、开启并行，耗时： 7.8 秒 , 27.8 秒。                                         
```               
postgres=# set max_parallel_workers_per_gather =24;                
postgres=# set enable_parallel_append =on;     
db5=# explain verbose /*+ Parallel(ft 24 hard) */ select count(*) from ft;  
DEBUG:  pg_hint_plan:  
used hint:  
Parallel(ft 24 hard)  
not used hint:  
duplication hint:  
error hint:  
                                             QUERY PLAN                                               
----------------------------------------------------------------------------------------------------  
 Finalize Aggregate  (cost=195196.81..195196.82 rows=1 width=8)  
   Output: count(*)  
   ->  Gather  (cost=195196.74..195196.75 rows=24 width=8)  
         Output: (PARTIAL count(*))  
         Workers Planned: 24  
         ->  Partial Aggregate  (cost=195196.74..195196.75 rows=1 width=8)  
               Output: PARTIAL count(*)  
               ->  Parallel Append  (cost=0.00..0.00 rows=78078694 width=0)  
                     ->  Foreign Scan on public.ft0  (cost=0.00..4211087.40 rows=41666664 width=0)  
                           Foreign File: /data01/digoal/pg_root8001/file1  
                           Foreign File Size: 363888891 b  
                     ->  Foreign Scan on public.ft1  (cost=0.00..1560624.70 rows=15162037 width=0)  
                           Foreign File: /data01/digoal/pg_root8001/file1  
                           Foreign File Size: 363888891 b  
                     ->  Foreign Scan on public.ft2  (cost=0.00..1560624.70 rows=15162037 width=0)  
                           Foreign File: /data01/digoal/pg_root8001/file1  
                           Foreign File Size: 363888891 b  
                     ->  Foreign Scan on public.ft3  (cost=0.00..1560624.70 rows=15162037 width=0)  
                           Foreign File: /data01/digoal/pg_root8001/file1  
                           Foreign File Size: 363888891 b  
                     ->  Foreign Scan on public.ft4  (cost=0.00..1560624.70 rows=15162037 width=0)  
                           Foreign File: /data01/digoal/pg_root8001/file1  
                           Foreign File Size: 363888891 b  
                     ->  Foreign Scan on public.ft5  (cost=0.00..1560624.70 rows=15162037 width=0)  
                           Foreign File: /data01/digoal/pg_root8001/file1  
                           Foreign File Size: 363888891 b  
                     ->  Foreign Scan on public.ft6  (cost=0.00..1560624.70 rows=15162037 width=0)  
                           Foreign File: /data01/digoal/pg_root8001/file1  
                           Foreign File Size: 363888891 b  
                     ->  Foreign Scan on public.ft7  (cost=0.00..1560624.70 rows=15162037 width=0)  
                           Foreign File: /data01/digoal/pg_root8001/file1  
                           Foreign File Size: 363888891 b  
                     ->  Foreign Scan on public.ft8  (cost=0.00..1560624.70 rows=15162037 width=0)  
                           Foreign File: /data01/digoal/pg_root8001/file1  
                           Foreign File Size: 363888891 b  
                     ->  Foreign Scan on public.ft9  (cost=0.00..1560624.70 rows=15162037 width=0)  
                           Foreign File: /data01/digoal/pg_root8001/file1  
                           Foreign File Size: 363888891 b  
                     ->  Foreign Scan on public.ft10  (cost=0.00..1560624.70 rows=15162037 width=0)  
                           Foreign File: /data01/digoal/pg_root8001/file1  
                           Foreign File Size: 363888891 b  
                     ->  Foreign Scan on public.ft11  (cost=0.00..1560624.70 rows=15162037 width=0)  
                           Foreign File: /data01/digoal/pg_root8001/file1  
                           Foreign File Size: 363888891 b  
                     ->  Foreign Scan on public.ft12  (cost=0.00..1560624.70 rows=15162037 width=0)  
                           Foreign File: /data01/digoal/pg_root8001/file1  
                           Foreign File Size: 363888891 b  
                     ->  Foreign Scan on public.ft13  (cost=0.00..1560624.70 rows=15162037 width=0)  
                           Foreign File: /data01/digoal/pg_root8001/file1  
                           Foreign File Size: 363888891 b  
                     ->  Foreign Scan on public.ft14  (cost=0.00..1560624.70 rows=15162037 width=0)  
                           Foreign File: /data01/digoal/pg_root8001/file1  
                           Foreign File Size: 363888891 b  
                     ->  Foreign Scan on public.ft15  (cost=0.00..1560624.70 rows=15162037 width=0)  
                           Foreign File: /data01/digoal/pg_root8001/file1  
                           Foreign File Size: 363888891 b  
                     ->  Foreign Scan on public.ft16  (cost=0.00..1560624.70 rows=15162037 width=0)  
                           Foreign File: /data01/digoal/pg_root8001/file1  
                           Foreign File Size: 363888891 b  
                     ->  Foreign Scan on public.ft17  (cost=0.00..1560624.70 rows=15162037 width=0)  
                           Foreign File: /data01/digoal/pg_root8001/file1  
                           Foreign File Size: 363888891 b  
                     ->  Foreign Scan on public.ft18  (cost=0.00..1560624.70 rows=15162037 width=0)  
                           Foreign File: /data01/digoal/pg_root8001/file1  
                           Foreign File Size: 363888891 b  
                     ->  Foreign Scan on public.ft19  (cost=0.00..1560624.70 rows=15162037 width=0)  
                           Foreign File: /data01/digoal/pg_root8001/file1  
                           Foreign File Size: 363888891 b  
                     ->  Foreign Scan on public.ft20  (cost=0.00..1560624.70 rows=15162037 width=0)  
                           Foreign File: /data01/digoal/pg_root8001/file1  
                           Foreign File Size: 363888891 b  
                     ->  Foreign Scan on public.ft21  (cost=0.00..1560624.70 rows=15162037 width=0)  
                           Foreign File: /data01/digoal/pg_root8001/file1  
                           Foreign File Size: 363888891 b  
                     ->  Foreign Scan on public.ft22  (cost=0.00..1560624.70 rows=15162037 width=0)  
                           Foreign File: /data01/digoal/pg_root8001/file1  
                           Foreign File Size: 363888891 b  
                     ->  Foreign Scan on public.ft23  (cost=0.00..1560624.70 rows=15162037 width=0)  
                           Foreign File: /data01/digoal/pg_root8001/file1  
                           Foreign File Size: 363888891 b  
                     ->  Seq Scan on public.ft  (cost=0.00..0.00 rows=1 width=0)  
(81 rows)  
/*+ Parallel(ft 24 hard) */ select count(*) from ft;  
   count     
-----------  
 999999984  
(1 row)  
Time: 7779.985 ms (00:07.780)  
db5=# explain verbose select sum(count) from (                                   
select count(*) from ft0 union all     
select count(*) from ft1 union all     
select count(*) from ft2 union all     
select count(*) from ft3 union all     
select count(*) from ft4 union all     
select count(*) from ft5 union all     
select count(*) from ft6 union all     
select count(*) from ft7 union all     
select count(*) from ft8 union all     
select count(*) from ft9 union all     
select count(*) from ft10 union all     
select count(*) from ft11 union all     
select count(*) from ft12 union all     
select count(*) from ft13 union all     
select count(*) from ft14 union all     
select count(*) from ft15 union all     
select count(*) from ft16 union all     
select count(*) from ft17 union all     
select count(*) from ft18 union all     
select count(*) from ft19 union all     
select count(*) from ft20 union all     
select count(*) from ft21 union all     
select count(*) from ft22 union all     
select count(*) from ft23               
) as t;  
                                          QUERY PLAN                                            
----------------------------------------------------------------------------------------------  
 Gather  (cost=1598529.79..9110843.52 rows=24 width=8)  
   Output: (count(*))  
   Workers Planned: 5  
   ->  Parallel Append  (cost=1598529.79..9110843.52 rows=1 width=8)  
         ->  Aggregate  (cost=4315254.06..4315254.07 rows=1 width=8)  
               Output: count(*)  
               ->  Foreign Scan on public.ft0  (cost=0.00..4211087.40 rows=41666664 width=0)  
                     Output: ft0.i  
                     Foreign File: /data01/digoal/pg_root8001/file1  
                     Foreign File Size: 363888891 b  
         ->  Aggregate  (cost=1598529.79..1598529.80 rows=1 width=8)  
               Output: count(*)  
               ->  Foreign Scan on public.ft1  (cost=0.00..1560624.70 rows=15162037 width=0)  
                     Output: ft1.i  
                     Foreign File: /data01/digoal/pg_root8001/file1  
                     Foreign File Size: 363888891 b  
         ->  Aggregate  (cost=1598529.79..1598529.80 rows=1 width=8)  
               Output: count(*)  
               ->  Foreign Scan on public.ft2  (cost=0.00..1560624.70 rows=15162037 width=0)  
                     Output: ft2.i  
                     Foreign File: /data01/digoal/pg_root8001/file1  
                     Foreign File Size: 363888891 b  
         ->  Aggregate  (cost=1598529.79..1598529.80 rows=1 width=8)  
               Output: count(*)  
               ->  Foreign Scan on public.ft3  (cost=0.00..1560624.70 rows=15162037 width=0)  
                     Output: ft3.i  
                     Foreign File: /data01/digoal/pg_root8001/file1  
                     Foreign File Size: 363888891 b  
         ->  Aggregate  (cost=1598529.79..1598529.80 rows=1 width=8)  
               Output: count(*)  
               ->  Foreign Scan on public.ft4  (cost=0.00..1560624.70 rows=15162037 width=0)  