postgres=# select * from pg_query_state(36918,true,true,true,true,true);
INFO:  00000: state of backend is idle
LOCATION:  pg_query_state, pg_query_state.c:552
(0 rows)
```
观察进度例子3  
来一个嵌套循环  
```
postgres=# set enable_mergejoin=off;
SET
postgres=# set enable_hashjoin=off;
SET
session a
postgres=# select * from sbtest t1 join sbtest t2 on (t1.id=t2.id);
session b
postgres=# select * from pg_query_state(36918,true,true,true,true,true);
-[ RECORD 1 ]+---------------------------------------------------------------------------------------------------------------------------------------------------------------------------------------------------------------
pid          | 36918
frame_number | 0
query_text   | select * from sbtest t1 join sbtest t2 on (t1.id=t2.id);
plan         | Nested Loop  (cost=0.43..8236166.16 rows=15535467 width=380) (Current loop: actual time=0.019..1297.191 rows=520855, loop number=1)                                                                           +
             |   Output: t1.id, t1.k, t1.c, t1.pad, t2.id, t2.k, t2.c, t2.pad                                                                                                                                                +
             |   Buffers: shared hit=2101162 read=6                                                                                                                                                                          +
             |   ->  Seq Scan on public.sbtest t1  (cost=0.00..575579.67 rows=15535467 width=190) (Current loop: actual time=0.005..58.232 rows=520855, loop number=1)                                                       +
             |         Output: t1.id, t1.k, t1.c, t1.pad                                                                                                                                                                     +
             |         Buffers: shared hit=14078                                                                                                                                                                             +
             |   ->  Index Scan using pk_sbtest_id on public.sbtest t2  (cost=0.43..0.48 rows=1 width=190) (actual time=0.002..0.002 rows=1 loops=520854) (Current loop: actual time=0.004..0.004 rows=1, loop number=520855)+
             |         Output: t2.id, t2.k, t2.c, t2.pad                                                                                                                                                                     +
             |         Index Cond: (t2.id = t1.id)                                                                                                                                                                           +
             |         Buffers: shared hit=2087084 read=6
leader_pid   | 
postgres=# select * from pg_query_state(36918,true,true,true,true,true);
-[ RECORD 1 ]+-----------------------------------------------------------------------------------------------------------------------------------------------------------------------------------------------------------------
pid          | 36918
frame_number | 0
query_text   | select * from sbtest t1 join sbtest t2 on (t1.id=t2.id);
plan         | Nested Loop  (cost=0.43..8236166.16 rows=15535467 width=380) (Current loop: actual time=0.019..2879.993 rows=1280640, loop number=1)                                                                            +
             |   Output: t1.id, t1.k, t1.c, t1.pad, t2.id, t2.k, t2.c, t2.pad                                                                                                                                                  +
             |   Buffers: shared hit=5166184 read=15                                                                                                                                                                           +
             |   ->  Seq Scan on public.sbtest t1  (cost=0.00..575579.67 rows=15535467 width=190) (Current loop: actual time=0.005..131.568 rows=1280640, loop number=1)                                                       +
             |         Output: t1.id, t1.k, t1.c, t1.pad                                                                                                                                                                       +
             |         Buffers: shared hit=34612                                                                                                                                                                               +
             |   ->  Index Scan using pk_sbtest_id on public.sbtest t2  (cost=0.43..0.48 rows=1 width=190) (actual time=0.001..0.002 rows=1 loops=1280639) (Current loop: actual time=0.001..0.001 rows=1, loop number=1280640)+
             |         Output: t2.id, t2.k, t2.c, t2.pad                                                                                                                                                                       +
             |         Index Cond: (t2.id = t1.id)                                                                                                                                                                             +
             |         Buffers: shared hit=5131572 read=15
leader_pid   | 
```
观察进度例子4   
来一个并行查询  
```
session a
postgres=# set max_parallel_workers_per_gather =4;
SET
postgres=# set force_parallel_mode =on;
SET
postgres=# select * from sbtest t1 join sbtest t2 on (t1.id=t2.id);
session b
postgres=# select * from pg_query_state(36918,true,true,true,true,true);
-[ RECORD 1 ]+---------------------------------------------------------------------------------------------------------------------------------------------------------------------------------------------------------------
pid          | 36918
frame_number | 0
query_text   | select * from sbtest t1 join sbtest t2 on (t1.id=t2.id);
plan         | Nested Loop  (cost=0.43..8236166.16 rows=15535467 width=380) (Current loop: actual time=0.019..1297.191 rows=520855, loop number=1)                                                                           +
             |   Output: t1.id, t1.k, t1.c, t1.pad, t2.id, t2.k, t2.c, t2.pad                                                                                                                                                +
             |   Buffers: shared hit=2101162 read=6                                                                                                                                                                          +
             |   ->  Seq Scan on public.sbtest t1  (cost=0.00..575579.67 rows=15535467 width=190) (Current loop: actual time=0.005..58.232 rows=520855, loop number=1)                                                       +
             |         Output: t1.id, t1.k, t1.c, t1.pad                                                                                                                                                                     +
             |         Buffers: shared hit=14078                                                                                                                                                                             +
             |   ->  Index Scan using pk_sbtest_id on public.sbtest t2  (cost=0.43..0.48 rows=1 width=190) (actual time=0.002..0.002 rows=1 loops=520854) (Current loop: actual time=0.004..0.004 rows=1, loop number=520855)+
             |         Output: t2.id, t2.k, t2.c, t2.pad                                                                                                                                                                     +
             |         Index Cond: (t2.id = t1.id)                                                                                                                                                                           +
             |         Buffers: shared hit=2087084 read=6
leader_pid   | 
postgres=# select * from pg_query_state(36918,true,true,true,true,true);
-[ RECORD 1 ]+-----------------------------------------------------------------------------------------------------------------------------------------------------------------------------------------------------------------
pid          | 36918
frame_number | 0
query_text   | select * from sbtest t1 join sbtest t2 on (t1.id=t2.id);
plan         | Nested Loop  (cost=0.43..8236166.16 rows=15535467 width=380) (Current loop: actual time=0.019..2879.993 rows=1280640, loop number=1)                                                                            +
             |   Output: t1.id, t1.k, t1.c, t1.pad, t2.id, t2.k, t2.c, t2.pad                                                                                                                                                  +
             |   Buffers: shared hit=5166184 read=15                                                                                                                                                                           +
             |   ->  Seq Scan on public.sbtest t1  (cost=0.00..575579.67 rows=15535467 width=190) (Current loop: actual time=0.005..131.568 rows=1280640, loop number=1)                                                       +
             |         Output: t1.id, t1.k, t1.c, t1.pad                                                                                                                                                                       +
             |         Buffers: shared hit=34612                                                                                                                                                                               +
             |   ->  Index Scan using pk_sbtest_id on public.sbtest t2  (cost=0.43..0.48 rows=1 width=190) (actual time=0.001..0.002 rows=1 loops=1280639) (Current loop: actual time=0.001..0.001 rows=1, loop number=1280640)+
             |         Output: t2.id, t2.k, t2.c, t2.pad                                                                                                                                                                       +
             |         Index Cond: (t2.id = t1.id)                                                                                                                                                                             +
             |         Buffers: shared hit=5131572 read=15
leader_pid   | 
postgres=# select * from pg_query_state(36918,true,true,true,true,true);
-[ RECORD 1 ]+----------------------------------------------------------------------------------------------------------------------------------------------------------
pid          | 36918
frame_number | 0
query_text   | select * from sbtest t1 join sbtest t2 on (t1.id=t2.id);
plan         | Nested Loop  (cost=0.43..8236166.16 rows=15535467 width=380) (Current loop: actual time=0.019..4281.219 rows=1948809, loop number=1)                     +
             |   Output: t1.id, t1.k, t1.c, t1.pad, t2.id, t2.k, t2.c, t2.pad                                                                                           +
             |   Buffers: shared hit=7861798 read=24                                                                                                                    +
             |   ->  Seq Scan on public.sbtest t1  (cost=0.00..575579.67 rows=15535467 width=190) (Current loop: actual time=0.005..196.114 rows=1948810, loop number=1)+
             |         Output: t1.id, t1.k, t1.c, t1.pad                                                                                                                +
             |         Buffers: shared hit=52671                                                                                                                        +
             |   ->  Index Scan using pk_sbtest_id on public.sbtest t2  (cost=0.43..0.48 rows=1 width=190) (actual time=0.001..0.002 rows=1 loops=1948809)              +
             |         Output: t2.id, t2.k, t2.c, t2.pad                                                                                                                +
             |         Index Cond: (t2.id = t1.id)                                                                                                                      +
             |         Buffers: shared hit=7809127 read=24
leader_pid   | 
postgres=# select * from pg_query_state(36918,true,true,true,true,true);
-[ RECORD 1 ]+-----------------------------------------------------------------------------------------------------------------------------------------------------------------------------------------------------------------
pid          | 36918
frame_number | 0
query_text   | select * from sbtest t1 join sbtest t2 on (t1.id=t2.id);
plan         | Gather  (cost=0.43..2374210.41 rows=15535467 width=380) (Current loop: actual time=0.247..422.093 rows=1214899, loop number=1)                                                                                  +
             |   Output: t1.id, t1.k, t1.c, t1.pad, t2.id, t2.k, t2.c, t2.pad                                                                                                                                                  +
             |   Workers Planned: 4                                                                                                                                                                                            +
             |   Workers Launched: 4                                                                                                                                                                                           +
             |   Buffers: shared hit=5074                                                                                                                                                                                      +
             |   ->  Nested Loop  (cost=0.43..2374210.41 rows=15535467 width=380) (Current loop: actual time=0.016..2.697 rows=1258, loop number=1)                                                                            +
             |         Output: t1.id, t1.k, t1.c, t1.pad, t2.id, t2.k, t2.c, t2.pad                                                                                                                                            +
             |         Buffers: shared hit=5074                                                                                                                                                                                +
             |         ->  Parallel Seq Scan on public.sbtest t1  (cost=0.00..459063.67 rows=3883867 width=190) (Current loop: actual time=0.003..0.132 rows=1258, loop number=1)                                              +
             |               Output: t1.id, t1.k, t1.c, t1.pad                                                                                                                                                                 +
             |               Buffers: shared hit=34                                                                                                                                                                            +
             |         ->  Index Scan using pk_sbtest_id on public.sbtest t2  (cost=0.43..0.48 rows=1 width=190) (actual time=0.001..0.002 rows=1 loops=1257) (Current loop: actual time=0.002..0.002 rows=1, loop number=1258)+
             |               Output: t2.id, t2.k, t2.c, t2.pad                                                                                                                                                                 +
             |               Index Cond: (t2.id = t1.id)                                                                                                                                                                       +
             |               Buffers: shared hit=5040
leader_pid   | 
-[ RECORD 2 ]+-----------------------------------------------------------------------------------------------------------------------------------------------------------------------------------------------------------------
pid          | 37973
frame_number | 0
query_text   | 
plan         | Nested Loop  (cost=0.43..2374210.41 rows=15535467 width=380) (Current loop: actual time=0.015..734.275 rows=316572, loop number=1)                                                                              +
             |   Output: t1.id, t1.k, t1.c, t1.pad, t2.id, t2.k, t2.c, t2.pad                                                                                                                                                  +
             |   Buffers: shared hit=1277149                                                                                                                                                                                   +
             |   ->  Parallel Seq Scan on public.sbtest t1  (cost=0.00..459063.67 rows=3883867 width=190) (Current loop: actual time=0.004..32.660 rows=316573, loop number=1)                                                 +
             |         Output: t1.id, t1.k, t1.c, t1.pad                                                                                                                                                                       +
             |         Buffers: shared hit=8557                                                                                                                                                                                +
             |   ->  Index Scan using pk_sbtest_id on public.sbtest t2  (cost=0.43..0.48 rows=1 width=190) (actual time=0.002..0.002 rows=1 loops=316572)                                                                      +
             |         Output: t2.id, t2.k, t2.c, t2.pad                                                                                                                                                                       +
             |         Index Cond: (t2.id = t1.id)                                                                                                                                                                             +
             |         Buffers: shared hit=1268593
leader_pid   | 36918
-[ RECORD 3 ]+-----------------------------------------------------------------------------------------------------------------------------------------------------------------------------------------------------------------
pid          | 37972
frame_number | 0
query_text   | 
plan         | Nested Loop  (cost=0.43..2374210.41 rows=15535467 width=380) (Current loop: actual time=0.015..726.460 rows=307861, loop number=1)                                                                              +
             |   Output: t1.id, t1.k, t1.c, t1.pad, t2.id, t2.k, t2.c, t2.pad                                                                                                                                                  +
             |   Buffers: shared hit=1241821                                                                                                                                                                                   +
             |   ->  Parallel Seq Scan on public.sbtest t1  (cost=0.00..459063.67 rows=3883867 width=190) (Current loop: actual time=0.004..32.622 rows=307861, loop number=1)                                                 +
             |         Output: t1.id, t1.k, t1.c, t1.pad                                                                                                                                                                       +
             |         Buffers: shared hit=8321                                                                                                                                                                                +
             |   ->  Index Scan using pk_sbtest_id on public.sbtest t2  (cost=0.43..0.48 rows=1 width=190) (actual time=0.002..0.002 rows=1 loops=307860) (Current loop: actual time=0.002..0.002 rows=1, loop number=307861)  +
             |         Output: t2.id, t2.k, t2.c, t2.pad                                                                                                                                                                       +
             |         Index Cond: (t2.id = t1.id)                                                                                                                                                                             +
             |         Buffers: shared hit=1233500
leader_pid   | 36918
-[ RECORD 4 ]+-----------------------------------------------------------------------------------------------------------------------------------------------------------------------------------------------------------------
pid          | 37971
frame_number | 0
query_text   | 
plan         | Nested Loop  (cost=0.43..2374210.41 rows=15535467 width=380) (Current loop: actual time=0.015..719.893 rows=311324, loop number=1)                                                                              +
             |   Output: t1.id, t1.k, t1.c, t1.pad, t2.id, t2.k, t2.c, t2.pad                                                                                                                                                  +
             |   Buffers: shared hit=1255903                                                                                                                                                                                   +
             |   ->  Parallel Seq Scan on public.sbtest t1  (cost=0.00..459063.67 rows=3883867 width=190) (Current loop: actual time=0.005..32.527 rows=311324, loop number=1)                                                 +
             |         Output: t1.id, t1.k, t1.c, t1.pad                                                                                                                                                                       +
             |         Buffers: shared hit=8415                                                                                                                                                                                +
             |   ->  Index Scan using pk_sbtest_id on public.sbtest t2  (cost=0.43..0.48 rows=1 width=190) (actual time=0.002..0.002 rows=1 loops=311323) (Current loop: actual time=0.001..0.001 rows=1, loop number=311324)  +
             |         Output: t2.id, t2.k, t2.c, t2.pad                                                                                                                                                                       +
             |         Index Cond: (t2.id = t1.id)                                                                                                                                                                             +
             |         Buffers: shared hit=1247488
leader_pid   | 36918
-[ RECORD 5 ]+-----------------------------------------------------------------------------------------------------------------------------------------------------------------------------------------------------------------
pid          | 37970
frame_number | 0
query_text   | 
plan         | Nested Loop  (cost=0.43..2374210.41 rows=15535467 width=380) (Current loop: actual time=0.024..748.139 rows=278393, loop number=1)                                                                              +
             |   Output: t1.id, t1.k, t1.c, t1.pad, t2.id, t2.k, t2.c, t2.pad                                                                                                                                                  +
             |   Buffers: shared hit=1123109                                                                                                                                                                                   +
             |   ->  Parallel Seq Scan on public.sbtest t1  (cost=0.00..459063.67 rows=3883867 width=190) (Current loop: actual time=0.007..32.654 rows=278393, loop number=1)                                                 +
             |         Output: t1.id, t1.k, t1.c, t1.pad                                                                                                                                                                       +
             |         Buffers: shared hit=7525                                                                                                                                                                                +
             |   ->  Index Scan using pk_sbtest_id on public.sbtest t2  (cost=0.43..0.48 rows=1 width=190) (actual time=0.002..0.002 rows=1 loops=278392) (Current loop: actual time=0.004..0.004 rows=1, loop number=278393)  +
             |         Output: t2.id, t2.k, t2.c, t2.pad                                                                                                                                                                       +
             |         Index Cond: (t2.id = t1.id)                                                                                                                                                                             +
             |         Buffers: shared hit=1115584
leader_pid   | 36918
postgres=# select * from pg_query_state(36918,true,true,true,true,true);
-[ RECORD 1 ]+-----------------------------------------------------------------------------------------------------------------------------------------------------------------------------------------------------------------
pid          | 36918
frame_number | 0
query_text   | select * from sbtest t1 join sbtest t2 on (t1.id=t2.id);
plan         | Gather  (cost=0.43..2374210.41 rows=15535467 width=380) (Current loop: actual time=0.247..1465.785 rows=4177376, loop number=1)                                                                                 +
             |   Output: t1.id, t1.k, t1.c, t1.pad, t2.id, t2.k, t2.c, t2.pad                                                                                                                                                  +
             |   Workers Planned: 4                                                                                                                                                                                            +
             |   Workers Launched: 4                                                                                                                                                                                           +
             |   Buffers: shared hit=5074                                                                                                                                                                                      +
             |   ->  Nested Loop  (cost=0.43..2374210.41 rows=15535467 width=380) (Current loop: actual time=0.016..2.697 rows=1258, loop number=1)                                                                            +
             |         Output: t1.id, t1.k, t1.c, t1.pad, t2.id, t2.k, t2.c, t2.pad                                                                                                                                            +
             |         Buffers: shared hit=5074                                                                                                                                                                                +
             |         ->  Parallel Seq Scan on public.sbtest t1  (cost=0.00..459063.67 rows=3883867 width=190) (Current loop: actual time=0.003..0.132 rows=1258, loop number=1)                                              +
             |               Output: t1.id, t1.k, t1.c, t1.pad                                                                                                                                                                 +
             |               Buffers: shared hit=34                                                                                                                                                                            +
             |         ->  Index Scan using pk_sbtest_id on public.sbtest t2  (cost=0.43..0.48 rows=1 width=190) (actual time=0.001..0.002 rows=1 loops=1257) (Current loop: actual time=0.002..0.002 rows=1, loop number=1258)+
             |               Output: t2.id, t2.k, t2.c, t2.pad                                                                                                                                                                 +
             |               Index Cond: (t2.id = t1.id)                                                                                                                                                                       +
             |               Buffers: shared hit=5040
leader_pid   | 
-[ RECORD 2 ]+-----------------------------------------------------------------------------------------------------------------------------------------------------------------------------------------------------------------