Searching similar images in
PostgreSQL
Alexander Korotkov
NRNU MEPhI
PGCon 2013: Searching similar images in PostgreSQL, Alexander Korotkov 1
It works!
PGCon 2013: Searching similar images in PostgreSQL, Alexander Korotkov 2
It works!
PGCon 2013: Searching similar images in PostgreSQL, Alexander Korotkov 3
It works!
PGCon 2013: Searching similar images in PostgreSQL, Alexander Korotkov 4
It works!
PGCon 2013: Searching similar images in PostgreSQL, Alexander Korotkov 5
It works!
PGCon 2013: Searching similar images in PostgreSQL, Alexander Korotkov 6
It works!
PGCon 2013: Searching similar images in PostgreSQL, Alexander Korotkov 7
It works!
PGCon 2013: Searching similar images in PostgreSQL, Alexander Korotkov 8
Sometimes not so perfect...
PGCon 2013: Searching similar images in PostgreSQL, Alexander Korotkov 9
How it works?
Process images and create an index.
CREATE TABLE pat AS (
SELECT
id,
shuffle_pattern(pattern) AS pattern,
pattern2signature(pattern) AS signature
FROM (
SELECT
id,
jpeg2pattern(data) AS pattern
FROM
image
) x
);
CREATE INDEX pat_signature_idx ON pat USING gist (signature);
CREATE INDEX pat_id_idx ON pat(id);
PGCon 2013: Searching similar images in PostgreSQL, Alexander Korotkov 10
How it works?
Search similar images
SELECT
id,
smlr
FROM
(
SELECT
id,
pattern  (SELECT pattern FROM pat WHERE id = :id) AS smlr
FROM pat
WHERE id <> :id
ORDER BY
signature  (SELECT signature FROM pat WHERE id = :id)
LIMIT 100
) x
ORDER BY x.smlr ASC
LIMIT 10
PGCon 2013: Searching similar images in PostgreSQL, Alexander Korotkov 11
Query plan
Limit (cost=35.56..35.58 rows=10 width=8) (actual time=23.421..23.423 rows=10 loops=1)
-> Sort (cost=35.56..35.81 rows=100 width=8) (actual time=23.420..23.422 rows=10 loops=1)
Sort Key: x.smlr
Sort Method: top-N heapsort Memory: 25kB
-> Subquery Scan on x (cost=16.54..33.40 rows=100 width=8) (actual time=13.649..23.376 rows=100 loops=1)
-> Limit (cost=16.54..32.40 rows=100 width=100) (actual time=13.648..23.346 rows=100 loops=1)
InitPlan 1 (returns $0)
-> Index Scan using pat_id_idx on pat (cost=0.00..8.27 rows=1 width=32) (actual time=0.015..0.016 rows=1 loops=1)
Index Cond: (id = 1)
InitPlan 2 (returns $1)
-> Index Scan using pat_id_idx on pat (cost=0.00..8.27 rows=1 width=64) (actual time=0.039..0.040 rows=1 loops=1)
Index Cond: (id = 1)
-> Index Scan using pat_signature_idx on pat (cost=0.00..6354.33 rows=40081 width=100) (actual time=13.647..23.329 rows=100 loops=1)
Order By: (signature  $1)
Filter: (id <> 1)
Rows Removed by Filter: 1
Total runtime: 23.465 ms (40082 images)
PGCon 2013: Searching similar images in PostgreSQL, Alexander Korotkov 12
Internals
(bycicle invention)
Haar wavelet
B&W and resize p
a
t
t
e
r
n
2
s
i
g
n
a
jpeg2pattern
t
u
shuffle_pattern
r
e
PGCon 2013: Searching similar images in PostgreSQL, Alexander Korotkov 13
Thank you for attention!
PGCon 2013: Searching similar images in PostgreSQL, Alexander Korotkov 14